#!MLF!#
"/mnt/sdcard/pcm/800_Enc_NoWavHead/10map_route/10map_route_007_M098_coder.wav.pcm"
从庐阳区寿春路桥到金阳。
.
"/mnt/sdcard/pcm/800_Enc_NoWavHead/10map_route/10map_route_014_M099_coder.wav.pcm"
我这里到清澜路怎么去?
.
"/mnt/sdcard/pcm/800_Enc_NoWavHead/10map_route/10map_route_021_M101_coder.wav.pcm"
从我这里怎么去龙泉路?
.
"/mnt/sdcard/pcm/800_Enc_NoWavHead/10map_route/10map_route_028_M102_coder.wav.pcm"
从这里到三和,汽车修理有限公司如何去?
.
"/mnt/sdcard/pcm/800_Enc_NoWavHead/10map_route/10map_route_035_M071_coder.wav.pcm"
从这里到徽商银行三里庵支行ATM怎么去?
.
"/mnt/sdcard/pcm/800_Enc_NoWavHead/10map_route/10map_route_042_M073_coder.wav.pcm"
从这里去九龙路和翠微路交叉路口如何去?
.
"/mnt/sdcard/pcm/800_Enc_NoWavHead/10map_route/10map_route_049_M074_coder.wav.pcm"
从这里去抚州市金川大道怎么去?
.
"/mnt/sdcard/pcm/800_Enc_NoWavHead/10map_route/10map_route_056_M048_coder.wav.pcm"
从这里如何到坝上街?
.
"/mnt/sdcard/pcm/800_Enc_NoWavHead/10map_route/10map_route_063_M049_coder.wav.pcm"
从这里导航到四川省攀枝花市米易县米易县农牧局。
.
"/mnt/sdcard/pcm/800_Enc_NoWavHead/10map_route/10map_route_070_M050_coder.wav.pcm"
从这里怎么去和兴大厦?
.
"/mnt/sdcard/pcm/800_Enc_NoWavHead/10map_route/10map_route_077_M105_coder.wav.pcm"
从这里怎么到南环路新民超市?
.
"/mnt/sdcard/pcm/800_Enc_NoWavHead/10map_route/10map_route_084_F001_coder.wav.pcm"
从这里怎么去齐齐哈尔市?
.
"/mnt/sdcard/pcm/800_Enc_NoWavHead/10map_route/10map_route_091_F002_coder.wav.pcm"
如何去潜山县食品药品监督管理局?
.
"/mnt/sdcard/pcm/800_Enc_NoWavHead/10map_route/10map_route_098_F002_coder.wav.pcm"
洛阳市怎么去?
.
"/mnt/sdcard/pcm/800_Enc_NoWavHead/10map_route/10map_route_105_F003_coder.wav.pcm"
辽宁省鞍山市如何去?
.
"/mnt/sdcard/pcm/800_Enc_NoWavHead/10map_route/10map_route_112_F004_coder.wav.pcm"
到京口公交站。
.
"/mnt/sdcard/pcm/800_Enc_NoWavHead/10map_route/10map_route_119_F004_coder.wav.pcm"
到合肥市的舒城路小学。
.
"/mnt/sdcard/pcm/800_Enc_NoWavHead/10map_route/10map_route_126_F005_coder.wav.pcm"
到红府超市如何去?
.
"/mnt/sdcard/pcm/800_Enc_NoWavHead/10map_route/10map_route_133_F006_coder.wav.pcm"
去上南路德州路路口如何走?
.
"/mnt/sdcard/pcm/800_Enc_NoWavHead/10map_route/10map_route_140_F006_coder.wav.pcm"
去塘桥路。
.
"/mnt/sdcard/pcm/800_Enc_NoWavHead/10map_route/10map_route_147_F007_coder.wav.pcm"
去韶关市沙洲路如何走?
.
"/mnt/sdcard/pcm/800_Enc_NoWavHead/10map_route/10map_route_154_F008_coder.wav.pcm"
如何到上海市宝山区和盛园?
.
"/mnt/sdcard/pcm/800_Enc_NoWavHead/10map_route/10map_route_161_F009_coder.wav.pcm"
如何去上海市宝山区高境欣苑。
.
"/mnt/sdcard/pcm/800_Enc_NoWavHead/10map_route/10map_route_168_F009_coder.wav.pcm"
如何走才能到四川省德阳市旌阳区香山巷香山小区?
.
"/mnt/sdcard/pcm/800_Enc_NoWavHead/10map_route/10map_route_175_F010_coder.wav.pcm"
导航到安徽省合作化南路绿城百合公寓。
.
"/mnt/sdcard/pcm/800_Enc_NoWavHead/10map_route/10map_route_182_F011_coder.wav.pcm"
导航到胡适故居。
.
"/mnt/sdcard/pcm/800_Enc_NoWavHead/10map_route/10map_route_189_F011_coder.wav.pcm"
带我到庐州太太。
.
"/mnt/sdcard/pcm/800_Enc_NoWavHead/10map_route/10map_route_196_F012_coder.wav.pcm"
带我去北京市朝阳区云顶时尚台球俱乐部。
.
"/mnt/sdcard/pcm/800_Enc_NoWavHead/10map_route/10map_route_203_M001_coder.wav.pcm"
帮我导航到北京电影学院。
.
"/mnt/sdcard/pcm/800_Enc_NoWavHead/10map_route/10map_route_210_M001_coder.wav.pcm"
帮我查一下,从这里到北京北农路7号,北京农学院怎么走?
.
"/mnt/sdcard/pcm/800_Enc_NoWavHead/10map_route/10map_route_217_F013_coder.wav.pcm"
帮我查一下,从这里到龙帆路怎么走?
.
"/mnt/sdcard/pcm/800_Enc_NoWavHead/10map_route/10map_route_224_F014_coder.wav.pcm"
帮我查一下花冲公园到红豆网吧可以怎么走?
.
"/mnt/sdcard/pcm/800_Enc_NoWavHead/10map_route/10map_route_231_M002_coder.wav.pcm"
帮我查查从这里到安徽省怎么走?
.
"/mnt/sdcard/pcm/800_Enc_NoWavHead/10map_route/10map_route_238_M002_coder.wav.pcm"
帮我查查从这里去安通电子公司宿舍怎么走?
.
"/mnt/sdcard/pcm/800_Enc_NoWavHead/10map_route/10map_route_245_F015_coder.wav.pcm"
怎么走才能到胜利路和淮河路交叉路口?
.
"/mnt/sdcard/pcm/800_Enc_NoWavHead/10map_route/10map_route_252_F016_coder.wav.pcm"
我想到天地人科院该如何走?
.
"/mnt/sdcard/pcm/800_Enc_NoWavHead/10map_route/10map_route_259_F016_coder.wav.pcm"
我想到文园小区如何走。
.
"/mnt/sdcard/pcm/800_Enc_NoWavHead/10map_route/10map_route_266_M003_coder.wav.pcm"
我想到湘潭市五行饭庄怎么走?
.
"/mnt/sdcard/pcm/800_Enc_NoWavHead/10map_route/10map_route_273_F017_coder.wav.pcm"
我想去三河大酒店应该怎么走?
.
"/mnt/sdcard/pcm/800_Enc_NoWavHead/10map_route/10map_route_280_F017_coder.wav.pcm"
我想去五里墩邮政支局该如何走?
.
"/mnt/sdcard/pcm/800_Enc_NoWavHead/10map_route/10map_route_287_F018_coder.wav.pcm"
我想去周谷堆路和滨河路岔路口应该怎么走?
.
"/mnt/sdcard/pcm/800_Enc_NoWavHead/10map_route/10map_route_294_F019_coder.wav.pcm"
我想去远大路丰张线路口。
.
"/mnt/sdcard/pcm/800_Enc_NoWavHead/10map_route/10map_route_301_F019_coder.wav.pcm"
我想导航到合肥市敬亭山路。
.
"/mnt/sdcard/pcm/800_Enc_NoWavHead/10map_route/10map_route_308_F019_coder.wav.pcm"
我想开车到新乡市如何走。
.
"/mnt/sdcard/pcm/800_Enc_NoWavHead/10map_route/10map_route_315_F020_coder.wav.pcm"
我想开车去榆林市怎么走?
.
"/mnt/sdcard/pcm/800_Enc_NoWavHead/10map_route/10map_route_322_F020_coder.wav.pcm"
我想知道如何到枞阳路与和平路岔路口。
.
"/mnt/sdcard/pcm/800_Enc_NoWavHead/10map_route/10map_route_329_F020_coder.wav.pcm"
我想知道怎么到钼都路君山东路路口。
.
"/mnt/sdcard/pcm/800_Enc_NoWavHead/10map_route/10map_route_336_F021_coder.wav.pcm"
我要到农家小院该怎么走?
.
"/mnt/sdcard/pcm/800_Enc_NoWavHead/10map_route/10map_route_343_F021_coder.wav.pcm"
我要到闸北区信谊大药房岭南店。
.
"/mnt/sdcard/pcm/800_Enc_NoWavHead/10map_route/10map_route_350_F021_coder.wav.pcm"
我要去广东省揭阳市普宁市红鑫剪烫沐足城。
.
"/mnt/sdcard/pcm/800_Enc_NoWavHead/10map_route/10map_route_357_F021_coder.wav.pcm"
我要去闸北区彭浦清真饮食店。
.
"/mnt/sdcard/pcm/800_Enc_NoWavHead/10map_route/10map_route_364_M004_coder.wav.pcm"
我要如何走才能到百脑汇?
.
"/mnt/sdcard/pcm/800_Enc_NoWavHead/10map_route/10map_route_371_M004_coder.wav.pcm"
查一下从五里拐小学去宣城路要怎么走?
.
"/mnt/sdcard/pcm/800_Enc_NoWavHead/10map_route/10map_route_378_M004_coder.wav.pcm"
查一下从这里到庐阳饭店怎么去?
.
"/mnt/sdcard/pcm/800_Enc_NoWavHead/10map_route/10map_route_385_M004_coder.wav.pcm"
查一下,从这里去千山路小学怎么去?
.
"/mnt/sdcard/pcm/800_Enc_NoWavHead/10map_route/10map_route_392_F022_coder.wav.pcm"
查查从鸿福旅社到太湖路与金寨路交叉路口可以怎么走?
.
"/mnt/sdcard/pcm/800_Enc_NoWavHead/10map_route/10map_route_399_F022_coder.wav.pcm"
查查从这里去北京市怎么走?
.
"/mnt/sdcard/pcm/800_Enc_NoWavHead/10map_route/10map_route_406_F022_coder.wav.pcm"
桃园路到金寨路高架桥。
.
"/mnt/sdcard/pcm/800_Enc_NoWavHead/10map_route/10map_route_413_F022_coder.wav.pcm"
看一下如何去昆明市?
.
"/mnt/sdcard/pcm/800_Enc_NoWavHead/10map_route/10map_route_420_F022_coder.wav.pcm"
看一下怎么去第一天国际大厦。
.
"/mnt/sdcard/pcm/800_Enc_NoWavHead/10map_route/10map_route_427_M005_coder.wav.pcm"
看一下江苏省苏州市如何走?
.
"/mnt/sdcard/pcm/800_Enc_NoWavHead/10map_route/10map_route_434_M005_coder.wav.pcm"
胜利路和琅琊山路岔路口到汽车城路可以怎么走?
.
"/mnt/sdcard/pcm/800_Enc_NoWavHead/10map_route/10map_route_441_M005_coder.wav.pcm"
请带我到潜山县槎水蚕桑协会。
.
"/mnt/sdcard/pcm/800_Enc_NoWavHead/10map_route/10map_route_448_M005_coder.wav.pcm"
请带我去超市沙坪坝区龙湖西永。
.
"/mnt/sdcard/pcm/800_Enc_NoWavHead/10map_route/10map_route_455_M006_coder.wav.pcm"
请问仁爱医院如何去?
.
"/mnt/sdcard/pcm/800_Enc_NoWavHead/10map_route/10map_route_462_M006_coder.wav.pcm"
请问日照市泰安路如何去?
.
"/mnt/sdcard/pcm/800_Enc_NoWavHead/10map_route/10map_route_469_M006_coder.wav.pcm"
长江东路与东二环交口怎么走?
.
"/mnt/sdcard/pcm/800_Enc_NoWavHead/11map_locate/11map_locate_007_M098_coder.wav.pcm"
天柱路和卧云路岔路口在哪里?
.
"/mnt/sdcard/pcm/800_Enc_NoWavHead/11map_locate/11map_locate_014_M099_coder.wav.pcm"
胶州市同兴路芦湖路路口在哪?
.
"/mnt/sdcard/pcm/800_Enc_NoWavHead/11map_locate/11map_locate_021_M101_coder.wav.pcm"
你知道菱溪北路莲城花园生活一区在哪里吗?
.
"/mnt/sdcard/pcm/800_Enc_NoWavHead/11map_locate/11map_locate_028_M102_coder.wav.pcm"
你知道杏花公园在什么地？
.
"/mnt/sdcard/pcm/800_Enc_NoWavHead/11map_locate/11map_locate_035_M071_coder.wav.pcm"
你知道蒲阳大道彼洋休闲中心在哪吗?
.
"/mnt/sdcard/pcm/800_Enc_NoWavHead/11map_locate/11map_locate_042_M073_coder.wav.pcm"
大头鞋业在哪个地方?
.
"/mnt/sdcard/pcm/800_Enc_NoWavHead/11map_locate/11map_locate_049_M074_coder.wav.pcm"
定位柳州市城中区独静路桂柳路路口。
.
"/mnt/sdcard/pcm/800_Enc_NoWavHead/11map_locate/11map_locate_056_M048_coder.wav.pcm"
帮我找一下四川省成都市在哪?
.
"/mnt/sdcard/pcm/800_Enc_NoWavHead/11map_locate/11map_locate_063_M049_coder.wav.pcm"
帮我找一下新疆维吾尔自治区乌鲁木齐市在哪里?
.
"/mnt/sdcard/pcm/800_Enc_NoWavHead/11map_locate/11map_locate_070_M050_coder.wav.pcm"
帮我找一下石家庄4s店的位置。
.
"/mnt/sdcard/pcm/800_Enc_NoWavHead/11map_locate/11map_locate_077_M105_coder.wav.pcm"
帮我搜一下杭州路与长丰路交叉路口的地址。
.
"/mnt/sdcard/pcm/800_Enc_NoWavHead/11map_locate/11map_locate_084_F001_coder.wav.pcm"
帮我搜一下夺底中路当热东路路口的位置。
.
"/mnt/sdcard/pcm/800_Enc_NoWavHead/11map_locate/11map_locate_091_F002_coder.wav.pcm"
帮我搜一下陆荣街西青路路口在哪儿?
.
"/mnt/sdcard/pcm/800_Enc_NoWavHead/11map_locate/11map_locate_098_F002_coder.wav.pcm"
帮我搜一下黔东南苗族侗族自治州在哪个地方?
.
"/mnt/sdcard/pcm/800_Enc_NoWavHead/11map_locate/11map_locate_105_F003_coder.wav.pcm"
帮我搜索四牌楼轻工业厅宿舍的地址。
.
"/mnt/sdcard/pcm/800_Enc_NoWavHead/11map_locate/11map_locate_112_F004_coder.wav.pcm"
帮我搜索烟酒公司宿舍的地址。
.
"/mnt/sdcard/pcm/800_Enc_NoWavHead/11map_locate/11map_locate_119_F004_coder.wav.pcm"
帮我搜索解放路一段二环路北四段路口在哪里?
.
"/mnt/sdcard/pcm/800_Enc_NoWavHead/11map_locate/11map_locate_126_F005_coder.wav.pcm"
帮我查一下合肥岭峡挖掘机经营部的地址。
.
"/mnt/sdcard/pcm/800_Enc_NoWavHead/11map_locate/11map_locate_133_F006_coder.wav.pcm"
帮我查一下新庄小区在哪儿?
.
"/mnt/sdcard/pcm/800_Enc_NoWavHead/11map_locate/11map_locate_140_F006_coder.wav.pcm"
帮我查一下福海新居在哪?
.
"/mnt/sdcard/pcm/800_Enc_NoWavHead/11map_locate/11map_locate_147_F007_coder.wav.pcm"
帮我查一下铜陵新村公交公司宿舍在哪个地方?
.
"/mnt/sdcard/pcm/800_Enc_NoWavHead/11map_locate/11map_locate_154_F008_coder.wav.pcm"
帮我查查合家福超市望江路分店。
.
"/mnt/sdcard/pcm/800_Enc_NoWavHead/11map_locate/11map_locate_161_F009_coder.wav.pcm"
帮我查查小天鹅干洗肥东店在哪里?
.
"/mnt/sdcard/pcm/800_Enc_NoWavHead/11map_locate/11map_locate_168_F009_coder.wav.pcm"
帮我查查润安货运公司在哪里?
.
"/mnt/sdcard/pcm/800_Enc_NoWavHead/11map_locate/11map_locate_175_F010_coder.wav.pcm"
我想知道哪里有华夏银行。
.
"/mnt/sdcard/pcm/800_Enc_NoWavHead/11map_locate/11map_locate_182_F011_coder.wav.pcm"
找一下蜀翠园在哪?
.
"/mnt/sdcard/pcm/800_Enc_NoWavHead/11map_locate/11map_locate_189_F011_coder.wav.pcm"
搜一下延安市子长县在哪?
.
"/mnt/sdcard/pcm/800_Enc_NoWavHead/11map_locate/11map_locate_196_F012_coder.wav.pcm"
搜一下芜湖市殷三公路六郎水产品市场的位置。
.
"/mnt/sdcard/pcm/800_Enc_NoWavHead/11map_locate/11map_locate_203_M001_coder.wav.pcm"
搜索34中的位置。
.
"/mnt/sdcard/pcm/800_Enc_NoWavHead/11map_locate/11map_locate_210_M001_coder.wav.pcm"
搜索华清路,建国自选商场的地址。
.
"/mnt/sdcard/pcm/800_Enc_NoWavHead/11map_locate/11map_locate_217_F013_coder.wav.pcm"
搜索张掖市南大街农行城关支行的位置。
.
"/mnt/sdcard/pcm/800_Enc_NoWavHead/11map_locate/11map_locate_224_F014_coder.wav.pcm"
搜索苏州市兴泰路,苏州圣依制衣在哪?
.
"/mnt/sdcard/pcm/800_Enc_NoWavHead/11map_locate/11map_locate_231_M002_coder.wav.pcm"
查一下北京赵家街43号在哪里?
.
"/mnt/sdcard/pcm/800_Enc_NoWavHead/11map_locate/11map_locate_238_M002_coder.wav.pcm"
查一下孝感市应城市蒲阳大道在哪?
.
"/mnt/sdcard/pcm/800_Enc_NoWavHead/11map_locate/11map_locate_245_F015_coder.wav.pcm"
查一下苏州市吴中区宝带西路的地址。
.
"/mnt/sdcard/pcm/800_Enc_NoWavHead/11map_locate/11map_locate_252_F016_coder.wav.pcm"
查找北京北龙路2号的地址。
.
"/mnt/sdcard/pcm/800_Enc_NoWavHead/11map_locate/11map_locate_259_F016_coder.wav.pcm"
查找运城市永济市卓于线运文线路口地址。
.
"/mnt/sdcard/pcm/800_Enc_NoWavHead/11map_locate/11map_locate_266_M003_coder.wav.pcm"
查查北京市泰华芳酒家在哪儿?
.
"/mnt/sdcard/pcm/800_Enc_NoWavHead/11map_locate/11map_locate_273_F017_coder.wav.pcm"
查查宜春市中国联通新华平价手机城的位置。
.
"/mnt/sdcard/pcm/800_Enc_NoWavHead/11map_locate/11map_locate_280_F017_coder.wav.pcm"
查查瑶海区纪律检查委员会的位置。
.
"/mnt/sdcard/pcm/800_Enc_NoWavHead/11map_locate/11map_locate_287_F018_coder.wav.pcm"
第三十中学在哪儿?
.
"/mnt/sdcard/pcm/800_Enc_NoWavHead/13map_on_the_way/13map_on_the_way_002_M097_coder.wav.pcm"
前方有没有肯德基?
.
"/mnt/sdcard/pcm/800_Enc_NoWavHead/13map_on_the_way/13map_on_the_way_009_M098_coder.wav.pcm"
我们现在沿途中的音像店。
.
"/mnt/sdcard/pcm/800_Enc_NoWavHead/13map_on_the_way/13map_on_the_way_016_M099_coder.wav.pcm"
找一下沿途的收费站。
.
"/mnt/sdcard/pcm/800_Enc_NoWavHead/13map_on_the_way/13map_on_the_way_023_M101_coder.wav.pcm"
搜一下沿途的旅馆。
.
"/mnt/sdcard/pcm/800_Enc_NoWavHead/13map_on_the_way/13map_on_the_way_030_M102_coder.wav.pcm"
搜索沿途的洗车场。
.
"/mnt/sdcard/pcm/800_Enc_NoWavHead/13map_on_the_way/13map_on_the_way_037_M072_coder.wav.pcm"
查一下沿途的汽车维修。
.
"/mnt/sdcard/pcm/800_Enc_NoWavHead/13map_on_the_way/13map_on_the_way_044_M073_coder.wav.pcm"
查找沿途的建行。
.
"/mnt/sdcard/pcm/800_Enc_NoWavHead/13map_on_the_way/13map_on_the_way_051_M047_coder.wav.pcm"
查查沿途的医院。
.
"/mnt/sdcard/pcm/800_Enc_NoWavHead/13map_on_the_way/13map_on_the_way_058_M048_coder.wav.pcm"
沿途中的迪士尼。
.
"/mnt/sdcard/pcm/800_Enc_NoWavHead/13map_on_the_way/13map_on_the_way_065_M049_coder.wav.pcm"
沿途的必胜客。
.
"/mnt/sdcard/pcm/800_Enc_NoWavHead/13map_on_the_way/13map_on_the_way_072_M075_coder.wav.pcm"
现在沿途中有茶叶店吧!
.
"/mnt/sdcard/pcm/800_Enc_NoWavHead/13map_on_the_way/13map_on_the_way_079_M105_coder.wav.pcm"
跟我说声,沿途中有没有自助餐店?
.
"/mnt/sdcard/pcm/800_Enc_NoWavHead/14message/14message_005_F023_coder.wav.pcm"
信息给董文杰班主任,我孩子表现怎样?
.
"/mnt/sdcard/pcm/800_Enc_NoWavHead/14message/14message_012_F024_coder.wav.pcm"
发个信息给崔海龙,人生已经如此的艰难,有些事情就不要拆穿。
.
"/mnt/sdcard/pcm/800_Enc_NoWavHead/14message/14message_019_F024_coder.wav.pcm"
发个短信息给陈大林,帮我去拿一下快递吧!
.
"/mnt/sdcard/pcm/800_Enc_NoWavHead/14message/14message_026_F025_coder.wav.pcm"
发个短信给曹右琦,蒋雷雷晚上请我吃饭,别忘了哈。
.
"/mnt/sdcard/pcm/800_Enc_NoWavHead/14message/14message_033_M007_coder.wav.pcm"
发信息给纳赛尔江的尾号1213的号码,我今天不回家吃饭。
.
"/mnt/sdcard/pcm/800_Enc_NoWavHead/14message/14message_040_M007_coder.wav.pcm"
发条信息给丁鹏拨了个去,你怎么这样看错你了?
.
"/mnt/sdcard/pcm/800_Enc_NoWavHead/14message/14message_047_F026_coder.wav.pcm"
发条短信给电信客户经理,今天看到了一个男生好激动。
.
"/mnt/sdcard/pcm/800_Enc_NoWavHead/14message/14message_054_M008_coder.wav.pcm"
发消息给杜俊明天打球吧!
.
"/mnt/sdcard/pcm/800_Enc_NoWavHead/14message/14message_061_M008_coder.wav.pcm"
发短信息给包警官，快来救我。
.
"/mnt/sdcard/pcm/800_Enc_NoWavHead/14message/14message_068_M008_coder.wav.pcm"
发短信息给怡佳,月嫂什么时候可以上班?
.
"/mnt/sdcard/pcm/800_Enc_NoWavHead/14message/14message_075_M008_coder.wav.pcm"
发短信给华夏银行95577。
.
"/mnt/sdcard/pcm/800_Enc_NoWavHead/14message/14message_082_F027_coder.wav.pcm"
发短信给小姑说吃正宗的酸菜鱼去哪?
.
"/mnt/sdcard/pcm/800_Enc_NoWavHead/14message/14message_089_F027_coder.wav.pcm"
发短信给朱芳雨和双志伟女友。
.
"/mnt/sdcard/pcm/800_Enc_NoWavHead/14message/14message_096_F027_coder.wav.pcm"
发短信郑自清据说卖饼子那个大妈也挺挣钱的,要不就去卖饼子吧!
.
"/mnt/sdcard/pcm/800_Enc_NoWavHead/14message/14message_103_F027_coder.wav.pcm"
帮我发消息给张继立。
.
"/mnt/sdcard/pcm/800_Enc_NoWavHead/14message/14message_110_F027_coder.wav.pcm"
帮我发短信息给张峰,内容是黄山大厦在哪里?
.
"/mnt/sdcard/pcm/800_Enc_NoWavHead/14message/14message_117_M009_coder.wav.pcm"
帮我发短信给李健的合肥号码。
.
"/mnt/sdcard/pcm/800_Enc_NoWavHead/14message/14message_124_M009_coder.wav.pcm"
帮我给默默发短信。
.
"/mnt/sdcard/pcm/800_Enc_NoWavHead/14message/14message_131_M010_coder.wav.pcm"
我想发个消息。
.
"/mnt/sdcard/pcm/800_Enc_NoWavHead/14message/14message_138_M010_coder.wav.pcm"
我想发短信息。
.
"/mnt/sdcard/pcm/800_Enc_NoWavHead/14message/14message_145_M010_coder.wav.pcm"
我想要发一条消息。
.
"/mnt/sdcard/pcm/800_Enc_NoWavHead/14message/14message_152_M011_coder.wav.pcm"
我想要发条消息。
.
"/mnt/sdcard/pcm/800_Enc_NoWavHead/14message/14message_159_M011_coder.wav.pcm"
我想要编辑一条短信。
.
"/mnt/sdcard/pcm/800_Enc_NoWavHead/14message/14message_166_M011_coder.wav.pcm"
我要发个短信。
.
"/mnt/sdcard/pcm/800_Enc_NoWavHead/14message/14message_173_M011_coder.wav.pcm"
我要发短消息。
.
"/mnt/sdcard/pcm/800_Enc_NoWavHead/14message/14message_180_M011_coder.wav.pcm"
查看已发短信。
.
"/mnt/sdcard/pcm/800_Enc_NoWavHead/14message/14message_187_F028_coder.wav.pcm"
短信张武旭。
.
"/mnt/sdcard/pcm/800_Enc_NoWavHead/14message/14message_194_F028_coder.wav.pcm"
短信给招行程翠,其实黄山也就这么回事。
.
"/mnt/sdcard/pcm/800_Enc_NoWavHead/14message/14message_201_F028_coder.wav.pcm"
简讯给孔令，还没发工资，没有钱。
.
"/mnt/sdcard/pcm/800_Enc_NoWavHead/14message/14message_208_F028_coder.wav.pcm"
给何婷婷电信发短消息帮我买张火车票吧!
.
"/mnt/sdcard/pcm/800_Enc_NoWavHead/14message/14message_215_F029_coder.wav.pcm"
给基友的消息。
.
"/mnt/sdcard/pcm/800_Enc_NoWavHead/14message/14message_222_F029_coder.wav.pcm"
给张洁发条信息,过段时间我来看你。
.
"/mnt/sdcard/pcm/800_Enc_NoWavHead/14message/14message_229_F029_coder.wav.pcm"
给将军上海发条信息,过段时间我来看你。
.
"/mnt/sdcard/pcm/800_Enc_NoWavHead/14message/14message_236_F029_coder.wav.pcm"
给洪沂慧短消息。
.
"/mnt/sdcard/pcm/800_Enc_NoWavHead/14message/14message_243_F030_coder.wav.pcm"
给绩溪家发信息。
.
"/mnt/sdcard/pcm/800_Enc_NoWavHead/14message/14message_250_F030_coder.wav.pcm"
给胡菁发信息,内容是黄山大厦在哪里?
.
"/mnt/sdcard/pcm/800_Enc_NoWavHead/14message/14message_257_F030_coder.wav.pcm"
给葛运东编写短信。
.
"/mnt/sdcard/pcm/800_Enc_NoWavHead/14message/14message_264_F030_coder.wav.pcm"
给辉达胡经理发短信,昨晚的我是歌手你看了吗?
.
"/mnt/sdcard/pcm/800_Enc_NoWavHead/14message/14message_271_M012_coder.wav.pcm"
给郭辉重庆新短消息，今天怎么肚子疼啊！
.
"/mnt/sdcard/pcm/800_Enc_NoWavHead/14message/14message_278_M012_coder.wav.pcm"
给黄国庆发个短信。
.
"/mnt/sdcard/pcm/800_Enc_NoWavHead/14message/14message_285_M012_coder.wav.pcm"
给黄达志编写短信。
.
"/mnt/sdcard/pcm/800_Enc_NoWavHead/14message/14message_292_M012_coder.wav.pcm"
编辑短信给皮亚莉的156号码,下班一起回家吧!
.
"/mnt/sdcard/pcm/800_Enc_NoWavHead/15microblog/15microblog_006_F023_coder.wav.pcm"
我要微博签到。
.
"/mnt/sdcard/pcm/800_Enc_NoWavHead/15microblog/15microblog_013_F024_coder.wav.pcm"
打开签到。
.
"/mnt/sdcard/pcm/800_Enc_NoWavHead/15microblog/15microblog_020_F024_coder.wav.pcm"
查看我的,微博私信。
.
"/mnt/sdcard/pcm/800_Enc_NoWavHead/15microblog/15microblog_027_F025_coder.wav.pcm"
查看评论。
.
"/mnt/sdcard/pcm/800_Enc_NoWavHead/15microblog/15microblog_034_M007_coder.wav.pcm"
我想发微博,今天天气真不错。
.
"/mnt/sdcard/pcm/800_Enc_NoWavHead/15microblog/15microblog_041_F026_coder.wav.pcm"
我想发微薄,湖人又输了,打的先毛线。
.
"/mnt/sdcard/pcm/800_Enc_NoWavHead/15microblog/15microblog_048_F026_coder.wav.pcm"
我想发微博,我勒个擦好多人啊!
.
"/mnt/sdcard/pcm/800_Enc_NoWavHead/15microblog/15microblog_055_M008_coder.wav.pcm"
我要发微博,泰謇锩娴娜搜真是比女人还女人。
.
"/mnt/sdcard/pcm/800_Enc_NoWavHead/15microblog/15microblog_062_M008_coder.wav.pcm"
我要发微博,大企业管理是一个相当复杂的工作。
.
"/mnt/sdcard/pcm/800_Enc_NoWavHead/15microblog/15microblog_069_M008_coder.wav.pcm"
我要发微博,我公司有着高贵的气质,没办法,人家有钱。
.
"/mnt/sdcard/pcm/800_Enc_NoWavHead/16music/16music_005_F023_coder.wav.pcm"
5月天的入阵曲。
.
"/mnt/sdcard/pcm/800_Enc_NoWavHead/16music/16music_012_F024_coder.wav.pcm"
听SD卡里的歌。
.
"/mnt/sdcard/pcm/800_Enc_NoWavHead/16music/16music_019_F024_coder.wav.pcm"
听一首SD卡里的摇篮曲。
.
"/mnt/sdcard/pcm/800_Enc_NoWavHead/16music/16music_026_F025_coder.wav.pcm"
听一首刘峰的歌。
.
"/mnt/sdcard/pcm/800_Enc_NoWavHead/16music/16music_033_M007_coder.wav.pcm"
听一首曲婉婷的我的歌声里。
.
"/mnt/sdcard/pcm/800_Enc_NoWavHead/16music/16music_040_M007_coder.wav.pcm"
听一首爱的主打歌。
.
"/mnt/sdcard/pcm/800_Enc_NoWavHead/16music/16music_047_F026_coder.wav.pcm"
听一首郝云的活着。
.
"/mnt/sdcard/pcm/800_Enc_NoWavHead/16music/16music_054_M008_coder.wav.pcm"
听一首飞轮海的歌。
.
"/mnt/sdcard/pcm/800_Enc_NoWavHead/16music/16music_061_M008_coder.wav.pcm"
听几首凤凰传奇的歌。
.
"/mnt/sdcard/pcm/800_Enc_NoWavHead/16music/16music_068_M008_coder.wav.pcm"
听几首杭娇的歌。
.
"/mnt/sdcard/pcm/800_Enc_NoWavHead/16music/16music_075_M008_coder.wav.pcm"
听几首陈思涵的歌。
.
"/mnt/sdcard/pcm/800_Enc_NoWavHead/16music/16music_082_F027_coder.wav.pcm"
听听快乐的音乐。
.
"/mnt/sdcard/pcm/800_Enc_NoWavHead/16music/16music_089_F027_coder.wav.pcm"
听李宗盛的歌。
.
"/mnt/sdcard/pcm/800_Enc_NoWavHead/16music/16music_096_F027_coder.wav.pcm"
听菲比的歌。
.
"/mnt/sdcard/pcm/800_Enc_NoWavHead/16music/16music_103_F027_coder.wav.pcm"
听音乐。
.
"/mnt/sdcard/pcm/800_Enc_NoWavHead/16music/16music_110_F027_coder.wav.pcm"
屠洪刚的叶问霜天。
.
"/mnt/sdcard/pcm/800_Enc_NoWavHead/16music/16music_117_M009_coder.wav.pcm"
帮我找徐梁羽生与悠安的七秒钟的记忆。
.
"/mnt/sdcard/pcm/800_Enc_NoWavHead/16music/16music_124_M009_coder.wav.pcm"
帮我找黄安版的新鸳鸯蝴蝶梦。
.
"/mnt/sdcard/pcm/800_Enc_NoWavHead/16music/16music_131_M010_coder.wav.pcm"
我想听iPod里的歌。
.
"/mnt/sdcard/pcm/800_Enc_NoWavHead/16music/16music_138_M010_coder.wav.pcm"
我想听一下宋冬野的董小姐。
.
"/mnt/sdcard/pcm/800_Enc_NoWavHead/16music/16music_145_M010_coder.wav.pcm"
我想听一下陈慧琳的记事本。
.
"/mnt/sdcard/pcm/800_Enc_NoWavHead/16music/16music_152_M011_coder.wav.pcm"
我想听不是一个人。
.
"/mnt/sdcard/pcm/800_Enc_NoWavHead/16music/16music_159_M011_coder.wav.pcm"
我想听千年等一回。
.
"/mnt/sdcard/pcm/800_Enc_NoWavHead/16music/16music_166_M011_coder.wav.pcm"
我想听平静的音乐。
.
"/mnt/sdcard/pcm/800_Enc_NoWavHead/16music/16music_173_M011_coder.wav.pcm"
我想听明天你是否依然爱?
.
"/mnt/sdcard/pcm/800_Enc_NoWavHead/16music/16music_180_M011_coder.wav.pcm"
我想听杨丞琳唱的勇敢很好。
.
"/mnt/sdcard/pcm/800_Enc_NoWavHead/16music/16music_187_F028_coder.wav.pcm"
我想听欧阳菲菲的感恩的心。
.
"/mnt/sdcard/pcm/800_Enc_NoWavHead/16music/16music_194_F028_coder.wav.pcm"
我想听9月奇迹唱的中国范儿。
.
"/mnt/sdcard/pcm/800_Enc_NoWavHead/16music/16music_201_F028_coder.wav.pcm"
我想听自由飞翔。
.
"/mnt/sdcard/pcm/800_Enc_NoWavHead/16music/16music_208_F028_coder.wav.pcm"
我想听费翔唱的冬天里的一把火。
.
"/mnt/sdcard/pcm/800_Enc_NoWavHead/16music/16music_215_F029_coder.wav.pcm"
我想听陈冠希的歌。
.
"/mnt/sdcard/pcm/800_Enc_NoWavHead/16music/16music_222_F029_coder.wav.pcm"
我想听高峰的歌。
.
"/mnt/sdcard/pcm/800_Enc_NoWavHead/16music/16music_229_F029_coder.wav.pcm"
我想要听SD卡里刘德华的歌曲。
.
"/mnt/sdcard/pcm/800_Enc_NoWavHead/16music/16music_236_F029_coder.wav.pcm"
我要听CD。
.
"/mnt/sdcard/pcm/800_Enc_NoWavHead/16music/16music_243_F030_coder.wav.pcm"
我要听SD卡里的在水一方。
.
"/mnt/sdcard/pcm/800_Enc_NoWavHead/16music/16music_250_F030_coder.wav.pcm"
我要听U盘里的she的中国话。
.
"/mnt/sdcard/pcm/800_Enc_NoWavHead/16music/16music_257_F030_coder.wav.pcm"
我要听一下USB里的真心英雄这首歌。
.
"/mnt/sdcard/pcm/800_Enc_NoWavHead/16music/16music_264_F030_coder.wav.pcm"
我要听一下护花使者这首歌。
.
"/mnt/sdcard/pcm/800_Enc_NoWavHead/16music/16music_271_F030_coder.wav.pcm"
我要听三弦的音乐。
.
"/mnt/sdcard/pcm/800_Enc_NoWavHead/16music/16music_278_F030_coder.wav.pcm"
我要听冬季到台北来看雨。
.
"/mnt/sdcard/pcm/800_Enc_NoWavHead/16music/16music_285_M012_coder.wav.pcm"
我要听孙楠的歌。
.
"/mnt/sdcard/pcm/800_Enc_NoWavHead/16music/16music_292_M012_coder.wav.pcm"
我要听大爱林的歌。
.
"/mnt/sdcard/pcm/800_Enc_NoWavHead/16music/16music_299_M012_coder.wav.pcm"
我要听武艺的,舍不得忘记。
.
"/mnt/sdcard/pcm/800_Enc_NoWavHead/16music/16music_306_M012_coder.wav.pcm"
我要听王菲与陈奕迅的,因为爱情。
.
"/mnt/sdcard/pcm/800_Enc_NoWavHead/16music/16music_313_M012_coder.wav.pcm"
我要听许诺的离开这个地方。
.
"/mnt/sdcard/pcm/800_Enc_NoWavHead/16music/16music_320_M012_coder.wav.pcm"
我要听高山流水。
.
"/mnt/sdcard/pcm/800_Enc_NoWavHead/16music/16music_327_M012_coder.wav.pcm"
播放CD里的一场游戏一场梦。
.
"/mnt/sdcard/pcm/800_Enc_NoWavHead/16music/16music_334_F031_coder.wav.pcm"
播放伤感调频的音乐。
.
"/mnt/sdcard/pcm/800_Enc_NoWavHead/16music/16music_341_F031_coder.wav.pcm"
播放工作的音乐。
.
"/mnt/sdcard/pcm/800_Enc_NoWavHead/16music/16music_348_F031_coder.wav.pcm"
播放日韩的音乐。
.
"/mnt/sdcard/pcm/800_Enc_NoWavHead/16music/16music_355_F031_coder.wav.pcm"
播放爱你。
.
"/mnt/sdcard/pcm/800_Enc_NoWavHead/16music/16music_362_F031_coder.wav.pcm"
播放莫文蔚和张洪量的广岛之恋。
.
"/mnt/sdcard/pcm/800_Enc_NoWavHead/16music/16music_369_F031_coder.wav.pcm"
放一些张跃的音乐。
.
"/mnt/sdcard/pcm/800_Enc_NoWavHead/16music/16music_376_F031_coder.wav.pcm"
放几首二胡的音乐。
.
"/mnt/sdcard/pcm/800_Enc_NoWavHead/16music/16music_383_F031_coder.wav.pcm"
放几首鼓的音乐。
.
"/mnt/sdcard/pcm/800_Enc_NoWavHead/16music/16music_390_F031_coder.wav.pcm"
有声音特效的音乐吗?
.
"/mnt/sdcard/pcm/800_Enc_NoWavHead/16music/16music_397_F031_coder.wav.pcm"
来一首优盘里的希望。
.
"/mnt/sdcard/pcm/800_Enc_NoWavHead/16music/16music_404_F031_coder.wav.pcm"
来一首唱的是寂寞。
.
"/mnt/sdcard/pcm/800_Enc_NoWavHead/16music/16music_411_F031_coder.wav.pcm"
来一首沙宝亮的暗香。
.
"/mnt/sdcard/pcm/800_Enc_NoWavHead/16music/16music_418_F031_coder.wav.pcm"
来一首罗中旭的,如果你不再爱了。
.
"/mnt/sdcard/pcm/800_Enc_NoWavHead/16music/16music_425_F031_coder.wav.pcm"
来几首冯玮君的歌。
.
"/mnt/sdcard/pcm/800_Enc_NoWavHead/16music/16music_432_F031_coder.wav.pcm"
来几首张镐哲的歌。
.
"/mnt/sdcard/pcm/800_Enc_NoWavHead/16music/16music_439_F031_coder.wav.pcm"
来几首英语的音乐。
.
"/mnt/sdcard/pcm/800_Enc_NoWavHead/16music/16music_446_F031_coder.wav.pcm"
来首CD里的小小小孩。
.
"/mnt/sdcard/pcm/800_Enc_NoWavHead/16music/16music_453_F031_coder.wav.pcm"
来首,半梦半醒。
.
"/mnt/sdcard/pcm/800_Enc_NoWavHead/16music/16music_460_F031_coder.wav.pcm"
来首庞龙的兄弟抱一下。
.
"/mnt/sdcard/pcm/800_Enc_NoWavHead/16music/16music_467_F031_coder.wav.pcm"
来首祝你一路顺风。
.
"/mnt/sdcard/pcm/800_Enc_NoWavHead/16music/16music_474_F031_coder.wav.pcm"
杨钰莹与毛，你的心也放给我听一下。
.
"/mnt/sdcard/pcm/800_Enc_NoWavHead/16music/16music_481_F031_coder.wav.pcm"
点播iPod里的歌。
.
"/mnt/sdcard/pcm/800_Enc_NoWavHead/16music/16music_488_F031_coder.wav.pcm"
点播光辉岁月。
.
"/mnt/sdcard/pcm/800_Enc_NoWavHead/16music/16music_495_F031_coder.wav.pcm"
点播放手的勇气。
.
"/mnt/sdcard/pcm/800_Enc_NoWavHead/16music/16music_502_F031_coder.wav.pcm"
点播爱一回伤一回。
.
"/mnt/sdcard/pcm/800_Enc_NoWavHead/16music/16music_509_F031_coder.wav.pcm"
点播陈瑞的歌。
.
"/mnt/sdcard/pcm/800_Enc_NoWavHead/16music/16music_516_F031_coder.wav.pcm"
谢容儿的寂寞能放给我听一下吗？
.
"/mnt/sdcard/pcm/800_Enc_NoWavHead/16music/16music_523_F031_coder.wav.pcm"
高进的歌。
.
"/mnt/sdcard/pcm/800_Enc_NoWavHead/16music/16music_530_F031_coder.wav.pcm"
把那首你快乐,所以我快乐播放一下。
.
"/mnt/sdcard/pcm/800_Enc_NoWavHead/16music/16music_537_F031_coder.wav.pcm"
把那首我被青春撞了一下,腰播放一下。
.
"/mnt/sdcard/pcm/800_Enc_NoWavHead/16music/16music_544_F031_coder.wav.pcm"
黄品源的歌。
.
"/mnt/sdcard/pcm/800_Enc_NoWavHead/17news/17news_007_F023_coder.wav.pcm"
圣诞节的新闻。
.
"/mnt/sdcard/pcm/800_Enc_NoWavHead/17news/17news_014_F024_coder.wav.pcm"
今天有什么头版新闻?
.
"/mnt/sdcard/pcm/800_Enc_NoWavHead/17news/17news_021_F025_coder.wav.pcm"
清明的新闻。
.
"/mnt/sdcard/pcm/800_Enc_NoWavHead/17news/17news_028_F025_coder.wav.pcm"
国庆节的新闻。
.
"/mnt/sdcard/pcm/800_Enc_NoWavHead/17news/17news_035_M007_coder.wav.pcm"
上午的新闻。
.
"/mnt/sdcard/pcm/800_Enc_NoWavHead/17news/17news_042_F026_coder.wav.pcm"
最近上映的电影心。
.
"/mnt/sdcard/pcm/800_Enc_NoWavHead/17news/17news_049_F026_coder.wav.pcm"
10号有什么新闻?
.
"/mnt/sdcard/pcm/800_Enc_NoWavHead/17news/17news_056_M008_coder.wav.pcm"
年三十的新闻。
.
"/mnt/sdcard/pcm/800_Enc_NoWavHead/17news/17news_063_M008_coder.wav.pcm"
元宵节的新闻。
.
"/mnt/sdcard/pcm/800_Enc_NoWavHead/17news/17news_070_M008_coder.wav.pcm"
我想听娱乐新闻。
.
"/mnt/sdcard/pcm/800_Enc_NoWavHead/17news/17news_077_M008_coder.wav.pcm"
愚人节的新闻。
.
"/mnt/sdcard/pcm/800_Enc_NoWavHead/17news/17news_084_F027_coder.wav.pcm"
元宵节的新闻。
.
"/mnt/sdcard/pcm/800_Enc_NoWavHead/17news/17news_091_F027_coder.wav.pcm"
中午的新闻。
.
"/mnt/sdcard/pcm/800_Enc_NoWavHead/17news/17news_098_F027_coder.wav.pcm"
早上9点的新闻。
.
"/mnt/sdcard/pcm/800_Enc_NoWavHead/17news/17news_105_F027_coder.wav.pcm"
3点半的新闻。
.
"/mnt/sdcard/pcm/800_Enc_NoWavHead/17news/17news_112_M009_coder.wav.pcm"
周一的新闻。
.
"/mnt/sdcard/pcm/800_Enc_NoWavHead/17news/17news_119_M009_coder.wav.pcm"
目前新闻。
.
"/mnt/sdcard/pcm/800_Enc_NoWavHead/17news/17news_126_M009_coder.wav.pcm"
我想听百度新闻。
.
"/mnt/sdcard/pcm/800_Enc_NoWavHead/17news/17news_133_M010_coder.wav.pcm"
整月月初一的新闻。
.
"/mnt/sdcard/pcm/800_Enc_NoWavHead/17news/17news_140_M010_coder.wav.pcm"
3点半的新闻。
.
"/mnt/sdcard/pcm/800_Enc_NoWavHead/17news/17news_147_M010_coder.wav.pcm"
最近国内有大的新闻。
.
"/mnt/sdcard/pcm/800_Enc_NoWavHead/18radio/18radio_004_F023_coder.wav.pcm"
东莞交通音乐台。
.
"/mnt/sdcard/pcm/800_Enc_NoWavHead/18radio/18radio_011_F024_coder.wav.pcm"
乌鲁木齐经济广播。
.
"/mnt/sdcard/pcm/800_Enc_NoWavHead/18radio/18radio_018_F024_coder.wav.pcm"
兰州音乐广播。
.
"/mnt/sdcard/pcm/800_Enc_NoWavHead/18radio/18radio_025_F025_coder.wav.pcm"
千岛湖之声。
.
"/mnt/sdcard/pcm/800_Enc_NoWavHead/18radio/18radio_032_M007_coder.wav.pcm"
南宁交通音乐广播。
.
"/mnt/sdcard/pcm/800_Enc_NoWavHead/18radio/18radio_039_M007_coder.wav.pcm"
合肥汽车音乐电台。
.
"/mnt/sdcard/pcm/800_Enc_NoWavHead/18radio/18radio_046_F026_coder.wav.pcm"
听南京经济电台。
.
"/mnt/sdcard/pcm/800_Enc_NoWavHead/18radio/18radio_053_M008_coder.wav.pcm"
听听郑州都市广播。
.
"/mnt/sdcard/pcm/800_Enc_NoWavHead/18radio/18radio_060_M008_coder.wav.pcm"
听调频894。
.
"/mnt/sdcard/pcm/800_Enc_NoWavHead/18radio/18radio_067_M008_coder.wav.pcm"
听调频1074。
.
"/mnt/sdcard/pcm/800_Enc_NoWavHead/18radio/18radio_074_M008_coder.wav.pcm"
听调频九二.7。
.
"/mnt/sdcard/pcm/800_Enc_NoWavHead/18radio/18radio_081_F027_coder.wav.pcm"
听调频888。
.
"/mnt/sdcard/pcm/800_Enc_NoWavHead/18radio/18radio_088_F027_coder.wav.pcm"
听长沙品味音乐广播。
.
"/mnt/sdcard/pcm/800_Enc_NoWavHead/18radio/18radio_095_F027_coder.wav.pcm"
唐山交通文艺广播。
.
"/mnt/sdcard/pcm/800_Enc_NoWavHead/18radio/18radio_102_F027_coder.wav.pcm"
大连彩虹网络台。
.
"/mnt/sdcard/pcm/800_Enc_NoWavHead/18radio/18radio_109_F027_coder.wav.pcm"
宁夏经济广播。
.
"/mnt/sdcard/pcm/800_Enc_NoWavHead/18radio/18radio_116_M009_coder.wav.pcm"
常州怀旧频率。
.
"/mnt/sdcard/pcm/800_Enc_NoWavHead/18radio/18radio_123_M009_coder.wav.pcm"
广西新闻综合广播。
.
"/mnt/sdcard/pcm/800_Enc_NoWavHead/18radio/18radio_130_M009_coder.wav.pcm"
徐州交通广播。
.
"/mnt/sdcard/pcm/800_Enc_NoWavHead/18radio/18radio_137_M010_coder.wav.pcm"
我想听f m89.2。
.
"/mnt/sdcard/pcm/800_Enc_NoWavHead/18radio/18radio_144_M010_coder.wav.pcm"
我想听f m1006。
.
"/mnt/sdcard/pcm/800_Enc_NoWavHead/18radio/18radio_151_M011_coder.wav.pcm"
我想听f m926。
.
"/mnt/sdcard/pcm/800_Enc_NoWavHead/18radio/18radio_158_M011_coder.wav.pcm"
我想听FM945。
.
"/mnt/sdcard/pcm/800_Enc_NoWavHead/18radio/18radio_165_M011_coder.wav.pcm"
我想听FM1031。
.
"/mnt/sdcard/pcm/800_Enc_NoWavHead/18radio/18radio_172_M011_coder.wav.pcm"
我想听听江西游友之声。
.
"/mnt/sdcard/pcm/800_Enc_NoWavHead/18radio/18radio_179_M011_coder.wav.pcm"
我想听听长沙城市之音。
.
"/mnt/sdcard/pcm/800_Enc_NoWavHead/18radio/18radio_186_F028_coder.wav.pcm"
我想听湖南新闻广播。
.
"/mnt/sdcard/pcm/800_Enc_NoWavHead/18radio/18radio_193_F028_coder.wav.pcm"
我要听听武汉少儿广播。
.
"/mnt/sdcard/pcm/800_Enc_NoWavHead/18radio/18radio_200_F028_coder.wav.pcm"
我要听听长沙新闻广播。
.
"/mnt/sdcard/pcm/800_Enc_NoWavHead/18radio/18radio_207_F028_coder.wav.pcm"
我要听郑州音乐广播。
.
"/mnt/sdcard/pcm/800_Enc_NoWavHead/18radio/18radio_214_F029_coder.wav.pcm"
抚顺交通台。
.
"/mnt/sdcard/pcm/800_Enc_NoWavHead/18radio/18radio_221_F029_coder.wav.pcm"
播放调频FM105.8。
.
"/mnt/sdcard/pcm/800_Enc_NoWavHead/18radio/18radio_228_F029_coder.wav.pcm"
播放调频FM936。
.
"/mnt/sdcard/pcm/800_Enc_NoWavHead/18radio/18radio_235_F029_coder.wav.pcm"
播放调频FM968。
.
"/mnt/sdcard/pcm/800_Enc_NoWavHead/18radio/18radio_242_F030_coder.wav.pcm"
播放调频FM89.6。
.
"/mnt/sdcard/pcm/800_Enc_NoWavHead/18radio/18radio_249_F030_coder.wav.pcm"
收听am159。
.
"/mnt/sdcard/pcm/800_Enc_NoWavHead/18radio/18radio_256_F030_coder.wav.pcm"
收听FM105.3。
.
"/mnt/sdcard/pcm/800_Enc_NoWavHead/18radio/18radio_263_F030_coder.wav.pcm"
收听FM97.2。
.
"/mnt/sdcard/pcm/800_Enc_NoWavHead/18radio/18radio_270_F030_coder.wav.pcm"
收听FM96.6。
.
"/mnt/sdcard/pcm/800_Enc_NoWavHead/18radio/18radio_277_F030_coder.wav.pcm"
收听FM88.2。
.
"/mnt/sdcard/pcm/800_Enc_NoWavHead/18radio/18radio_284_M012_coder.wav.pcm"
收听洛阳新闻广播。
.
"/mnt/sdcard/pcm/800_Enc_NoWavHead/18radio/18radio_291_M012_coder.wav.pcm"
新疆综合广播。
.
"/mnt/sdcard/pcm/800_Enc_NoWavHead/18radio/18radio_298_M012_coder.wav.pcm"
杭州新闻广播。
.
"/mnt/sdcard/pcm/800_Enc_NoWavHead/18radio/18radio_305_M012_coder.wav.pcm"
汕头交通音乐之声。
.
"/mnt/sdcard/pcm/800_Enc_NoWavHead/18radio/18radio_312_M012_coder.wav.pcm"
沈阳体育休闲广播。
.
"/mnt/sdcard/pcm/800_Enc_NoWavHead/18radio/18radio_319_M012_coder.wav.pcm"
济南经济广播。
.
"/mnt/sdcard/pcm/800_Enc_NoWavHead/18radio/18radio_326_M012_coder.wav.pcm"
深圳生活广播。
.
"/mnt/sdcard/pcm/800_Enc_NoWavHead/18radio/18radio_333_M013_coder.wav.pcm"
湖北阳光调频广播。
.
"/mnt/sdcard/pcm/800_Enc_NoWavHead/18radio/18radio_340_M013_coder.wav.pcm"
牡丹江都市生活。
.
"/mnt/sdcard/pcm/800_Enc_NoWavHead/18radio/18radio_347_M013_coder.wav.pcm"
盘锦交通文艺广播。
.
"/mnt/sdcard/pcm/800_Enc_NoWavHead/18radio/18radio_354_M013_coder.wav.pcm"
糖罐子网络电台。
.
"/mnt/sdcard/pcm/800_Enc_NoWavHead/18radio/18radio_361_M013_coder.wav.pcm"
肇庆网络电台。
.
"/mnt/sdcard/pcm/800_Enc_NoWavHead/18radio/18radio_368_M013_coder.wav.pcm"
西藏都市生活。
.
"/mnt/sdcard/pcm/800_Enc_NoWavHead/18radio/18radio_375_M013_coder.wav.pcm"
调幅到am1521。
.
"/mnt/sdcard/pcm/800_Enc_NoWavHead/18radio/18radio_382_M013_coder.wav.pcm"
调频106.3。
.
"/mnt/sdcard/pcm/800_Enc_NoWavHead/18radio/18radio_389_M013_coder.wav.pcm"
调频931。
.
"/mnt/sdcard/pcm/800_Enc_NoWavHead/18radio/18radio_396_M013_coder.wav.pcm"
调频879。
.
"/mnt/sdcard/pcm/800_Enc_NoWavHead/18radio/18radio_403_M013_coder.wav.pcm"
贵阳电台新闻频率。
.
"/mnt/sdcard/pcm/800_Enc_NoWavHead/18radio/18radio_410_M013_coder.wav.pcm"
郑州新闻广播。
.
"/mnt/sdcard/pcm/800_Enc_NoWavHead/18radio/18radio_417_M013_coder.wav.pcm"
长春交通之声。
.
"/mnt/sdcard/pcm/800_Enc_NoWavHead/18radio/18radio_424_M013_coder.wav.pcm"
阳江音乐台。
.
"/mnt/sdcard/pcm/800_Enc_NoWavHead/18radio/18radio_431_M013_coder.wav.pcm"
青苹果电台。
.
"/mnt/sdcard/pcm/800_Enc_NoWavHead/18radio/18radio_438_M013_coder.wav.pcm"
FM895。
.
"/mnt/sdcard/pcm/800_Enc_NoWavHead/18radio/18radio_445_M013_coder.wav.pcm"
FM914。
.
"/mnt/sdcard/pcm/800_Enc_NoWavHead/18radio/18radio_452_M013_coder.wav.pcm"
am1345。
.
"/mnt/sdcard/pcm/800_Enc_NoWavHead/19restaurant/19restaurant_002_F023_coder.wav.pcm"
上海南京路附近著名的小吃。
.
"/mnt/sdcard/pcm/800_Enc_NoWavHead/19restaurant/19restaurant_009_F023_coder.wav.pcm"
中山北路地铁站附近有没有必胜客?
.
"/mnt/sdcard/pcm/800_Enc_NoWavHead/19restaurant/19restaurant_016_F024_coder.wav.pcm"
凯悦酒家有什么特色菜?
.
"/mnt/sdcard/pcm/800_Enc_NoWavHead/19restaurant/19restaurant_023_F025_coder.wav.pcm"
北京王府井附近的小吃。
.
"/mnt/sdcard/pcm/800_Enc_NoWavHead/19restaurant/19restaurant_030_F025_coder.wav.pcm"
合肥包河区女人街有什么实惠的川菜馆?
.
"/mnt/sdcard/pcm/800_Enc_NoWavHead/19restaurant/19restaurant_037_M007_coder.wav.pcm"
合肥市政府这最近的麦当劳在哪里?
.
"/mnt/sdcard/pcm/800_Enc_NoWavHead/19restaurant/19restaurant_044_F026_coder.wav.pcm"
合肥长江西路上面有阿瓦山寨饭店吗?
.
"/mnt/sdcard/pcm/800_Enc_NoWavHead/19restaurant/19restaurant_051_M008_coder.wav.pcm"
哪里有好吃的三河土菜馆?
.
"/mnt/sdcard/pcm/800_Enc_NoWavHead/19restaurant/19restaurant_058_M008_coder.wav.pcm"
帮我找一找乌龙派出所附近的日本料理。
.
"/mnt/sdcard/pcm/800_Enc_NoWavHead/19restaurant/19restaurant_065_M008_coder.wav.pcm"
我们要吃诸葛烤鱼。
.
"/mnt/sdcard/pcm/800_Enc_NoWavHead/19restaurant/19restaurant_072_M008_coder.wav.pcm"
我肚子饿了,想吃肯德基。
.
"/mnt/sdcard/pcm/800_Enc_NoWavHead/19restaurant/19restaurant_079_M008_coder.wav.pcm"
搜索合肥的桂林米粉店。
.
"/mnt/sdcard/pcm/800_Enc_NoWavHead/19restaurant/19restaurant_086_F027_coder.wav.pcm"
搜索附近的餐厅。
.
"/mnt/sdcard/pcm/800_Enc_NoWavHead/19restaurant/19restaurant_093_F027_coder.wav.pcm"
望江西路上有什么好吃的?
.
"/mnt/sdcard/pcm/800_Enc_NoWavHead/19restaurant/19restaurant_100_F027_coder.wav.pcm"
查一查合肥市第一人民医院附近的烤鸭店。
.
"/mnt/sdcard/pcm/800_Enc_NoWavHead/19restaurant/19restaurant_107_F027_coder.wav.pcm"
查一查美国驻上海领事馆附近的烤鸭店。
.
"/mnt/sdcard/pcm/800_Enc_NoWavHead/19restaurant/19restaurant_114_M009_coder.wav.pcm"
火车站附近有便宜点的饭店吗?
.
"/mnt/sdcard/pcm/800_Enc_NoWavHead/19restaurant/19restaurant_121_M009_coder.wav.pcm"
知不知道滨湖的自助火锅怎么样?
.
"/mnt/sdcard/pcm/800_Enc_NoWavHead/19restaurant/19restaurant_128_M009_coder.wav.pcm"
蜀王火锅店在哪里?
.
"/mnt/sdcard/pcm/800_Enc_NoWavHead/19restaurant/19restaurant_135_M010_coder.wav.pcm"
附近哪里有好的饭店?
.
"/mnt/sdcard/pcm/800_Enc_NoWavHead/19restaurant/19restaurant_142_M010_coder.wav.pcm"
附近有好吃的泰国菜吗?
.
"/mnt/sdcard/pcm/800_Enc_NoWavHead/19restaurant/19restaurant_149_M010_coder.wav.pcm"
高新区自主餐厅。
.
"/mnt/sdcard/pcm/800_Enc_NoWavHead/1air_control/1air_control_005_M097_coder.wav.pcm"
26度。
.
"/mnt/sdcard/pcm/800_Enc_NoWavHead/1air_control/1air_control_012_M099_coder.wav.pcm"
帮我关下空调。
.
"/mnt/sdcard/pcm/800_Enc_NoWavHead/1air_control/1air_control_019_M099_coder.wav.pcm"
帮我把空调打开。
.
"/mnt/sdcard/pcm/800_Enc_NoWavHead/1air_control/1air_control_026_M102_coder.wav.pcm"
帮我把空调风向下。
.
"/mnt/sdcard/pcm/800_Enc_NoWavHead/1air_control/1air_control_033_M071_coder.wav.pcm"
我想关闭空调。
.
"/mnt/sdcard/pcm/800_Enc_NoWavHead/1air_control/1air_control_040_M072_coder.wav.pcm"
我想把温度调低一度。
.
"/mnt/sdcard/pcm/800_Enc_NoWavHead/1air_control/1air_control_047_M074_coder.wav.pcm"
我想把风速调大一点。
.
"/mnt/sdcard/pcm/800_Enc_NoWavHead/1air_control/1air_control_054_M047_coder.wav.pcm"
我想要空调除霜。
.
"/mnt/sdcard/pcm/800_Enc_NoWavHead/1air_control/1air_control_061_M049_coder.wav.pcm"
我想运行空调。
.
"/mnt/sdcard/pcm/800_Enc_NoWavHead/1air_control/1air_control_068_M050_coder.wav.pcm"
温度调高。
.
"/mnt/sdcard/pcm/800_Enc_NoWavHead/1air_control/1air_control_075_M075_coder.wav.pcm"
空调手动模式。
.
"/mnt/sdcard/pcm/800_Enc_NoWavHead/1air_control/1air_control_082_F001_coder.wav.pcm"
空调除霜。
.
"/mnt/sdcard/pcm/800_Enc_NoWavHead/1air_control/1air_control_089_F001_coder.wav.pcm"
设定风向为扫风。
.
"/mnt/sdcard/pcm/800_Enc_NoWavHead/1air_control/1air_control_096_F002_coder.wav.pcm"
搜索小一点。
.
"/mnt/sdcard/pcm/800_Enc_NoWavHead/20schedule/20schedule_003_F023_coder.wav.pcm"
5月1日下午5点叫我起床记得提醒我。
.
"/mnt/sdcard/pcm/800_Enc_NoWavHead/20schedule/20schedule_010_F023_coder.wav.pcm"
下一个科大讯飞前提醒我一下。
.
"/mnt/sdcard/pcm/800_Enc_NoWavHead/20schedule/20schedule_017_F024_coder.wav.pcm"
22点提醒。
.
"/mnt/sdcard/pcm/800_Enc_NoWavHead/20schedule/20schedule_024_F025_coder.wav.pcm"
到下一个长江西路前提醒我下。
.
"/mnt/sdcard/pcm/800_Enc_NoWavHead/20schedule/20schedule_031_M007_coder.wav.pcm"
到安徽农业大学时提醒我。
.
"/mnt/sdcard/pcm/800_Enc_NoWavHead/20schedule/20schedule_038_M007_coder.wav.pcm"
周日下午5点闹钟。
.
"/mnt/sdcard/pcm/800_Enc_NoWavHead/20schedule/20schedule_045_F026_coder.wav.pcm"
定周六早上6点的闹钟。
.
"/mnt/sdcard/pcm/800_Enc_NoWavHead/20schedule/20schedule_052_M008_coder.wav.pcm"
快到讯飞大厦时提醒我一下。
.
"/mnt/sdcard/pcm/800_Enc_NoWavHead/20schedule/20schedule_059_M008_coder.wav.pcm"
提醒我4月30号会议安排在下午3点。
.
"/mnt/sdcard/pcm/800_Enc_NoWavHead/20schedule/20schedule_066_M008_coder.wav.pcm"
明早九点后设置闹钟。
.
"/mnt/sdcard/pcm/800_Enc_NoWavHead/20schedule/20schedule_073_M008_coder.wav.pcm"
查找下午的备忘。
.
"/mnt/sdcard/pcm/800_Enc_NoWavHead/20schedule/20schedule_080_M008_coder.wav.pcm"
给我定一个5月1日,下午5点的闹铃。
.
"/mnt/sdcard/pcm/800_Enc_NoWavHead/20schedule/20schedule_087_F027_coder.wav.pcm"
设置一个晚上11点的提醒。
.
"/mnt/sdcard/pcm/800_Enc_NoWavHead/20schedule/20schedule_094_F027_coder.wav.pcm"
麻烦到长江西路前提醒我下。
.
"/mnt/sdcard/pcm/800_Enc_NoWavHead/21stock/21stock_001_F023_coder.wav.pcm"
600771今日一股多少钱?
.
"/mnt/sdcard/pcm/800_Enc_NoWavHead/21stock/21stock_008_F023_coder.wav.pcm"
津劝业可以抛了吗？
.
"/mnt/sdcard/pcm/800_Enc_NoWavHead/21stock/21stock_015_F024_coder.wav.pcm"
股票代码为002063的分时图。
.
"/mnt/sdcard/pcm/800_Enc_NoWavHead/21stock/21stock_022_F025_coder.wav.pcm"
帮我查万科a的股票信息。
.
"/mnt/sdcard/pcm/800_Enc_NoWavHead/21stock/21stock_029_F025_coder.wav.pcm"
今天股票价格多少?
.
"/mnt/sdcard/pcm/800_Enc_NoWavHead/21stock/21stock_036_M007_coder.wav.pcm"
悦达投资今日一股多少钱?
.
"/mnt/sdcard/pcm/800_Enc_NoWavHead/21stock/21stock_043_F026_coder.wav.pcm"
告诉我马钢股份股票今日收盘价。
.
"/mnt/sdcard/pcm/800_Enc_NoWavHead/21stock/21stock_050_F026_coder.wav.pcm"
最近的股票可以买吗?
.
"/mnt/sdcard/pcm/800_Enc_NoWavHead/21stock/21stock_057_M008_coder.wav.pcm"
今天中石化的最高涨值多少?
.
"/mnt/sdcard/pcm/800_Enc_NoWavHead/21stock/21stock_064_M008_coder.wav.pcm"
股票。
.
"/mnt/sdcard/pcm/800_Enc_NoWavHead/21stock/21stock_071_M008_coder.wav.pcm"
查询王老吉的股票价格。
.
"/mnt/sdcard/pcm/800_Enc_NoWavHead/21stock/21stock_078_M008_coder.wav.pcm"
查询沪股大盘的星星。
.
"/mnt/sdcard/pcm/800_Enc_NoWavHead/21stock/21stock_085_F027_coder.wav.pcm"
查询苹果的股票信息。
.
"/mnt/sdcard/pcm/800_Enc_NoWavHead/21stock/21stock_092_F027_coder.wav.pcm"
56789贝因美股票在哪个交易所上市的?
.
"/mnt/sdcard/pcm/800_Enc_NoWavHead/21stock/21stock_099_F027_coder.wav.pcm"
查询苹果的股票信息。
.
"/mnt/sdcard/pcm/800_Enc_NoWavHead/21stock/21stock_106_F027_coder.wav.pcm"
查询升股大盘查询。
.
"/mnt/sdcard/pcm/800_Enc_NoWavHead/21stock/21stock_113_M009_coder.wav.pcm"
股票日k线。
.
"/mnt/sdcard/pcm/800_Enc_NoWavHead/21stock/21stock_120_M009_coder.wav.pcm"
帮我查询一支股票的价格600484。
.
"/mnt/sdcard/pcm/800_Enc_NoWavHead/21stock/21stock_127_M009_coder.wav.pcm"
昆明机床昨日收盘时,股值是多少?
.
"/mnt/sdcard/pcm/800_Enc_NoWavHead/21stock/21stock_134_M010_coder.wav.pcm"
看一下华北制药的价格。
.
"/mnt/sdcard/pcm/800_Enc_NoWavHead/21stock/21stock_141_M010_coder.wav.pcm"
600795的涨跌,帮我看一下。
.
"/mnt/sdcard/pcm/800_Enc_NoWavHead/21stock/21stock_148_M010_coder.wav.pcm"
科大讯飞的市值是多少?
.
"/mnt/sdcard/pcm/800_Enc_NoWavHead/22telephone/22telephone_005_F023_coder.wav.pcm"
呼叫中国移动。
.
"/mnt/sdcard/pcm/800_Enc_NoWavHead/22telephone/22telephone_012_F024_coder.wav.pcm"
呼叫许启雨。
.
"/mnt/sdcard/pcm/800_Enc_NoWavHead/22telephone/22telephone_019_F024_coder.wav.pcm"
帮我打一下董文杰班主任的电话。
.
"/mnt/sdcard/pcm/800_Enc_NoWavHead/22telephone/22telephone_026_F025_coder.wav.pcm"
帮我打电话。
.
"/mnt/sdcard/pcm/800_Enc_NoWavHead/22telephone/22telephone_033_M007_coder.wav.pcm"
帮我打给王卓189号码。
.
"/mnt/sdcard/pcm/800_Enc_NoWavHead/22telephone/22telephone_040_M007_coder.wav.pcm"
招商业务员的号码打一下。
.
"/mnt/sdcard/pcm/800_Enc_NoWavHead/22telephone/22telephone_047_F026_coder.wav.pcm"
我想打个电话。
.
"/mnt/sdcard/pcm/800_Enc_NoWavHead/22telephone/22telephone_054_M008_coder.wav.pcm"
我想打非办司机小张的。
.
"/mnt/sdcard/pcm/800_Enc_NoWavHead/22telephone/22telephone_061_M008_coder.wav.pcm"
我想打给15331800。
.
"/mnt/sdcard/pcm/800_Enc_NoWavHead/22telephone/22telephone_068_M008_coder.wav.pcm"
我想给黄燕打电话。
.
"/mnt/sdcard/pcm/800_Enc_NoWavHead/22telephone/22telephone_075_M008_coder.wav.pcm"
我要给15933556688打电话。
.
"/mnt/sdcard/pcm/800_Enc_NoWavHead/22telephone/22telephone_082_F027_coder.wav.pcm"
打个电话给焦炫。
.
"/mnt/sdcard/pcm/800_Enc_NoWavHead/22telephone/22telephone_089_F027_coder.wav.pcm"
打外婆家的固话。
.
"/mnt/sdcard/pcm/800_Enc_NoWavHead/22telephone/22telephone_096_F027_coder.wav.pcm"
大姨家月嫂的住宅电话。
.
"/mnt/sdcard/pcm/800_Enc_NoWavHead/22telephone/22telephone_103_F027_coder.wav.pcm"
打电话给何炅。
.
"/mnt/sdcard/pcm/800_Enc_NoWavHead/22telephone/22telephone_110_F027_coder.wav.pcm"
打电话给114。
.
"/mnt/sdcard/pcm/800_Enc_NoWavHead/22telephone/22telephone_117_M009_coder.wav.pcm"
打电话给江涛背景。
.
"/mnt/sdcard/pcm/800_Enc_NoWavHead/22telephone/22telephone_124_M009_coder.wav.pcm"
打电话给蒋微。
.
"/mnt/sdcard/pcm/800_Enc_NoWavHead/22telephone/22telephone_131_M010_coder.wav.pcm"
打给110。
.
"/mnt/sdcard/pcm/800_Enc_NoWavHead/22telephone/22telephone_138_M010_coder.wav.pcm"
打给赵祥。
.
"/mnt/sdcard/pcm/800_Enc_NoWavHead/22telephone/22telephone_145_M010_coder.wav.pcm"
打给高毅。
.
"/mnt/sdcard/pcm/800_Enc_NoWavHead/22telephone/22telephone_152_M011_coder.wav.pcm"
打开春红日本的号。
.
"/mnt/sdcard/pcm/800_Enc_NoWavHead/22telephone/22telephone_159_M011_coder.wav.pcm"
拨一下姜蓓丽的电话。
.
"/mnt/sdcard/pcm/800_Enc_NoWavHead/22telephone/22telephone_166_M011_coder.wav.pcm"
拨号1335587610。
.
"/mnt/sdcard/pcm/800_Enc_NoWavHead/22telephone/22telephone_173_M011_coder.wav.pcm"
播放绩溪家。
.
"/mnt/sdcard/pcm/800_Enc_NoWavHead/22telephone/22telephone_180_M011_coder.wav.pcm"
拨打0682。
.
"/mnt/sdcard/pcm/800_Enc_NoWavHead/22telephone/22telephone_187_F028_coder.wav.pcm"
拨打小张的电话。
.
"/mnt/sdcard/pcm/800_Enc_NoWavHead/22telephone/22telephone_194_F028_coder.wav.pcm"
拨打火警电话。
.
"/mnt/sdcard/pcm/800_Enc_NoWavHead/22telephone/22telephone_201_F028_coder.wav.pcm"
拨打白强的151的号码。
.
"/mnt/sdcard/pcm/800_Enc_NoWavHead/22telephone/22telephone_208_F028_coder.wav.pcm"
拨打赵于飞。
.
"/mnt/sdcard/pcm/800_Enc_NoWavHead/22telephone/22telephone_215_F029_coder.wav.pcm"
拨打高光来的内蒙的联通的电话。
.
"/mnt/sdcard/pcm/800_Enc_NoWavHead/22telephone/22telephone_222_F029_coder.wav.pcm"
拨通张三的电话。
.
"/mnt/sdcard/pcm/800_Enc_NoWavHead/22telephone/22telephone_229_F029_coder.wav.pcm"
烦请拨一下张三业务员的电话。
.
"/mnt/sdcard/pcm/800_Enc_NoWavHead/22telephone/22telephone_236_F029_coder.wav.pcm"
电话给老爸手机。
.
"/mnt/sdcard/pcm/800_Enc_NoWavHead/22telephone/22telephone_243_F030_coder.wav.pcm"
给似文竹去个电话。
.
"/mnt/sdcard/pcm/800_Enc_NoWavHead/22telephone/22telephone_250_F030_coder.wav.pcm"
给张三业务员打电话聊聊。
.
"/mnt/sdcard/pcm/800_Enc_NoWavHead/22telephone/22telephone_257_F030_coder.wav.pcm"
给我打张三业务员电信的电话。
.
"/mnt/sdcard/pcm/800_Enc_NoWavHead/22telephone/22telephone_264_F030_coder.wav.pcm"
给王道广136的号码打个电话。
.
"/mnt/sdcard/pcm/800_Enc_NoWavHead/22telephone/22telephone_271_F030_coder.wav.pcm"
给默默打电话。
.
"/mnt/sdcard/pcm/800_Enc_NoWavHead/22telephone/22telephone_278_F030_coder.wav.pcm"
请你拨打安邦光的电话。
.
"/mnt/sdcard/pcm/800_Enc_NoWavHead/22telephone/22telephone_285_M012_coder.wav.pcm"
请帮我打电话给徐承的联通号码。
.
"/mnt/sdcard/pcm/800_Enc_NoWavHead/22telephone/22telephone_292_M012_coder.wav.pcm"
请打一下张三业务员的固定电话。
.
"/mnt/sdcard/pcm/800_Enc_NoWavHead/22telephone/22telephone_299_M012_coder.wav.pcm"
请拨一下张三业务员的电话。
.
"/mnt/sdcard/pcm/800_Enc_NoWavHead/22telephone/22telephone_306_M012_coder.wav.pcm"
赶紧给杜美凤的办公号码。
.
"/mnt/sdcard/pcm/800_Enc_NoWavHead/23traffic/23traffic_005_F023_coder.wav.pcm"
上海浦东新区丁香路的路况好不好。
.
"/mnt/sdcard/pcm/800_Enc_NoWavHead/23traffic/23traffic_012_F024_coder.wav.pcm"
中国农业大学周围的路况怎么样?
.
"/mnt/sdcard/pcm/800_Enc_NoWavHead/23traffic/23traffic_019_F024_coder.wav.pcm"
交通中路交通路路口周围堵。
.
"/mnt/sdcard/pcm/800_Enc_NoWavHead/23traffic/23traffic_026_F025_coder.wav.pcm"
到中山市中山科创电器有限公司的路况怎么样?
.
"/mnt/sdcard/pcm/800_Enc_NoWavHead/23traffic/23traffic_033_M007_coder.wav.pcm"
到合肥市盛记香辣大龙虾烧烤大王堵车吗?
.
"/mnt/sdcard/pcm/800_Enc_NoWavHead/23traffic/23traffic_040_M007_coder.wav.pcm"
到安徽省科技馆的路况怎么样?
.
"/mnt/sdcard/pcm/800_Enc_NoWavHead/23traffic/23traffic_047_F026_coder.wav.pcm"
到昙华路瓦窑坑街路口的路况如何?
.
"/mnt/sdcard/pcm/800_Enc_NoWavHead/23traffic/23traffic_054_M008_coder.wav.pcm"
到苏州市金家桥的路况怎么样?
.
"/mnt/sdcard/pcm/800_Enc_NoWavHead/23traffic/23traffic_061_M008_coder.wav.pcm"
解放的路况好不好。
.
"/mnt/sdcard/pcm/800_Enc_NoWavHead/23traffic/23traffic_068_M008_coder.wav.pcm"
前面堵车吗?
.
"/mnt/sdcard/pcm/800_Enc_NoWavHead/23traffic/23traffic_075_M008_coder.wav.pcm"
北京丰台路口路况。
.
"/mnt/sdcard/pcm/800_Enc_NoWavHead/23traffic/23traffic_082_F027_coder.wav.pcm"
北京平和街上向东方向堵不堵?
.
"/mnt/sdcard/pcm/800_Enc_NoWavHead/23traffic/23traffic_089_F027_coder.wav.pcm"
南京秦淮区夫子庙周围的路况好不好。
.
"/mnt/sdcard/pcm/800_Enc_NoWavHead/23traffic/23traffic_096_F027_coder.wav.pcm"
厦门市思明区堵车吗?
.
"/mnt/sdcard/pcm/800_Enc_NoWavHead/23traffic/23traffic_103_F027_coder.wav.pcm"
合肥市东至路周围的交通状况。
.
"/mnt/sdcard/pcm/800_Enc_NoWavHead/23traffic/23traffic_110_F027_coder.wav.pcm"
合肥文化泡沫包装材料有限,责任州尾,堵车吗?
.
"/mnt/sdcard/pcm/800_Enc_NoWavHead/23traffic/23traffic_117_M009_coder.wav.pcm"
城东区互助路堵吗?
.
"/mnt/sdcard/pcm/800_Enc_NoWavHead/23traffic/23traffic_124_M009_coder.wav.pcm"
如意胡同上向西方向堵吗?
.
"/mnt/sdcard/pcm/800_Enc_NoWavHead/23traffic/23traffic_131_M010_coder.wav.pcm"
铜官大道附近堵吗?
.
"/mnt/sdcard/pcm/800_Enc_NoWavHead/23traffic/23traffic_138_M010_coder.wav.pcm"
庐阳区金寨,路上向南方向交通状况。
.
"/mnt/sdcard/pcm/800_Enc_NoWavHead/23traffic/23traffic_145_M010_coder.wav.pcm"
成都市蜀汉路附近的路况怎么样?
.
"/mnt/sdcard/pcm/800_Enc_NoWavHead/23traffic/23traffic_152_M011_coder.wav.pcm"
本溪市明山区解放北二路西芬路路口路况。
.
"/mnt/sdcard/pcm/800_Enc_NoWavHead/23traffic/23traffic_159_M011_coder.wav.pcm"
沈阳市深得线上向北方向路况。
.
"/mnt/sdcard/pcm/800_Enc_NoWavHead/23traffic/23traffic_166_M011_coder.wav.pcm"
温州市滨海二道上向西方向的路况好不好。
.
"/mnt/sdcard/pcm/800_Enc_NoWavHead/23traffic/23traffic_173_M011_coder.wav.pcm"
环城南路附近堵车吗?
.
"/mnt/sdcard/pcm/800_Enc_NoWavHead/23traffic/23traffic_180_M011_coder.wav.pcm"
苏州市竹园路上向南方向堵车吗?
.
"/mnt/sdcard/pcm/800_Enc_NoWavHead/23traffic/23traffic_187_F028_coder.wav.pcm"
西固区西固巷堵不堵?
.
"/mnt/sdcard/pcm/800_Enc_NoWavHead/23traffic/23traffic_194_F028_coder.wav.pcm"
连平县的路况好不好。
.
"/mnt/sdcard/pcm/800_Enc_NoWavHead/23traffic/23traffic_201_F028_coder.wav.pcm"
金康东道附近的路况。
.
"/mnt/sdcard/pcm/800_Enc_NoWavHead/23traffic/23traffic_208_F028_coder.wav.pcm"
长江路与潜山路的交叉路口堵不堵?
.
"/mnt/sdcard/pcm/800_Enc_NoWavHead/23traffic/23traffic_215_F029_coder.wav.pcm"
黄山路小学附近的路况怎么样?
.
"/mnt/sdcard/pcm/800_Enc_NoWavHead/24train/24train_005_F002_coder.wav.pcm"
帮我订一张到上海的动车,单程的火车票。
.
"/mnt/sdcard/pcm/800_Enc_NoWavHead/24train/24train_012_F024_coder.wav.pcm"
订一张3月3号,合肥到哈尔滨的直快软卧。
.
"/mnt/sdcard/pcm/800_Enc_NoWavHead/24train/24train_019_F024_coder.wav.pcm"
单程合肥到芜湖的普快,硬座的火车票。
.
"/mnt/sdcard/pcm/800_Enc_NoWavHead/24train/24train_026_F025_coder.wav.pcm"
查一下明天的火车票还有吗?
.
"/mnt/sdcard/pcm/800_Enc_NoWavHead/24train/24train_033_M007_coder.wav.pcm"
麻烦订两张3月3号,合肥到北京的动车,特等座的火车票。
.
"/mnt/sdcard/pcm/800_Enc_NoWavHead/24train/24train_040_M007_coder.wav.pcm"
帮我查一下明天到北京的特快软卧的火车票剩余情况。
.
"/mnt/sdcard/pcm/800_Enc_NoWavHead/24train/24train_047_F026_coder.wav.pcm"
麻烦订两张到北京的动车,特等座的火车票。
.
"/mnt/sdcard/pcm/800_Enc_NoWavHead/24train/24train_054_M008_coder.wav.pcm"
麻烦帮我查一下3月4号,合肥到安庆的空调火车票还有剩余的吗?
.
"/mnt/sdcard/pcm/800_Enc_NoWavHead/24train/24train_061_M008_coder.wav.pcm"
麻烦订两张动车的火车票。
.
"/mnt/sdcard/pcm/800_Enc_NoWavHead/24train/24train_068_M008_coder.wav.pcm"
这个月得去合肥的火车票。
.
"/mnt/sdcard/pcm/800_Enc_NoWavHead/24train/24train_075_M008_coder.wav.pcm"
查询11月9号到10号去上海的火车票。
.
"/mnt/sdcard/pcm/800_Enc_NoWavHead/24train/24train_082_F027_coder.wav.pcm"
元旦去合肥的火车票还有剩余。
.
"/mnt/sdcard/pcm/800_Enc_NoWavHead/24train/24train_089_F027_coder.wav.pcm"
麻烦帮我查一下3月4号到安庆的空调,硬座火车票还有剩余的吗?
.
"/mnt/sdcard/pcm/800_Enc_NoWavHead/24train/24train_096_F027_coder.wav.pcm"
查一下今天合肥到上海的火车票。
.
"/mnt/sdcard/pcm/800_Enc_NoWavHead/24train/24train_103_F027_coder.wav.pcm"
帮我订一张29号,合肥到上海的动车一等座的火车票。
.
"/mnt/sdcard/pcm/800_Enc_NoWavHead/24train/24train_110_F027_coder.wav.pcm"
合肥到上海的火车票4月30号的还有没有。
.
"/mnt/sdcard/pcm/800_Enc_NoWavHead/24train/24train_117_M009_coder.wav.pcm"

.
"/mnt/sdcard/pcm/800_Enc_NoWavHead/24train/24train_124_M009_coder.wav.pcm"
查一下火车票还有吗?
.
"/mnt/sdcard/pcm/800_Enc_NoWavHead/24train/24train_131_M010_coder.wav.pcm"
帮我订一张合肥到郑州的动车,商务座。
.
"/mnt/sdcard/pcm/800_Enc_NoWavHead/24train/24train_138_M010_coder.wav.pcm"
帮我订一张单程到上海的动车一等座的火车票。
.
"/mnt/sdcard/pcm/800_Enc_NoWavHead/24train/24train_145_M010_coder.wav.pcm"
3月的去合肥的火车票。
.
"/mnt/sdcard/pcm/800_Enc_NoWavHead/25vehicle/25vehicle_002_F002_coder.wav.pcm"
制动是否正常?
.
"/mnt/sdcard/pcm/800_Enc_NoWavHead/25vehicle/25vehicle_009_F002_coder.wav.pcm"
发动机怎么了?
.
"/mnt/sdcard/pcm/800_Enc_NoWavHead/25vehicle/25vehicle_016_F024_coder.wav.pcm"
帮忙查一下水温是否正常。
.
"/mnt/sdcard/pcm/800_Enc_NoWavHead/25vehicle/25vehicle_023_F025_coder.wav.pcm"
帮忙检查一下刹车系统是否正常。
.
"/mnt/sdcard/pcm/800_Enc_NoWavHead/25vehicle/25vehicle_030_F025_coder.wav.pcm"
帮忙看看刹车系统是否正常。
.
"/mnt/sdcard/pcm/800_Enc_NoWavHead/25vehicle/25vehicle_037_M007_coder.wav.pcm"
帮我检查一下胎压。
.
"/mnt/sdcard/pcm/800_Enc_NoWavHead/25vehicle/25vehicle_044_F026_coder.wav.pcm"
当前胎压多少?
.
"/mnt/sdcard/pcm/800_Enc_NoWavHead/25vehicle/25vehicle_051_M008_coder.wav.pcm"
我想知道空调系统是否正常?
.
"/mnt/sdcard/pcm/800_Enc_NoWavHead/25vehicle/25vehicle_058_M008_coder.wav.pcm"
查一下空调系统是否正常?
.
"/mnt/sdcard/pcm/800_Enc_NoWavHead/25vehicle/25vehicle_065_M008_coder.wav.pcm"
检查一下发动机。
.
"/mnt/sdcard/pcm/800_Enc_NoWavHead/25vehicle/25vehicle_072_M008_coder.wav.pcm"
水温是否正常?
.
"/mnt/sdcard/pcm/800_Enc_NoWavHead/25vehicle/25vehicle_079_M008_coder.wav.pcm"
看看我的制动是否有问题。
.
"/mnt/sdcard/pcm/800_Enc_NoWavHead/25vehicle/25vehicle_086_F027_coder.wav.pcm"
胎压如何?
.
"/mnt/sdcard/pcm/800_Enc_NoWavHead/25vehicle/25vehicle_093_F027_coder.wav.pcm"
请帮我看一下空调系统是不是正常?
.
"/mnt/sdcard/pcm/800_Enc_NoWavHead/25vehicle/25vehicle_100_F027_coder.wav.pcm"
还能跑多少公里?
.
"/mnt/sdcard/pcm/800_Enc_NoWavHead/26weather/26weather_007_F002_coder.wav.pcm"
上海未来一周天气。
.
"/mnt/sdcard/pcm/800_Enc_NoWavHead/26weather/26weather_014_F024_coder.wav.pcm"
丹东明天的气温多少度?
.
"/mnt/sdcard/pcm/800_Enc_NoWavHead/26weather/26weather_021_F025_coder.wav.pcm"
九江星期日多少度?
.
"/mnt/sdcard/pcm/800_Enc_NoWavHead/26weather/26weather_028_F025_coder.wav.pcm"
今天有没有下雨?
.
"/mnt/sdcard/pcm/800_Enc_NoWavHead/26weather/26weather_035_M007_coder.wav.pcm"
宜春最近会下雨吗?
.
"/mnt/sdcard/pcm/800_Enc_NoWavHead/26weather/26weather_042_F026_coder.wav.pcm"
北京天气。
.
"/mnt/sdcard/pcm/800_Enc_NoWavHead/26weather/26weather_049_F026_coder.wav.pcm"
南京市天气。
.
"/mnt/sdcard/pcm/800_Enc_NoWavHead/26weather/26weather_056_M008_coder.wav.pcm"
合肥啥天气?
.
"/mnt/sdcard/pcm/800_Enc_NoWavHead/26weather/26weather_063_M008_coder.wav.pcm"
合肥明天的天气怎么样?
.
"/mnt/sdcard/pcm/800_Enc_NoWavHead/26weather/26weather_070_M008_coder.wav.pcm"
合肥现在冷吗?
.
"/mnt/sdcard/pcm/800_Enc_NoWavHead/26weather/26weather_077_M008_coder.wav.pcm"
舟山天气保定。
.
"/mnt/sdcard/pcm/800_Enc_NoWavHead/26weather/26weather_084_F027_coder.wav.pcm"
大后天的天气。
.
"/mnt/sdcard/pcm/800_Enc_NoWavHead/26weather/26weather_091_F027_coder.wav.pcm"
天气预报。
.
"/mnt/sdcard/pcm/800_Enc_NoWavHead/26weather/26weather_098_F027_coder.wav.pcm"
帮我查一下乌鲁木齐的天气。
.
"/mnt/sdcard/pcm/800_Enc_NoWavHead/26weather/26weather_105_F027_coder.wav.pcm"
我想知道合肥后天的气温。
.
"/mnt/sdcard/pcm/800_Enc_NoWavHead/26weather/26weather_112_M009_coder.wav.pcm"
播报一下合肥的天气。
.
"/mnt/sdcard/pcm/800_Enc_NoWavHead/26weather/26weather_119_M009_coder.wav.pcm"
明天什么天气?
.
"/mnt/sdcard/pcm/800_Enc_NoWavHead/26weather/26weather_126_M009_coder.wav.pcm"
明天晴天吗?
.
"/mnt/sdcard/pcm/800_Enc_NoWavHead/26weather/26weather_133_M010_coder.wav.pcm"
明城泰山的气温如何?
.
"/mnt/sdcard/pcm/800_Enc_NoWavHead/26weather/26weather_140_M010_coder.wav.pcm"
今天合肥热不热?
.
"/mnt/sdcard/pcm/800_Enc_NoWavHead/26weather/26weather_147_M010_coder.wav.pcm"
最近几天有雨吗?
.
"/mnt/sdcard/pcm/800_Enc_NoWavHead/26weather/26weather_154_M011_coder.wav.pcm"
最近的天气。
.
"/mnt/sdcard/pcm/800_Enc_NoWavHead/26weather/26weather_161_M011_coder.wav.pcm"
查一下合肥的天气。
.
"/mnt/sdcard/pcm/800_Enc_NoWavHead/26weather/26weather_168_M011_coder.wav.pcm"
查查中卫星期二会不会下雨?
.
"/mnt/sdcard/pcm/800_Enc_NoWavHead/26weather/26weather_175_M011_coder.wav.pcm"
查询天气。
.
"/mnt/sdcard/pcm/800_Enc_NoWavHead/26weather/26weather_182_F028_coder.wav.pcm"
玉龙雪山的天气如何?
.
"/mnt/sdcard/pcm/800_Enc_NoWavHead/26weather/26weather_189_F028_coder.wav.pcm"
跟我讲下合肥的天气。
.
"/mnt/sdcard/pcm/800_Enc_NoWavHead/26weather/26weather_196_F028_coder.wav.pcm"
雨大不大。
.
"/mnt/sdcard/pcm/800_Enc_NoWavHead/2app/2app_005_M097_coder.wav.pcm"
关闭斗地主游戏。
.
"/mnt/sdcard/pcm/800_Enc_NoWavHead/2app/2app_012_M099_coder.wav.pcm"
蓝牙。
.
"/mnt/sdcard/pcm/800_Enc_NoWavHead/2app/2app_019_M099_coder.wav.pcm"
关闭东方财付通。
.
"/mnt/sdcard/pcm/800_Enc_NoWavHead/2app/2app_026_M102_coder.wav.pcm"
关闭收音机。
.
"/mnt/sdcard/pcm/800_Enc_NoWavHead/2app/2app_033_M071_coder.wav.pcm"
关闭音乐。
.
"/mnt/sdcard/pcm/800_Enc_NoWavHead/2app/2app_040_M072_coder.wav.pcm"
打开连连看。
.
"/mnt/sdcard/pcm/800_Enc_NoWavHead/2app/2app_047_M074_coder.wav.pcm"
退出蓝牙。
.
"/mnt/sdcard/pcm/800_Enc_NoWavHead/2app/2app_054_M047_coder.wav.pcm"
我想关闭电话。
.
"/mnt/sdcard/pcm/800_Enc_NoWavHead/2app/2app_061_M049_coder.wav.pcm"
我想关闭音乐。
.
"/mnt/sdcard/pcm/800_Enc_NoWavHead/2app/2app_068_M050_coder.wav.pcm"
我想打开短信。
.
"/mnt/sdcard/pcm/800_Enc_NoWavHead/2app/2app_075_M075_coder.wav.pcm"
我想打开音乐。
.
"/mnt/sdcard/pcm/800_Enc_NoWavHead/2app/2app_082_F001_coder.wav.pcm"
我要关闭导航。
.
"/mnt/sdcard/pcm/800_Enc_NoWavHead/2app/2app_089_F001_coder.wav.pcm"
我要关闭百度导航。
.
"/mnt/sdcard/pcm/800_Enc_NoWavHead/2app/2app_096_F002_coder.wav.pcm"
我要打开f m。
.
"/mnt/sdcard/pcm/800_Enc_NoWavHead/2app/2app_103_F003_coder.wav.pcm"
我要打开短信。
.
"/mnt/sdcard/pcm/800_Enc_NoWavHead/2app/2app_110_F003_coder.wav.pcm"
我要退出联系人。
.
"/mnt/sdcard/pcm/800_Enc_NoWavHead/2app/2app_117_F004_coder.wav.pcm"
打开收音机。
.
"/mnt/sdcard/pcm/800_Enc_NoWavHead/2app/2app_124_F005_coder.wav.pcm"
打开音乐。
.
"/mnt/sdcard/pcm/800_Enc_NoWavHead/2app/2app_131_F006_coder.wav.pcm"
退出音乐。
.
"/mnt/sdcard/pcm/800_Enc_NoWavHead/3car_control/3car_control_007_M098_coder.wav.pcm"
关掉下远光灯。
.
"/mnt/sdcard/pcm/800_Enc_NoWavHead/3car_control/3car_control_014_M099_coder.wav.pcm"
关掉近光灯。
.
"/mnt/sdcard/pcm/800_Enc_NoWavHead/3car_control/3car_control_021_M101_coder.wav.pcm"
帮我关掉一下天窗。
.
"/mnt/sdcard/pcm/800_Enc_NoWavHead/3car_control/3car_control_028_M102_coder.wav.pcm"
帮我打开一下后。
.
"/mnt/sdcard/pcm/800_Enc_NoWavHead/3car_control/3car_control_035_M071_coder.wav.pcm"
帮我打开左后车窗。
.
"/mnt/sdcard/pcm/800_Enc_NoWavHead/3car_control/3car_control_042_M073_coder.wav.pcm"
开启下右车窗。
.
"/mnt/sdcard/pcm/800_Enc_NoWavHead/3car_control/3car_control_049_M074_coder.wav.pcm"
开启左车窗。
.
"/mnt/sdcard/pcm/800_Enc_NoWavHead/3car_control/3car_control_056_M048_coder.wav.pcm"
我想关掉一下近光灯。
.
"/mnt/sdcard/pcm/800_Enc_NoWavHead/3car_control/3car_control_063_M049_coder.wav.pcm"
我想关掉后备箱。
.
"/mnt/sdcard/pcm/800_Enc_NoWavHead/3car_control/3car_control_070_M050_coder.wav.pcm"
我想关闭下左车窗。
.
"/mnt/sdcard/pcm/800_Enc_NoWavHead/3car_control/3car_control_077_M105_coder.wav.pcm"
我想开启下示廓灯。
.
"/mnt/sdcard/pcm/800_Enc_NoWavHead/3car_control/3car_control_084_F001_coder.wav.pcm"
我想开启右前车窗。
.
"/mnt/sdcard/pcm/800_Enc_NoWavHead/3car_control/3car_control_091_F002_coder.wav.pcm"
我想打开下左车窗。
.
"/mnt/sdcard/pcm/800_Enc_NoWavHead/3car_control/3car_control_098_F002_coder.wav.pcm"
打开后车窗。
.
"/mnt/sdcard/pcm/800_Enc_NoWavHead/4cmd/4cmd_005_M097_coder.wav.pcm"
上一台。
.
"/mnt/sdcard/pcm/800_Enc_NoWavHead/4cmd/4cmd_012_M099_coder.wav.pcm"
下一台。
.
"/mnt/sdcard/pcm/800_Enc_NoWavHead/4cmd/4cmd_019_M099_coder.wav.pcm"
关闭声音。
.
"/mnt/sdcard/pcm/800_Enc_NoWavHead/4cmd/4cmd_026_M102_coder.wav.pcm"
切到上首歌。
.
"/mnt/sdcard/pcm/800_Enc_NoWavHead/4cmd/4cmd_033_M071_coder.wav.pcm"
切换到上一首歌。
.
"/mnt/sdcard/pcm/800_Enc_NoWavHead/4cmd/4cmd_040_M072_coder.wav.pcm"
单曲循环。
.
"/mnt/sdcard/pcm/800_Enc_NoWavHead/4cmd/4cmd_047_M074_coder.wav.pcm"
听下一首。
.
"/mnt/sdcard/pcm/800_Enc_NoWavHead/4cmd/4cmd_054_M047_coder.wav.pcm"
声音关闭。
.
"/mnt/sdcard/pcm/800_Enc_NoWavHead/4cmd/4cmd_061_M049_coder.wav.pcm"
大声。
.
"/mnt/sdcard/pcm/800_Enc_NoWavHead/4cmd/4cmd_068_M050_coder.wav.pcm"
帮我停止播放。
.
"/mnt/sdcard/pcm/800_Enc_NoWavHead/4cmd/4cmd_075_M075_coder.wav.pcm"
帮我把音量减小。
.
"/mnt/sdcard/pcm/800_Enc_NoWavHead/4cmd/4cmd_082_F001_coder.wav.pcm"
帮我换下一曲。
.
"/mnt/sdcard/pcm/800_Enc_NoWavHead/4cmd/4cmd_089_F001_coder.wav.pcm"
帮我暂停播放。
.
"/mnt/sdcard/pcm/800_Enc_NoWavHead/4cmd/4cmd_096_F002_coder.wav.pcm"
循环播放。
.
"/mnt/sdcard/pcm/800_Enc_NoWavHead/4cmd/4cmd_103_F003_coder.wav.pcm"
我想听上首歌。
.
"/mnt/sdcard/pcm/800_Enc_NoWavHead/4cmd/4cmd_110_F003_coder.wav.pcm"
我想播放。
.
"/mnt/sdcard/pcm/800_Enc_NoWavHead/4cmd/4cmd_117_F004_coder.wav.pcm"
我要停止播放。
.
"/mnt/sdcard/pcm/800_Enc_NoWavHead/4cmd/4cmd_124_F005_coder.wav.pcm"
我要听下一曲。
.
"/mnt/sdcard/pcm/800_Enc_NoWavHead/4cmd/4cmd_131_F006_coder.wav.pcm"
我要暂停。
.
"/mnt/sdcard/pcm/800_Enc_NoWavHead/4cmd/4cmd_138_F006_coder.wav.pcm"
把声音增强一些。
.
"/mnt/sdcard/pcm/800_Enc_NoWavHead/4cmd/4cmd_145_F007_coder.wav.pcm"
把音量调弱一点。
.
"/mnt/sdcard/pcm/800_Enc_NoWavHead/4cmd/4cmd_152_F008_coder.wav.pcm"
播放。
.
"/mnt/sdcard/pcm/800_Enc_NoWavHead/4cmd/4cmd_159_F008_coder.wav.pcm"
设置单曲循环。
.
"/mnt/sdcard/pcm/800_Enc_NoWavHead/4cmd/4cmd_166_F009_coder.wav.pcm"
调高声音。
.
"/mnt/sdcard/pcm/800_Enc_NoWavHead/4cmd/4cmd_173_F010_coder.wav.pcm"
音量增大一点。
.
"/mnt/sdcard/pcm/800_Enc_NoWavHead/5contacts/5contacts_005_M097_coder.wav.pcm"
中国联通客服号码。
.
"/mnt/sdcard/pcm/800_Enc_NoWavHead/5contacts/5contacts_012_M099_coder.wav.pcm"
刘飞烟台的手机号码是多少?
.
"/mnt/sdcard/pcm/800_Enc_NoWavHead/5contacts/5contacts_019_M099_coder.wav.pcm"
孙广路的电话。
.
"/mnt/sdcard/pcm/800_Enc_NoWavHead/5contacts/5contacts_026_M102_coder.wav.pcm"
小何的联系方式。
.
"/mnt/sdcard/pcm/800_Enc_NoWavHead/5contacts/5contacts_033_M071_coder.wav.pcm"
帮我查一下四小姨夫的号码。
.
"/mnt/sdcard/pcm/800_Enc_NoWavHead/5contacts/5contacts_040_M072_coder.wav.pcm"
帮我查一下张风上海的手机号码。
.
"/mnt/sdcard/pcm/800_Enc_NoWavHead/5contacts/5contacts_047_M074_coder.wav.pcm"
帮我查一下王杉的手机号码。
.
"/mnt/sdcard/pcm/800_Enc_NoWavHead/5contacts/5contacts_054_M047_coder.wav.pcm"
帮我查一下胡伟诚信的手机号。
.
"/mnt/sdcard/pcm/800_Enc_NoWavHead/5contacts/5contacts_061_M049_coder.wav.pcm"
我想知道中国电信肖的号码。
.
"/mnt/sdcard/pcm/800_Enc_NoWavHead/5contacts/5contacts_068_M050_coder.wav.pcm"
我想知道客服经理电信的号码。
.
"/mnt/sdcard/pcm/800_Enc_NoWavHead/5contacts/5contacts_075_M075_coder.wav.pcm"
我想知道葛勇杭州的移动的号码。
.
"/mnt/sdcard/pcm/800_Enc_NoWavHead/5contacts/5contacts_082_F001_coder.wav.pcm"
把中国电信肖的联系方式发给刘飞烟台。
.
"/mnt/sdcard/pcm/800_Enc_NoWavHead/5contacts/5contacts_089_F001_coder.wav.pcm"
把吴迪的电话发给徐爽自动化所。
.
"/mnt/sdcard/pcm/800_Enc_NoWavHead/5contacts/5contacts_096_F002_coder.wav.pcm"
把小何的联系方式发给中国电信肖。
.
"/mnt/sdcard/pcm/800_Enc_NoWavHead/5contacts/5contacts_103_F003_coder.wav.pcm"
把王卓的移动号码发给鑫鑫的宣城号码。
.
"/mnt/sdcard/pcm/800_Enc_NoWavHead/5contacts/5contacts_110_F003_coder.wav.pcm"
把王智国的联系方式发给新亚驾校。
.
"/mnt/sdcard/pcm/800_Enc_NoWavHead/5contacts/5contacts_117_F004_coder.wav.pcm"
把王自力的移动号码发给熊厚余。
.
"/mnt/sdcard/pcm/800_Enc_NoWavHead/5contacts/5contacts_124_F005_coder.wav.pcm"
把胡惟晟新的移动号码发给张峰上海。
.
"/mnt/sdcard/pcm/800_Enc_NoWavHead/5contacts/5contacts_131_F006_coder.wav.pcm"
搜索张峰上海。
.
"/mnt/sdcard/pcm/800_Enc_NoWavHead/5contacts/5contacts_138_F006_coder.wav.pcm"
搜索联系人葛勇杭州。
.
"/mnt/sdcard/pcm/800_Enc_NoWavHead/5contacts/5contacts_145_F007_coder.wav.pcm"
显示汪言华联系方式。
.
"/mnt/sdcard/pcm/800_Enc_NoWavHead/5contacts/5contacts_152_F008_coder.wav.pcm"
有张书记的电话吗?
.
"/mnt/sdcard/pcm/800_Enc_NoWavHead/5contacts/5contacts_159_F008_coder.wav.pcm"
李四。
.
"/mnt/sdcard/pcm/800_Enc_NoWavHead/5contacts/5contacts_166_F009_coder.wav.pcm"
查一下姚志强。
.
"/mnt/sdcard/pcm/800_Enc_NoWavHead/5contacts/5contacts_173_F010_coder.wav.pcm"
查一下邵君的电话号码。
.
"/mnt/sdcard/pcm/800_Enc_NoWavHead/5contacts/5contacts_180_F010_coder.wav.pcm"
查找刘永波的号码。
.
"/mnt/sdcard/pcm/800_Enc_NoWavHead/5contacts/5contacts_187_F011_coder.wav.pcm"
查找史成荣的电信号码。
.
"/mnt/sdcard/pcm/800_Enc_NoWavHead/5contacts/5contacts_194_F012_coder.wav.pcm"
查找张友国的电信号码。
.
"/mnt/sdcard/pcm/800_Enc_NoWavHead/5contacts/5contacts_201_M001_coder.wav.pcm"
查找李刚的电信号码。
.
"/mnt/sdcard/pcm/800_Enc_NoWavHead/5contacts/5contacts_208_M001_coder.wav.pcm"
查找李绍山国土的联系方式。
.
"/mnt/sdcard/pcm/800_Enc_NoWavHead/5contacts/5contacts_215_F013_coder.wav.pcm"
查找老爸手机的联通号码。
.
"/mnt/sdcard/pcm/800_Enc_NoWavHead/5contacts/5contacts_222_F014_coder.wav.pcm"
查找联系人葛运东。
.
"/mnt/sdcard/pcm/800_Enc_NoWavHead/5contacts/5contacts_229_F014_coder.wav.pcm"
查找隔涌杭州的联通号码。
.
"/mnt/sdcard/pcm/800_Enc_NoWavHead/5contacts/5contacts_236_M002_coder.wav.pcm"
查找陈志刚的联系方式。
.
"/mnt/sdcard/pcm/800_Enc_NoWavHead/5contacts/5contacts_243_F015_coder.wav.pcm"
查看汪仁芳的手机号码。
.
"/mnt/sdcard/pcm/800_Enc_NoWavHead/5contacts/5contacts_250_F015_coder.wav.pcm"
查看中国移动客服电话。
.
"/mnt/sdcard/pcm/800_Enc_NoWavHead/5contacts/5contacts_257_F016_coder.wav.pcm"
爱我宝宝淮南的电话。
.
"/mnt/sdcard/pcm/800_Enc_NoWavHead/5contacts/5contacts_264_M003_coder.wav.pcm"
程玮。
.
"/mnt/sdcard/pcm/800_Enc_NoWavHead/5contacts/5contacts_271_F017_coder.wav.pcm"
给我查一下王德吉电话。
.
"/mnt/sdcard/pcm/800_Enc_NoWavHead/5contacts/5contacts_278_F017_coder.wav.pcm"
联通电话号码。
.
"/mnt/sdcard/pcm/800_Enc_NoWavHead/5contacts/5contacts_285_F018_coder.wav.pcm"
朱芳雨的号码。
.
"/mnt/sdcard/pcm/800_Enc_NoWavHead/5contacts/5contacts_292_F019_coder.wav.pcm"
把默默的电话发给徐勇科长。
.
"/mnt/sdcard/pcm/800_Enc_NoWavHead/5contacts/5contacts_299_F019_coder.wav.pcm"
车万翔。
.
"/mnt/sdcard/pcm/800_Enc_NoWavHead/5contacts/5contacts_306_F019_coder.wav.pcm"
陈师傅。
.
"/mnt/sdcard/pcm/800_Enc_NoWavHead/5contacts/5contacts_313_F020_coder.wav.pcm"
马慧婷电话。
.
"/mnt/sdcard/pcm/800_Enc_NoWavHead/6dialog/6dialog_004_M097_coder.wav.pcm"
一曲高歌一樽酒宜州。
.
"/mnt/sdcard/pcm/800_Enc_NoWavHead/6dialog/6dialog_011_M099_coder.wav.pcm"
张飞无奈。
.
"/mnt/sdcard/pcm/800_Enc_NoWavHead/6dialog/6dialog_018_M099_coder.wav.pcm"
不可以说脏话。
.
"/mnt/sdcard/pcm/800_Enc_NoWavHead/6dialog/6dialog_025_M101_coder.wav.pcm"
安风吹进佳生日。
.
"/mnt/sdcard/pcm/800_Enc_NoWavHead/6dialog/6dialog_032_M071_coder.wav.pcm"
人似秋鸿来有信是如春梦了无痕。
.
"/mnt/sdcard/pcm/800_Enc_NoWavHead/6dialog/6dialog_039_M072_coder.wav.pcm"
今天晚餐吃什么？
.
"/mnt/sdcard/pcm/800_Enc_NoWavHead/6dialog/6dialog_046_M074_coder.wav.pcm"
介绍你的情况。
.
"/mnt/sdcard/pcm/800_Enc_NoWavHead/6dialog/6dialog_053_M047_coder.wav.pcm"
作业忘做了。
.
"/mnt/sdcard/pcm/800_Enc_NoWavHead/6dialog/6dialog_060_M048_coder.wav.pcm"
你个小黄鸡。
.
"/mnt/sdcard/pcm/800_Enc_NoWavHead/6dialog/6dialog_067_M050_coder.wav.pcm"
你休息吧,把自己关闭。
.
"/mnt/sdcard/pcm/800_Enc_NoWavHead/6dialog/6dialog_074_M075_coder.wav.pcm"
你到底能听见我说话吗？
.
"/mnt/sdcard/pcm/800_Enc_NoWavHead/6dialog/6dialog_081_F001_coder.wav.pcm"
你在哪里工作啊!
.
"/mnt/sdcard/pcm/800_Enc_NoWavHead/6dialog/6dialog_095_F002_coder.wav.pcm"
你姓什么呀！
.
"/mnt/sdcard/pcm/800_Enc_NoWavHead/6dialog/6dialog_102_F003_coder.wav.pcm"
你家里多少人啊！
.
"/mnt/sdcard/pcm/800_Enc_NoWavHead/6dialog/6dialog_109_F003_coder.wav.pcm"
你就是盗版的？
.
"/mnt/sdcard/pcm/800_Enc_NoWavHead/6dialog/6dialog_116_F004_coder.wav.pcm"
你是不是免费的？
.
"/mnt/sdcard/pcm/800_Enc_NoWavHead/6dialog/6dialog_123_F005_coder.wav.pcm"
你是什么公司的？
.
"/mnt/sdcard/pcm/800_Enc_NoWavHead/6dialog/6dialog_130_F005_coder.wav.pcm"
你是全世界最棒的吗？
.
"/mnt/sdcard/pcm/800_Enc_NoWavHead/6dialog/6dialog_144_F007_coder.wav.pcm"
你是谁做出来的？
.
"/mnt/sdcard/pcm/800_Enc_NoWavHead/6dialog/6dialog_151_F008_coder.wav.pcm"
你晚餐吃什么？
.
"/mnt/sdcard/pcm/800_Enc_NoWavHead/6dialog/6dialog_158_F008_coder.wav.pcm"
有小名吗？
.
"/mnt/sdcard/pcm/800_Enc_NoWavHead/6dialog/6dialog_165_F009_coder.wav.pcm"
你爸在哪呢!
.
"/mnt/sdcard/pcm/800_Enc_NoWavHead/6dialog/6dialog_172_F010_coder.wav.pcm"
你爸是干什么的？
.
"/mnt/sdcard/pcm/800_Enc_NoWavHead/6dialog/6dialog_193_F012_coder.wav.pcm"
你的名字太长了，记不住。
.
"/mnt/sdcard/pcm/800_Enc_NoWavHead/6dialog/6dialog_200_F012_coder.wav.pcm"
你的意思是你笨还是我笨了？
.
"/mnt/sdcard/pcm/800_Enc_NoWavHead/6dialog/6dialog_207_M001_coder.wav.pcm"
你的过去如何?
.
"/mnt/sdcard/pcm/800_Enc_NoWavHead/6dialog/6dialog_214_F013_coder.wav.pcm"
你真是太夸张了。
.
"/mnt/sdcard/pcm/800_Enc_NoWavHead/6dialog/6dialog_221_F014_coder.wav.pcm"
你知道麻将是怎么玩的吗？
.
"/mnt/sdcard/pcm/800_Enc_NoWavHead/6dialog/6dialog_228_F014_coder.wav.pcm"
你能听清我说话吗？
.
"/mnt/sdcard/pcm/800_Enc_NoWavHead/6dialog/6dialog_235_M002_coder.wav.pcm"
你说我怎么相信你呢！
.
"/mnt/sdcard/pcm/800_Enc_NoWavHead/6dialog/6dialog_242_F015_coder.wav.pcm"
你这是在威胁我吗？
.
"/mnt/sdcard/pcm/800_Enc_NoWavHead/6dialog/6dialog_249_F015_coder.wav.pcm"
到底是你笨还是我笨？
.
"/mnt/sdcard/pcm/800_Enc_NoWavHead/6dialog/6dialog_277_F017_coder.wav.pcm"
在天愿做比翼鸟，在地愿为连理枝。
.
"/mnt/sdcard/pcm/800_Enc_NoWavHead/6dialog/6dialog_284_F018_coder.wav.pcm"
千万余书觉真人企业家。
.
"/mnt/sdcard/pcm/800_Enc_NoWavHead/6dialog/6dialog_291_F019_coder.wav.pcm"
好花无百日红。
.
"/mnt/sdcard/pcm/800_Enc_NoWavHead/6dialog/6dialog_298_F019_coder.wav.pcm"
就是欺负你。
.
"/mnt/sdcard/pcm/800_Enc_NoWavHead/6dialog/6dialog_305_F019_coder.wav.pcm"
山映斜阳天接水，芳草无情更在斜阳外。
.
"/mnt/sdcard/pcm/800_Enc_NoWavHead/6dialog/6dialog_312_F020_coder.wav.pcm"
怎么样才能关闭你?
.
"/mnt/sdcard/pcm/800_Enc_NoWavHead/6dialog/6dialog_319_F020_coder.wav.pcm"
我准备吃早饭了。
.
"/mnt/sdcard/pcm/800_Enc_NoWavHead/6dialog/6dialog_326_F020_coder.wav.pcm"
我就是要欺负你。
.
"/mnt/sdcard/pcm/800_Enc_NoWavHead/6dialog/6dialog_333_F021_coder.wav.pcm"
我很想认识你。
.
"/mnt/sdcard/pcm/800_Enc_NoWavHead/6dialog/6dialog_340_F021_coder.wav.pcm"
我想生个孩子。
.
"/mnt/sdcard/pcm/800_Enc_NoWavHead/6dialog/6dialog_347_F021_coder.wav.pcm"
我想要个小孩。
.
"/mnt/sdcard/pcm/800_Enc_NoWavHead/6dialog/6dialog_354_F021_coder.wav.pcm"
我用的什么汽车？
.
"/mnt/sdcard/pcm/800_Enc_NoWavHead/6dialog/6dialog_361_M004_coder.wav.pcm"
我要上往。
.
"/mnt/sdcard/pcm/800_Enc_NoWavHead/6dialog/6dialog_368_M004_coder.wav.pcm"
我觉得你就是山寨的。
.
"/mnt/sdcard/pcm/800_Enc_NoWavHead/6dialog/6dialog_375_M004_coder.wav.pcm"
我跟你说一下我的名字吧！
.
"/mnt/sdcard/pcm/800_Enc_NoWavHead/6dialog/6dialog_382_M004_coder.wav.pcm"
推荐一部电影给我看吧!
.
"/mnt/sdcard/pcm/800_Enc_NoWavHead/6dialog/6dialog_389_M004_coder.wav.pcm"
明天我要干点什么呢！
.
"/mnt/sdcard/pcm/800_Enc_NoWavHead/6dialog/6dialog_396_F022_coder.wav.pcm"
最近有没最近有什么好电影推荐一下?
.
"/mnt/sdcard/pcm/800_Enc_NoWavHead/6dialog/6dialog_403_F022_coder.wav.pcm"
有那么夸张吗？
.
"/mnt/sdcard/pcm/800_Enc_NoWavHead/6dialog/6dialog_410_F022_coder.wav.pcm"
美女我好无聊啊！
.
"/mnt/sdcard/pcm/800_Enc_NoWavHead/6dialog/6dialog_417_F022_coder.wav.pcm"
玩游戏吧!
.
"/mnt/sdcard/pcm/800_Enc_NoWavHead/6dialog/6dialog_431_M005_coder.wav.pcm"
确实是out了。
.
"/mnt/sdcard/pcm/800_Enc_NoWavHead/6dialog/6dialog_438_M005_coder.wav.pcm"
老天有堪绝大漠，朱军和志为星星。
.
"/mnt/sdcard/pcm/800_Enc_NoWavHead/6dialog/6dialog_445_M005_coder.wav.pcm"
讯飞汽车语点知道不知道别的。
.
"/mnt/sdcard/pcm/800_Enc_NoWavHead/6dialog/6dialog_452_M006_coder.wav.pcm"
请不要说脏话。
.
"/mnt/sdcard/pcm/800_Enc_NoWavHead/6dialog/6dialog_459_M006_coder.wav.pcm"
谁叫你宝贝呀！
.
"/mnt/sdcard/pcm/800_Enc_NoWavHead/6dialog/6dialog_466_M006_coder.wav.pcm"
这是什么汽车？
.
"/mnt/sdcard/pcm/800_Enc_NoWavHead/6dialog/6dialog_473_M006_coder.wav.pcm"
那你老爸是干嘛的？
.
"/mnt/sdcard/pcm/800_Enc_NoWavHead/6dialog/6dialog_480_M006_coder.wav.pcm"
随便说一点吗？
.
"/mnt/sdcard/pcm/800_Enc_NoWavHead/6dialog/6dialog_487_M006_coder.wav.pcm"
互联网世界风云变幻莫测，我该何去何从？
.
"/mnt/sdcard/pcm/800_Enc_NoWavHead/6dialog/6dialog_494_M006_coder.wav.pcm"
你有一个苹果，我有一个苹果，我们交换人格是一个兵。
.
"/mnt/sdcard/pcm/800_Enc_NoWavHead/6dialog/6dialog_501_M006_coder.wav.pcm"
我了解离开树的叶徐地上的世界凋谢。
.
"/mnt/sdcard/pcm/800_Enc_NoWavHead/6dialog/6dialog_508_M006_coder.wav.pcm"
以前的夜里，我们静静地坐着我们双溪路。
.
"/mnt/sdcard/pcm/800_Enc_NoWavHead/6dialog/6dialog_515_F023_coder.wav.pcm"
面试是否通过，应该取决于自己是否愿意与眼前的这个人共事。
.
"/mnt/sdcard/pcm/800_Enc_NoWavHead/6dialog/6dialog_529_F024_coder.wav.pcm"
胃不舒服啊！
.
"/mnt/sdcard/pcm/800_Enc_NoWavHead/6dialog/6dialog_536_F025_coder.wav.pcm"
不上网被炒鱿鱼啦!
.
"/mnt/sdcard/pcm/800_Enc_NoWavHead/6dialog/6dialog_543_M007_coder.wav.pcm"
我也觉得比上学快多了。
.
"/mnt/sdcard/pcm/800_Enc_NoWavHead/6dialog/6dialog_550_M007_coder.wav.pcm"
好久没打球了，今天被人虐了。
.
"/mnt/sdcard/pcm/800_Enc_NoWavHead/6dialog/6dialog_557_F026_coder.wav.pcm"
我去,你整天都在想些什么?
.
"/mnt/sdcard/pcm/800_Enc_NoWavHead/7flight/7flight_001_M097_coder.wav.pcm"
上海到合肥的机票。
.
"/mnt/sdcard/pcm/800_Enc_NoWavHead/7flight/7flight_008_M098_coder.wav.pcm"
建军节去上海的飞机票。
.
"/mnt/sdcard/pcm/800_Enc_NoWavHead/7flight/7flight_015_M099_coder.wav.pcm"
昨天去上海的飞机票我想看一下。
.
"/mnt/sdcard/pcm/800_Enc_NoWavHead/7flight/7flight_022_M101_coder.wav.pcm"
老师节去上海的飞机票。
.
"/mnt/sdcard/pcm/800_Enc_NoWavHead/7flight/7flight_029_M102_coder.wav.pcm"
成都到厦门的航班起飞时间。
.
"/mnt/sdcard/pcm/800_Enc_NoWavHead/7flight/7flight_036_M072_coder.wav.pcm"
上海到芝加哥的飞机票。
.
"/mnt/sdcard/pcm/800_Enc_NoWavHead/7flight/7flight_043_M073_coder.wav.pcm"
查询明天武汉到西安的航班。
.
"/mnt/sdcard/pcm/800_Enc_NoWavHead/7flight/7flight_050_M074_coder.wav.pcm"
买一张到北京的飞机票。
.
"/mnt/sdcard/pcm/800_Enc_NoWavHead/7flight/7flight_057_M048_coder.wav.pcm"
元宵节去上海飞机票。
.
"/mnt/sdcard/pcm/800_Enc_NoWavHead/7flight/7flight_064_M049_coder.wav.pcm"
中秋去上海的飞机票。
.
"/mnt/sdcard/pcm/800_Enc_NoWavHead/7flight/7flight_071_M075_coder.wav.pcm"
帮我查一下明天合肥飞长沙的航班。
.
"/mnt/sdcard/pcm/800_Enc_NoWavHead/7flight/7flight_078_M105_coder.wav.pcm"
今天上海到大连的航班。
.
"/mnt/sdcard/pcm/800_Enc_NoWavHead/7flight/7flight_085_F001_coder.wav.pcm"
帮我订一张明天去北京的飞机票。
.
"/mnt/sdcard/pcm/800_Enc_NoWavHead/7flight/7flight_092_F002_coder.wav.pcm"
查一下合肥到北京的航班。
.
"/mnt/sdcard/pcm/800_Enc_NoWavHead/7flight/7flight_099_F002_coder.wav.pcm"
查询一下柳州到成都的机票。
.
"/mnt/sdcard/pcm/800_Enc_NoWavHead/7flight/7flight_106_F003_coder.wav.pcm"
大后天去上海的飞机票。
.
"/mnt/sdcard/pcm/800_Enc_NoWavHead/7flight/7flight_113_F004_coder.wav.pcm"
一个月后的今天去上海的飞机票。
.
"/mnt/sdcard/pcm/800_Enc_NoWavHead/7flight/7flight_120_F004_coder.wav.pcm"
下个星期四去上海的飞机票。
.
"/mnt/sdcard/pcm/800_Enc_NoWavHead/7flight/7flight_127_F005_coder.wav.pcm"
宁波到北京的航班。
.
"/mnt/sdcard/pcm/800_Enc_NoWavHead/7flight/7flight_134_F006_coder.wav.pcm"
查询北京到上海的航班。
.
"/mnt/sdcard/pcm/800_Enc_NoWavHead/7flight/7flight_141_F007_coder.wav.pcm"
明天有几班合肥到上海的航班。
.
"/mnt/sdcard/pcm/800_Enc_NoWavHead/7flight/7flight_148_F007_coder.wav.pcm"
明年去上海的飞机票。
.
"/mnt/sdcard/pcm/800_Enc_NoWavHead/8help/8help_005_M097_coder.wav.pcm"
怎么听音乐?
.
"/mnt/sdcard/pcm/800_Enc_NoWavHead/8help/8help_012_M099_coder.wav.pcm"
给我开启导航帮助。
.
"/mnt/sdcard/pcm/800_Enc_NoWavHead/8help/8help_019_M099_coder.wav.pcm"
打开收音机帮助。
.
"/mnt/sdcard/pcm/800_Enc_NoWavHead/8help/8help_026_M102_coder.wav.pcm"
怎么导航?
.
"/mnt/sdcard/pcm/800_Enc_NoWavHead/8help/8help_033_M071_coder.wav.pcm"
怎么用汽车语音助理?
.
"/mnt/sdcard/pcm/800_Enc_NoWavHead/8help/8help_040_M072_coder.wav.pcm"
我想看地图帮。
.
"/mnt/sdcard/pcm/800_Enc_NoWavHead/8help/8help_047_M074_coder.wav.pcm"
如何操作地图帮助?
.
"/mnt/sdcard/pcm/800_Enc_NoWavHead/8help/8help_054_M047_coder.wav.pcm"
告诉我地图是怎么使用?
.
"/mnt/sdcard/pcm/800_Enc_NoWavHead/8help/8help_061_M049_coder.wav.pcm"
导航帮助。
.
"/mnt/sdcard/pcm/800_Enc_NoWavHead/8help/8help_068_M050_coder.wav.pcm"

.
"/mnt/sdcard/pcm/800_Enc_NoWavHead/8help/8help_075_M075_coder.wav.pcm"
你有哪些功能?
.
"/mnt/sdcard/pcm/800_Enc_NoWavHead/8help/8help_082_F001_coder.wav.pcm"
如何发短信?
.
"/mnt/sdcard/pcm/800_Enc_NoWavHead/8help/8help_089_F001_coder.wav.pcm"
电话怎么用?
.
"/mnt/sdcard/pcm/800_Enc_NoWavHead/8help/8help_096_F002_coder.wav.pcm"
我要电话帮助。
.
"/mnt/sdcard/pcm/800_Enc_NoWavHead/8help/8help_103_F003_coder.wav.pcm"
查询帮助。
.
"/mnt/sdcard/pcm/800_Enc_NoWavHead/8help/8help_110_F003_coder.wav.pcm"
我想查询导航帮助是什么样的。
.
"/mnt/sdcard/pcm/800_Enc_NoWavHead/8help/8help_117_F004_coder.wav.pcm"
我想知道导航帮助的功能哦。
.
"/mnt/sdcard/pcm/800_Enc_NoWavHead/8help/8help_124_F005_coder.wav.pcm"
我想知道如何操作,导航。
.
"/mnt/sdcard/pcm/800_Enc_NoWavHead/8help/8help_131_F006_coder.wav.pcm"
查看音乐帮助。
.
"/mnt/sdcard/pcm/800_Enc_NoWavHead/8help/8help_138_F006_coder.wav.pcm"
地图怎么操作?
.
"/mnt/sdcard/pcm/800_Enc_NoWavHead/8help/8help_145_F007_coder.wav.pcm"
开启电话帮助。
.
"/mnt/sdcard/pcm/800_Enc_NoWavHead/9lbs/9lbs_002_M097_coder.wav.pcm"
从长江西路上的加油站到科大讯飞附近的加油站。
.
"/mnt/sdcard/pcm/800_Enc_NoWavHead/9lbs/9lbs_009_M098_coder.wav.pcm"
去附近的加油站。
.
"/mnt/sdcard/pcm/800_Enc_NoWavHead/9lbs/9lbs_016_M099_coder.wav.pcm"
周边的超市。
.
"/mnt/sdcard/pcm/800_Enc_NoWavHead/9lbs/9lbs_023_M101_coder.wav.pcm"
帮我在飞机场旁边的湾大酒店订一个房间。
.
"/mnt/sdcard/pcm/800_Enc_NoWavHead/9lbs/9lbs_030_M102_coder.wav.pcm"
帮我找一下附近公里的家居建材市场。
.
"/mnt/sdcard/pcm/800_Enc_NoWavHead/9lbs/9lbs_037_M072_coder.wav.pcm"
帮我找一找旁边五公里的合家福。
.
"/mnt/sdcard/pcm/800_Enc_NoWavHead/9lbs/9lbs_044_M073_coder.wav.pcm"
帮我找一找附近有没有加油站?
.
"/mnt/sdcard/pcm/800_Enc_NoWavHead/9lbs/9lbs_051_M047_coder.wav.pcm"
帮我查一下周边的机场。
.
"/mnt/sdcard/pcm/800_Enc_NoWavHead/9lbs/9lbs_058_M048_coder.wav.pcm"
帮我查一下旁边的招商银行。
.
"/mnt/sdcard/pcm/800_Enc_NoWavHead/9lbs/9lbs_065_M049_coder.wav.pcm"
帮我查一下附近的加油站。
.
"/mnt/sdcard/pcm/800_Enc_NoWavHead/9lbs/9lbs_072_M075_coder.wav.pcm"
帮我查找周边的加油站。
.
"/mnt/sdcard/pcm/800_Enc_NoWavHead/9lbs/9lbs_079_M105_coder.wav.pcm"
帮我查找旁边有没有加油站。
.
"/mnt/sdcard/pcm/800_Enc_NoWavHead/9lbs/9lbs_086_F001_coder.wav.pcm"
帮我查找附近有没有加油站?
.
"/mnt/sdcard/pcm/800_Enc_NoWavHead/9lbs/9lbs_093_F002_coder.wav.pcm"
我周边的中国人民银行。
.
"/mnt/sdcard/pcm/800_Enc_NoWavHead/9lbs/9lbs_100_F002_coder.wav.pcm"
我想去附近的加油站。
.
"/mnt/sdcard/pcm/800_Enc_NoWavHead/9lbs/9lbs_107_F003_coder.wav.pcm"
我想查一下附近二公里范围内的银行。
.
"/mnt/sdcard/pcm/800_Enc_NoWavHead/9lbs/9lbs_114_F004_coder.wav.pcm"
我想查一下附近的商场。
.
"/mnt/sdcard/pcm/800_Enc_NoWavHead/9lbs/9lbs_121_F005_coder.wav.pcm"
我想查找附近的诊所。
.
"/mnt/sdcard/pcm/800_Enc_NoWavHead/9lbs/9lbs_128_F005_coder.wav.pcm"
我要去附近的加油站。
.
"/mnt/sdcard/pcm/800_Enc_NoWavHead/9lbs/9lbs_135_F006_coder.wav.pcm"
我要查找附近的ATM。
.
"/mnt/sdcard/pcm/800_Enc_NoWavHead/9lbs/9lbs_142_F007_coder.wav.pcm"
我这里附近的加油站怎么去?
.
"/mnt/sdcard/pcm/800_Enc_NoWavHead/9lbs/9lbs_149_F007_coder.wav.pcm"
搜索附近的酒店。
.
"/mnt/sdcard/pcm/800_Enc_NoWavHead/9lbs/9lbs_156_F008_coder.wav.pcm"
最近的工商银行在哪里?
.
"/mnt/sdcard/pcm/800_Enc_NoWavHead/9lbs/9lbs_163_F009_coder.wav.pcm"
查一下周边96公里的麦当劳。
.
"/mnt/sdcard/pcm/800_Enc_NoWavHead/9lbs/9lbs_170_F009_coder.wav.pcm"
查一下旁边的加油站。
.
"/mnt/sdcard/pcm/800_Enc_NoWavHead/9lbs/9lbs_177_F010_coder.wav.pcm"
查一下附近十公里的招商银行。
.
"/mnt/sdcard/pcm/800_Enc_NoWavHead/9lbs/9lbs_184_F011_coder.wav.pcm"
查找附近二公里的商场。
.
"/mnt/sdcard/pcm/800_Enc_NoWavHead/9lbs/9lbs_191_F012_coder.wav.pcm"
查找附近两公里的加油站。
.
"/mnt/sdcard/pcm/800_Enc_NoWavHead/9lbs/9lbs_198_F012_coder.wav.pcm"
查看科大讯飞附近的加油站。
.
"/mnt/sdcard/pcm/800_Enc_NoWavHead/9lbs/9lbs_205_M001_coder.wav.pcm"
离我最近的医院。
.
"/mnt/sdcard/pcm/800_Enc_NoWavHead/9lbs/9lbs_212_F013_coder.wav.pcm"
芜湖市有没有四星级酒店?
.
"/mnt/sdcard/pcm/800_Enc_NoWavHead/9lbs/9lbs_219_F013_coder.wav.pcm"
订一间离人民广场不太远的如家酒店。
.
"/mnt/sdcard/pcm/800_Enc_NoWavHead/9lbs/9lbs_226_F014_coder.wav.pcm"
这附近有没有公园?
.
"/mnt/sdcard/pcm/800_Enc_NoWavHead/9lbs/9lbs_233_M002_coder.wav.pcm"
附近5888米的学校。
.
"/mnt/sdcard/pcm/800_Enc_NoWavHead/9lbs/9lbs_240_M002_coder.wav.pcm"
附近有没有兴业银行?
.
"/mnt/sdcard/pcm/800_Enc_NoWavHead/9lbs/9lbs_247_F015_coder.wav.pcm"
附近的宾馆怎么去啊!
.
