#!MLF!#
"/mnt/sdcard/pcm/400/shiqu/LSA/C3/hight_c3_1s_5s/hight_c3_1s_5s_7_encode.pcm"
我想去胡家庙。
.
"/mnt/sdcard/pcm/400/jiaoqu/C3/LSA/low_c3_2.5s_3.5s/low_c3_2.5s_3.5s_167_encode.pcm"
我要到长江路与天山路交叉口。
.
"/mnt/sdcard/pcm/400/jiaoqu/C4/LSA/low_c4_2.5s_3.5s/low_c4_2.5s_3.5s_164_encode.pcm"
我要去白米巷胡同和北剪子巷交叉路口。
.
"/mnt/sdcard/pcm/400/shiqu/LSA/C4/hight_c4_1s_5s/hight_c4_1s_5s_27_encode.pcm"
导航到振兴路与霞新路交叉口。
.
"/mnt/sdcard/pcm/400/shiqu/LSA/C4/hight_c4_1s_5s/hight_c4_1s_5s_1_encode.pcm"
我要到江苏东台市政府。
.
"/mnt/sdcard/pcm/400/jiaoqu/C4/LSA/low_c4_2s_4s/low_c4_2s_4s_321_encode.pcm"
我想去杭州日报社。
.
"/mnt/sdcard/pcm/400/shiqu/LSA/C4/hight_c4_2s_4s/hight_c4_2s_4s_188_encode.pcm"
我要到京港澳高速岳阳东收费站。
.
"/mnt/sdcard/pcm/400/jiaoqu/C4/LSA/hight_c4_0.5s_5.5s/hight_c4_0.5s_5.5s_30_encode.pcm"
我要去御道街与大光路交叉口。
.
"/mnt/sdcard/pcm/400/jiaoqu/C4/LSA/hight_c4_2.5s_3.5s/hight_c4_2.5s_3.5s_213_encode.pcm"
我要去安定路和安定门外大街交口。
.
"/mnt/sdcard/pcm/400/jiaoqu/C3/LSA/hight_c3_1s_5s/hight_c3_1s_5s_117_encode.pcm"
我要去电子商贸城。
.
"/mnt/sdcard/pcm/400/jiaoqu/C4/LSA/low_c4_2.5s_3.5s/low_c4_2.5s_3.5s_6_encode.pcm"
我想去你几点走?
.
"/mnt/sdcard/pcm/400/jiaoqu/C3/LSA/hight_c3_1s_5s/hight_c3_1s_5s_61_encode.pcm"
我要去德克士。
.
"/mnt/sdcard/pcm/400/jiaoqu/C3/LSA/low_c3_2s_4s/low_c3_2s_4s_71_encode.pcm"
我要去永定门外大街怎么走?
.
"/mnt/sdcard/pcm/400/jiaoqu/C3/LSA/hight_c3_1s_5s/hight_c3_1s_5s_113_encode.pcm"
我想到gateway大厦。
.
"/mnt/sdcard/pcm/400/jiaoqu/C4/LSA/hight_c4_0.5s_5.5s/hight_c4_0.5s_5.5s_138_encode.pcm"
我要去安定路和安定门外大街交口。
.
"/mnt/sdcard/pcm/400/jiaoqu/C3/LSA/hight_c3_0.5s_5.5s/hight_c3_0.5s_5.5s_359_encode.pcm"
我要去安化北街和培新街交口。
.
"/mnt/sdcard/pcm/400/shiqu/LSA/C3/hight_c3_0.5s_5.5s/hight_c3_0.5s_5.5s_97_encode.pcm"
保存地址。
.
"/mnt/sdcard/pcm/400/jiaoqu/C3/LSA/low_c3_0.5s_5.5s/low_c3_0.5s_5.5s_90_encode.pcm"
我需要导航。
.
"/mnt/sdcard/pcm/400/jiaoqu/C3/LSA/low_c3_2s_4s/low_c3_2s_4s_171_encode.pcm"
我想去海德大酒店。
.
"/mnt/sdcard/pcm/400/jiaoqu/C4/LSA/low_c4_2.5s_3.5s/low_c4_2.5s_3.5s_318_encode.pcm"
我想去海盐宾馆。
.
"/mnt/sdcard/pcm/400/jiaoqu/C3/LSA/hight_c3_1s_5s/hight_c3_1s_5s_84_encode.pcm"
地图大一点。
.
"/mnt/sdcard/pcm/400/jiaoqu/C4/LSA/hight_c4_2s_4s/hight_c4_2s_4s_355_encode.pcm"
我要去安华北里和培新街交叉路口。
.
"/mnt/sdcard/pcm/400/jiaoqu/C4/LSA/hight_c4_2.5s_3.5s/hight_c4_2.5s_3.5s_116_encode.pcm"
我要去电子城。
.
"/mnt/sdcard/pcm/400/jiaoqu/C4/LSA/hight_c4_0.5s_5.5s/hight_c4_0.5s_5.5s_32_encode.pcm"
我想去北一环路与凤阳路交叉口。
.
"/mnt/sdcard/pcm/400/jiaoqu/C3/LSA/hight_c3_2s_4s/hight_c3_2s_4s_143_encode.pcm"
我要去大润发。
.
"/mnt/sdcard/pcm/400/jiaoqu/C4/LSA/hight_c4_2.5s_3.5s/hight_c4_2.5s_3.5s_217_encode.pcm"
我要去沣峪口。
.
"/mnt/sdcard/pcm/400/jiaoqu/C3/LSA/hight_c3_1s_5s/hight_c3_1s_5s_67_encode.pcm"
我想到黄堡。
.
"/mnt/sdcard/pcm/400/jiaoqu/C3/LSA/hight_c3_2s_4s/hight_c3_2s_4s_183_encode.pcm"
我想去安徽。
.
"/mnt/sdcard/pcm/400/shiqu/LSA/C3/low_c3_2s_4s/low_c3_2s_4s_74_encode.pcm"
我要去板厂胡同和南锣鼓巷交口。
.
"/mnt/sdcard/pcm/400/shiqu/LSA/C4/low_c4_0.5s_5.5s/low_c4_0.5s_5.5s_11_encode.pcm"
导航到天河街与兴业街交叉口。
.
"/mnt/sdcard/pcm/400/jiaoqu/C3/LSA/low_c3_2s_4s/low_c3_2s_4s_189_encode.pcm"
我要到九江火车站。
.
"/mnt/sdcard/pcm/400/jiaoqu/C3/LSA/low_c3_1s_5s/low_c3_1s_5s_133_encode.pcm"
我想到富江苑。
.
"/mnt/sdcard/pcm/400/shiqu/LSA/C4/hight_c4_0.5s_5.5s/hight_c4_0.5s_5.5s_353_encode.pcm"
我要去前门西大街怎么走?
.
"/mnt/sdcard/pcm/400/shiqu/LSA/C4/low_c4_0.5s_5.5s/low_c4_0.5s_5.5s_117_encode.pcm"
我要去电子商贸城。
.
"/mnt/sdcard/pcm/400/jiaoqu/C4/LSA/low_c4_2s_4s/low_c4_2s_4s_143_encode.pcm"
我要去大润发。
.
"/mnt/sdcard/pcm/400/jiaoqu/C4/LSA/low_c4_1s_5s/low_c4_1s_5s_265_encode.pcm"
我要到荆州酒店。
.
"/mnt/sdcard/pcm/400/jiaoqu/C3/LSA/hight_c3_1s_5s/hight_c3_1s_5s_76_encode.pcm"
我要去宝钞胡同和东绦胡同交叉路口。
.
"/mnt/sdcard/pcm/400/shiqu/LSA/C4/hight_c4_2s_4s/hight_c4_2s_4s_230_encode.pcm"
打开我的收藏。
.
"/mnt/sdcard/pcm/400/jiaoqu/C3/LSA/low_c3_2.5s_3.5s/low_c3_2.5s_3.5s_107_encode.pcm"
我要去白米仓胡同和北剪子巷交叉路口。
.
"/mnt/sdcard/pcm/400/shiqu/LSA/C3/hight_c3_2s_4s/hight_c3_2s_4s_309_encode.pcm"
我想去八里桥。
.
"/mnt/sdcard/pcm/400/jiaoqu/C3/LSA/hight_c3_2s_4s/hight_c3_2s_4s_48_encode.pcm"
导航到成都玉龙小区。
.
"/mnt/sdcard/pcm/400/jiaoqu/C4/LSA/low_c4_2s_4s/low_c4_2s_4s_193_encode.pcm"
我想去花明楼。
.
"/mnt/sdcard/pcm/400/shiqu/LSA/C3/hight_c3_0.5s_5.5s/hight_c3_0.5s_5.5s_49_encode.pcm"
导航到呈贡人民银行。
.
"/mnt/sdcard/pcm/400/jiaoqu/C3/LSA/hight_c3_0.5s_5.5s/hight_c3_0.5s_5.5s_315_encode.pcm"
我要到军粮城汽车零部件厂。
.
"/mnt/sdcard/pcm/400/shiqu/LSA/C4/hight_c4_1s_5s/hight_c4_1s_5s_237_encode.pcm"
我要去友谊河路与石杨路交叉口。
.
"/mnt/sdcard/pcm/400/jiaoqu/C4/LSA/hight_c4_0.5s_5.5s/hight_c4_0.5s_5.5s_91_encode.pcm"
把地图放大。
.
"/mnt/sdcard/pcm/400/jiaoqu/C3/LSA/hight_c3_2.5s_3.5s/hight_c3_2.5s_3.5s_55_encode.pcm"
我要去公安局。
.
"/mnt/sdcard/pcm/400/jiaoqu/C3/LSA/hight_c3_1s_5s/hight_c3_1s_5s_48_encode.pcm"
导航到成都玉龙小区。
.
"/mnt/sdcard/pcm/400/shiqu/LSA/C3/hight_c3_2s_4s/hight_c3_2s_4s_358_encode.pcm"
我要去安化北街和安化南街交叉路口。
.
"/mnt/sdcard/pcm/400/jiaoqu/C3/LSA/low_c3_0.5s_5.5s/low_c3_0.5s_5.5s_277_encode.pcm"
家乡。
.
"/mnt/sdcard/pcm/400/shiqu/LSA/C4/low_c4_2s_4s/low_c4_2s_4s_245_encode.pcm"
我要去华安北里和培新街交叉路口。
.
"/mnt/sdcard/pcm/400/jiaoqu/C4/LSA/low_c4_2.5s_3.5s/low_c4_2.5s_3.5s_210_encode.pcm"
我要去马家堡西路。
.
"/mnt/sdcard/pcm/400/shiqu/LSA/C4/hight_c4_1s_5s/hight_c4_1s_5s_10_encode.pcm"
导航到人民东路与港林路交叉口。
.
"/mnt/sdcard/pcm/400/shiqu/LSA/C4/hight_c4_0.5s_5.5s/hight_c4_0.5s_5.5s_235_encode.pcm"
退出导航。
.
"/mnt/sdcard/pcm/400/jiaoqu/C4/LSA/low_c4_2.5s_3.5s/low_c4_2.5s_3.5s_330_encode.pcm"
我要到会展中心。
.
"/mnt/sdcard/pcm/400/jiaoqu/C4/LSA/hight_c4_0.5s_5.5s/hight_c4_0.5s_5.5s_282_encode.pcm"
我想去合肥火车西站。
.
"/mnt/sdcard/pcm/400/jiaoqu/C3/LSA/hight_c3_1s_5s/hight_c3_1s_5s_325_encode.pcm"
我想去安徽医科大学。
.
"/mnt/sdcard/pcm/400/shiqu/LSA/C4/low_c4_1s_5s/low_c4_1s_5s_93_encode.pcm"
地图大点。
.
"/mnt/sdcard/pcm/400/jiaoqu/C4/LSA/hight_c4_2s_4s/hight_c4_2s_4s_195_encode.pcm"
导航到振兴路与霞新路交叉口。
.
"/mnt/sdcard/pcm/400/shiqu/LSA/C4/low_c4_1s_5s/low_c4_1s_5s_222_encode.pcm"
我要去东北大学。
.
"/mnt/sdcard/pcm/400/jiaoqu/C4/LSA/hight_c4_2.5s_3.5s/hight_c4_2.5s_3.5s_164_encode.pcm"
我要去白米巷胡同和北剪子巷交叉路口。
.
"/mnt/sdcard/pcm/400/jiaoqu/C4/LSA/low_c4_0.5s_5.5s/low_c4_0.5s_5.5s_126_encode.pcm"
我要去丹尼斯百货。
.
"/mnt/sdcard/pcm/400/jiaoqu/C3/LSA/hight_c3_1s_5s/hight_c3_1s_5s_10_encode.pcm"
导航到人民东路与港宁路交叉口。
.
"/mnt/sdcard/pcm/400/shiqu/LSA/C3/hight_c3_1s_5s/hight_c3_1s_5s_91_encode.pcm"
把地图放大。
.
"/mnt/sdcard/pcm/400/shiqu/LSA/C4/hight_c4_1s_5s/hight_c4_1s_5s_143_encode.pcm"
我要去大润发。
.
"/mnt/sdcard/pcm/400/jiaoqu/C3/LSA/low_c3_2.5s_3.5s/low_c3_2.5s_3.5s_176_encode.pcm"
导航到百家乐园。
.
"/mnt/sdcard/pcm/400/shiqu/LSA/C3/low_c3_1s_5s/low_c3_1s_5s_355_encode.pcm"
我要去安华北里和培新街交叉路口。
.
"/mnt/sdcard/pcm/400/jiaoqu/C3/LSA/hight_c3_2.5s_3.5s/hight_c3_2.5s_3.5s_165_encode.pcm"
我要去白米仓胡同和东四北大街交口。
.
"/mnt/sdcard/pcm/400/jiaoqu/C4/LSA/low_c4_2s_4s/low_c4_2s_4s_183_encode.pcm"

.
"/mnt/sdcard/pcm/400/shiqu/LSA/C4/hight_c4_0.5s_5.5s/hight_c4_0.5s_5.5s_209_encode.pcm"
我想到长沙芙蓉中路。
.
"/mnt/sdcard/pcm/400/jiaoqu/C3/LSA/low_c3_2s_4s/low_c3_2s_4s_356_encode.pcm"
我要去安华南里和安化北街交口。
.
"/mnt/sdcard/pcm/400/shiqu/LSA/C3/hight_c3_1s_5s/hight_c3_1s_5s_177_encode.pcm"
导航到半岛温泉。
.
"/mnt/sdcard/pcm/400/jiaoqu/C4/LSA/hight_c4_2.5s_3.5s/hight_c4_2.5s_3.5s_14_encode.pcm"
我想去宝华寺街交叉路口。
.
"/mnt/sdcard/pcm/400/jiaoqu/C3/LSA/low_c3_0.5s_5.5s/low_c3_0.5s_5.5s_296_encode.pcm"
我要到家乐福。
.
"/mnt/sdcard/pcm/400/jiaoqu/C3/LSA/hight_c3_0.5s_5.5s/hight_c3_0.5s_5.5s_136_encode.pcm"
我要去看杨路怎么走?
.
"/mnt/sdcard/pcm/400/jiaoqu/C3/LSA/hight_c3_1s_5s/hight_c3_1s_5s_43_encode.pcm"
我想去湖北省随州市。
.
"/mnt/sdcard/pcm/400/jiaoqu/C3/LSA/hight_c3_0.5s_5.5s/hight_c3_0.5s_5.5s_321_encode.pcm"
我想去杭州日报社。
.
"/mnt/sdcard/pcm/400/shiqu/LSA/C4/hight_c4_2s_4s/hight_c4_2s_4s_172_encode.pcm"
我想去海口公馆一号。
.
"/mnt/sdcard/pcm/400/jiaoqu/C4/LSA/hight_c4_1s_5s/hight_c4_1s_5s_109_encode.pcm"
地安门外大街。
.
"/mnt/sdcard/pcm/400/jiaoqu/C3/LSA/hight_c3_2.5s_3.5s/hight_c3_2.5s_3.5s_12_encode.pcm"
导航到新洲尾街锦江道交叉口。
.
"/mnt/sdcard/pcm/400/shiqu/LSA/C3/low_c3_0.5s_5.5s/low_c3_0.5s_5.5s_17_encode.pcm"
我想去北官场胡同和灯市口大街交叉路口。
.
"/mnt/sdcard/pcm/400/shiqu/LSA/C3/low_c3_0.5s_5.5s/low_c3_0.5s_5.5s_202_encode.pcm"
我想去北一环路与明光路交口。
.
"/mnt/sdcard/pcm/400/shiqu/LSA/C4/hight_c4_2s_4s/hight_c4_2s_4s_148_encode.pcm"
我要去永定门外大街怎么走?
.
"/mnt/sdcard/pcm/400/jiaoqu/C4/LSA/hight_c4_2.5s_3.5s/hight_c4_2.5s_3.5s_84_encode.pcm"
地图大一点。
.
"/mnt/sdcard/pcm/400/shiqu/LSA/C3/hight_c3_2s_4s/hight_c3_2s_4s_344_encode.pcm"
我想去奥体中心。
.
"/mnt/sdcard/pcm/400/shiqu/LSA/C4/hight_c4_1s_5s/hight_c4_1s_5s_12_encode.pcm"
导航到新洲尾街与锦江道交叉口。
.
"/mnt/sdcard/pcm/400/shiqu/LSA/C4/low_c4_1s_5s/low_c4_1s_5s_8_encode.pcm"
导航到澄海宜华。
.
"/mnt/sdcard/pcm/400/shiqu/LSA/C3/hight_c3_2s_4s/hight_c3_2s_4s_9_encode.pcm"
导航到池州市乌沙镇。
.
"/mnt/sdcard/pcm/400/jiaoqu/C3/LSA/hight_c3_0.5s_5.5s/hight_c3_0.5s_5.5s_276_encode.pcm"
我要到济南市,历下区。
.
"/mnt/sdcard/pcm/400/jiaoqu/C4/LSA/low_c4_0.5s_5.5s/low_c4_0.5s_5.5s_238_encode.pcm"
我想到意式风情区。
.
"/mnt/sdcard/pcm/400/shiqu/LSA/C4/low_c4_1s_5s/low_c4_1s_5s_192_encode.pcm"
我想去虎丘路。
.
"/mnt/sdcard/pcm/400/jiaoqu/C3/LSA/low_c3_2s_4s/low_c3_2s_4s_19_encode.pcm"
我要到京港澳高速。
.
"/mnt/sdcard/pcm/400/jiaoqu/C3/LSA/hight_c3_2s_4s/hight_c3_2s_4s_82_encode.pcm"
设为公司。
.
"/mnt/sdcard/pcm/400/jiaoqu/C3/LSA/hight_c3_2s_4s/hight_c3_2s_4s_146_encode.pcm"
我想到沈阳市五爱街。
.
"/mnt/sdcard/pcm/400/jiaoqu/C4/LSA/hight_c4_2.5s_3.5s/hight_c4_2.5s_3.5s_296_encode.pcm"
我要到家乐福。
.
"/mnt/sdcard/pcm/400/jiaoqu/C3/LSA/hight_c3_2s_4s/hight_c3_2s_4s_41_encode.pcm"
我想去湖北大学。
.
"/mnt/sdcard/pcm/400/shiqu/LSA/C3/low_c3_0.5s_5.5s/low_c3_0.5s_5.5s_111_encode.pcm"
我要去阜阳东站。
.
"/mnt/sdcard/pcm/400/jiaoqu/C3/LSA/low_c3_2.5s_3.5s/low_c3_2.5s_3.5s_281_encode.pcm"
我想去杭州西湖。
.
"/mnt/sdcard/pcm/400/shiqu/LSA/C3/hight_c3_2s_4s/hight_c3_2s_4s_267_encode.pcm"
我想去湖北潜江。
.
"/mnt/sdcard/pcm/400/shiqu/LSA/C4/low_c4_1s_5s/low_c4_1s_5s_357_encode.pcm"
我要去安化北街和安华南里岔路口。
.
"/mnt/sdcard/pcm/400/shiqu/LSA/C4/hight_c4_1s_5s/hight_c4_1s_5s_194_encode.pcm"
导航到兴江路与风尚街交叉口。
.
"/mnt/sdcard/pcm/400/shiqu/LSA/C4/low_c4_2s_4s/low_c4_2s_4s_185_encode.pcm"
我想去安徽省立儿童医院。
.
"/mnt/sdcard/pcm/400/shiqu/LSA/C3/hight_c3_1s_5s/hight_c3_1s_5s_25_encode.pcm"
我想去花明楼。
.
"/mnt/sdcard/pcm/400/shiqu/LSA/C4/low_c4_2s_4s/low_c4_2s_4s_95_encode.pcm"
添加电子眼。
.
"/mnt/sdcard/pcm/400/jiaoqu/C3/LSA/hight_c3_2.5s_3.5s/hight_c3_2.5s_3.5s_358_encode.pcm"
我要去安化北街和安化南街交叉路口。
.
"/mnt/sdcard/pcm/400/shiqu/LSA/C4/low_c4_1s_5s/low_c4_1s_5s_169_encode.pcm"
我要到龙茗路与建龙线交叉口。
.
"/mnt/sdcard/pcm/400/jiaoqu/C4/LSA/low_c4_2.5s_3.5s/low_c4_2.5s_3.5s_264_encode.pcm"
我要到金坛东出口。
.
"/mnt/sdcard/pcm/400/jiaoqu/C3/LSA/low_c3_2.5s_3.5s/low_c3_2.5s_3.5s_66_encode.pcm"
我要去大润发。
.
"/mnt/sdcard/pcm/400/jiaoqu/C3/LSA/hight_c3_1s_5s/hight_c3_1s_5s_242_encode.pcm"
我想到海淀剧场。
.
"/mnt/sdcard/pcm/400/jiaoqu/C4/LSA/hight_c4_1s_5s/hight_c4_1s_5s_85_encode.pcm"
地图小一点。
.
"/mnt/sdcard/pcm/400/jiaoqu/C3/LSA/hight_c3_2.5s_3.5s/hight_c3_2.5s_3.5s_6_encode.pcm"
我想去红旗连锁。
.
"/mnt/sdcard/pcm/400/shiqu/LSA/C4/hight_c4_0.5s_5.5s/hight_c4_0.5s_5.5s_92_encode.pcm"
把地图缩小。
.
"/mnt/sdcard/pcm/400/shiqu/LSA/C4/low_c4_1s_5s/low_c4_1s_5s_97_encode.pcm"
保存地址。
.
"/mnt/sdcard/pcm/400/jiaoqu/C3/LSA/low_c3_0.5s_5.5s/low_c3_0.5s_5.5s_208_encode.pcm"
我想到浦江苑。
.
"/mnt/sdcard/pcm/400/jiaoqu/C3/LSA/hight_c3_1s_5s/hight_c3_1s_5s_308_encode.pcm"
我想去华贵纪念馆。
.
"/mnt/sdcard/pcm/400/shiqu/LSA/C3/hight_c3_2s_4s/hight_c3_2s_4s_87_encode.pcm"
收藏为家。
.
"/mnt/sdcard/pcm/400/shiqu/LSA/C4/low_c4_1s_5s/low_c4_1s_5s_306_encode.pcm"
我要去工农大街。
.
"/mnt/sdcard/pcm/400/jiaoqu/C4/LSA/hight_c4_2s_4s/hight_c4_2s_4s_71_encode.pcm"
我要去永定门外大街怎么走?
.
"/mnt/sdcard/pcm/400/jiaoqu/C4/LSA/low_c4_2s_4s/low_c4_2s_4s_230_encode.pcm"
打开我的收藏。
.
"/mnt/sdcard/pcm/400/jiaoqu/C3/LSA/hight_c3_2.5s_3.5s/hight_c3_2.5s_3.5s_239_encode.pcm"
我想到黑石。
.
"/mnt/sdcard/pcm/400/jiaoqu/C4/LSA/hight_c4_1s_5s/hight_c4_1s_5s_69_encode.pcm"
我想到沈阳市五爱街。
.
"/mnt/sdcard/pcm/400/jiaoqu/C3/LSA/low_c3_2s_4s/low_c3_2s_4s_24_encode.pcm"
我想去虎丘路。
.
"/mnt/sdcard/pcm/400/jiaoqu/C3/LSA/hight_c3_1s_5s/hight_c3_1s_5s_263_encode.pcm"
我要到金华市第二医院。
.
"/mnt/sdcard/pcm/400/shiqu/LSA/C4/hight_c4_2s_4s/hight_c4_2s_4s_157_encode.pcm"
我想到华明路。
.
"/mnt/sdcard/pcm/400/jiaoqu/C3/LSA/low_c3_2.5s_3.5s/low_c3_2.5s_3.5s_292_encode.pcm"

.
"/mnt/sdcard/pcm/400/jiaoqu/C3/LSA/hight_c3_0.5s_5.5s/hight_c3_0.5s_5.5s_21_encode.pcm"
我要到九江火车站。
.
"/mnt/sdcard/pcm/400/jiaoqu/C3/LSA/low_c3_1s_5s/low_c3_1s_5s_160_encode.pcm"
我想到红岭花园。
.
"/mnt/sdcard/pcm/400/shiqu/LSA/C4/hight_c4_0.5s_5.5s/hight_c4_0.5s_5.5s_53_encode.pcm"
我想去北环路和新蚌埠路岔路口。
.
"/mnt/sdcard/pcm/400/shiqu/LSA/C3/hight_c3_0.5s_5.5s/hight_c3_0.5s_5.5s_157_encode.pcm"
我想到华明路。
.
"/mnt/sdcard/pcm/400/shiqu/LSA/C3/hight_c3_1s_5s/hight_c3_1s_5s_53_encode.pcm"
我想去北一环路和新蚌埠路岔路口。
.
"/mnt/sdcard/pcm/400/jiaoqu/C3/LSA/low_c3_0.5s_5.5s/low_c3_0.5s_5.5s_216_encode.pcm"
我要去安定路和胜古北路交口。
.
"/mnt/sdcard/pcm/400/shiqu/LSA/C3/hight_c3_1s_5s/hight_c3_1s_5s_349_encode.pcm"
我要去游府西街与洪武路交叉口。
.
"/mnt/sdcard/pcm/400/shiqu/LSA/C4/low_c4_2s_4s/low_c4_2s_4s_295_encode.pcm"
我要到嘉鱼山湖温泉。
.
"/mnt/sdcard/pcm/400/jiaoqu/C4/LSA/low_c4_1s_5s/low_c4_1s_5s_168_encode.pcm"
我要到昆仑山路与珠江路交叉口。
.
"/mnt/sdcard/pcm/400/jiaoqu/C4/LSA/hight_c4_0.5s_5.5s/hight_c4_0.5s_5.5s_16_encode.pcm"
我想去北岗子街和永生巷岔路口。
.
"/mnt/sdcard/pcm/400/shiqu/LSA/C4/low_c4_1s_5s/low_c4_1s_5s_295_encode.pcm"
我要到嘉鱼山湖温泉。
.
"/mnt/sdcard/pcm/400/shiqu/LSA/C3/low_c3_1s_5s/low_c3_1s_5s_180_encode.pcm"
我要去福州仓山区首山路。
.
"/mnt/sdcard/pcm/400/jiaoqu/C3/LSA/low_c3_1s_5s/low_c3_1s_5s_195_encode.pcm"
导航到振兴路与霞新路交叉口。
.
"/mnt/sdcard/pcm/400/shiqu/LSA/C3/hight_c3_1s_5s/hight_c3_1s_5s_195_encode.pcm"
导航到振兴路与霞新路交叉口。
.
"/mnt/sdcard/pcm/400/jiaoqu/C4/LSA/low_c4_1s_5s/low_c4_1s_5s_324_encode.pcm"
导航到安庆市纺织南路。
.
"/mnt/sdcard/pcm/400/shiqu/LSA/C3/hight_c3_0.5s_5.5s/hight_c3_0.5s_5.5s_299_encode.pcm"
我想去杭州西湖。
.
"/mnt/sdcard/pcm/400/jiaoqu/C3/LSA/hight_c3_2.5s_3.5s/hight_c3_2.5s_3.5s_330_encode.pcm"
我要到会展中心。
.
"/mnt/sdcard/pcm/400/shiqu/LSA/C4/hight_c4_0.5s_5.5s/hight_c4_0.5s_5.5s_43_encode.pcm"
我想去湖北省随州市。
.
"/mnt/sdcard/pcm/400/shiqu/LSA/C4/low_c4_1s_5s/low_c4_1s_5s_193_encode.pcm"
我想去花明楼。
.
"/mnt/sdcard/pcm/400/shiqu/LSA/C3/hight_c3_1s_5s/hight_c3_1s_5s_322_encode.pcm"
导航到安徽省委党校。
.
"/mnt/sdcard/pcm/400/shiqu/LSA/C3/low_c3_1s_5s/low_c3_1s_5s_11_encode.pcm"
导航到天河街与兴业街交叉口。
.
"/mnt/sdcard/pcm/400/jiaoqu/C4/LSA/low_c4_2s_4s/low_c4_2s_4s_29_encode.pcm"

.
"/mnt/sdcard/pcm/400/jiaoqu/C3/LSA/hight_c3_2s_4s/hight_c3_2s_4s_118_encode.pcm"
我要去看花楼。
.
"/mnt/sdcard/pcm/400/jiaoqu/C3/LSA/hight_c3_2.5s_3.5s/hight_c3_2.5s_3.5s_49_encode.pcm"

.
"/mnt/sdcard/pcm/400/jiaoqu/C4/LSA/hight_c4_1s_5s/hight_c4_1s_5s_113_encode.pcm"
我想到。
.
"/mnt/sdcard/pcm/400/shiqu/LSA/C3/low_c3_1s_5s/low_c3_1s_5s_229_encode.pcm"
打开地址簿。
.
"/mnt/sdcard/pcm/400/shiqu/LSA/C3/low_c3_0.5s_5.5s/low_c3_0.5s_5.5s_307_encode.pcm"
我要去工人日报社。
.
"/mnt/sdcard/pcm/400/shiqu/LSA/C4/low_c4_0.5s_5.5s/low_c4_0.5s_5.5s_291_encode.pcm"
我想去八路军办事处旧址。
.
"/mnt/sdcard/pcm/400/jiaoqu/C3/LSA/hight_c3_2s_4s/hight_c3_2s_4s_114_encode.pcm"
我想到大许镇。
.
"/mnt/sdcard/pcm/400/shiqu/LSA/C4/low_c4_2s_4s/low_c4_2s_4s_25_encode.pcm"
我想去花明楼。
.
"/mnt/sdcard/pcm/400/jiaoqu/C4/LSA/hight_c4_0.5s_5.5s/hight_c4_0.5s_5.5s_215_encode.pcm"
我要去安定路和北三环中路交叉路口。
.
"/mnt/sdcard/pcm/400/jiaoqu/C3/LSA/low_c3_0.5s_5.5s/low_c3_0.5s_5.5s_108_encode.pcm"
我要去白米苍胡同和东四北大街站。
.
"/mnt/sdcard/pcm/400/jiaoqu/C4/LSA/low_c4_1s_5s/low_c4_1s_5s_27_encode.pcm"
导航到振兴路与霞新路交叉口。
.
"/mnt/sdcard/pcm/400/jiaoqu/C4/LSA/low_c4_2s_4s/low_c4_2s_4s_252_encode.pcm"
我想到贵王桥西街与红星路二段交叉口。
.
"/mnt/sdcard/pcm/400/shiqu/LSA/C4/low_c4_0.5s_5.5s/low_c4_0.5s_5.5s_84_encode.pcm"
地图大一点。
.
"/mnt/sdcard/pcm/400/shiqu/LSA/C4/low_c4_0.5s_5.5s/low_c4_0.5s_5.5s_137_encode.pcm"
我要去安德路和青年湖南街交叉路口。
.
"/mnt/sdcard/pcm/400/jiaoqu/C4/LSA/hight_c4_2.5s_3.5s/hight_c4_2.5s_3.5s_145_encode.pcm"
我想到白事。
.
"/mnt/sdcard/pcm/400/shiqu/LSA/C4/hight_c4_0.5s_5.5s/hight_c4_0.5s_5.5s_19_encode.pcm"
我要到京港澳高速。
.
"/mnt/sdcard/pcm/400/shiqu/LSA/C3/low_c3_1s_5s/low_c3_1s_5s_157_encode.pcm"
我想到华明路。
.
"/mnt/sdcard/pcm/400/shiqu/LSA/C4/hight_c4_0.5s_5.5s/hight_c4_0.5s_5.5s_116_encode.pcm"
我要去电子城。
.
"/mnt/sdcard/pcm/400/shiqu/LSA/C4/hight_c4_1s_5s/hight_c4_1s_5s_199_encode.pcm"
我要去榆大街与光华东街交叉口。
.
"/mnt/sdcard/pcm/400/jiaoqu/C3/LSA/low_c3_0.5s_5.5s/low_c3_0.5s_5.5s_26_encode.pcm"
导航到信江路与风尚街交叉口。
.
"/mnt/sdcard/pcm/400/jiaoqu/C3/LSA/hight_c3_2s_4s/hight_c3_2s_4s_163_encode.pcm"
我要去安庆路与蒙城路交口。
.
"/mnt/sdcard/pcm/400/shiqu/LSA/C3/low_c3_2s_4s/low_c3_2s_4s_65_encode.pcm"
我要去公馆一号。
.
"/mnt/sdcard/pcm/400/shiqu/LSA/C3/low_c3_0.5s_5.5s/low_c3_0.5s_5.5s_322_encode.pcm"
导航到安徽省委党校。
.
"/mnt/sdcard/pcm/400/shiqu/LSA/C3/hight_c3_1s_5s/hight_c3_1s_5s_182_encode.pcm"
我想去安徽大学。
.
"/mnt/sdcard/pcm/400/jiaoqu/C3/LSA/hight_c3_2s_4s/hight_c3_2s_4s_121_encode.pcm"
我要去儿童医院。
.
"/mnt/sdcard/pcm/400/shiqu/LSA/C4/low_c4_1s_5s/low_c4_1s_5s_220_encode.pcm"
我要去南苑路怎么走?
.
"/mnt/sdcard/pcm/400/jiaoqu/C3/LSA/low_c3_0.5s_5.5s/low_c3_0.5s_5.5s_29_encode.pcm"
导航到朝阳路与中山路交叉口。
.
"/mnt/sdcard/pcm/400/shiqu/LSA/C4/hight_c4_0.5s_5.5s/hight_c4_0.5s_5.5s_241_encode.pcm"
我想到北辰家乐。
.
"/mnt/sdcard/pcm/400/jiaoqu/C3/LSA/low_c3_2.5s_3.5s/low_c3_2.5s_3.5s_261_encode.pcm"
我要去地税局。
.
"/mnt/sdcard/pcm/400/jiaoqu/C3/LSA/low_c3_2.5s_3.5s/low_c3_2.5s_3.5s_39_encode.pcm"

.
"/mnt/sdcard/pcm/400/jiaoqu/C3/LSA/hight_c3_2s_4s/hight_c3_2s_4s_6_encode.pcm"
我想去红旗连锁。
.
"/mnt/sdcard/pcm/400/shiqu/LSA/C4/low_c4_1s_5s/low_c4_1s_5s_107_encode.pcm"
我要去白米仓胡同和北剪子巷交叉路口。
.
"/mnt/sdcard/pcm/400/jiaoqu/C3/LSA/low_c3_0.5s_5.5s/low_c3_0.5s_5.5s_276_encode.pcm"
我要到下曲。
.
"/mnt/sdcard/pcm/400/jiaoqu/C3/LSA/low_c3_2.5s_3.5s/low_c3_2.5s_3.5s_15_encode.pcm"
我想去。
.
"/mnt/sdcard/pcm/400/jiaoqu/C4/LSA/low_c4_1s_5s/low_c4_1s_5s_315_encode.pcm"
我要到军粮城汽车零部件厂。
.
"/mnt/sdcard/pcm/400/shiqu/LSA/C3/hight_c3_2s_4s/hight_c3_2s_4s_312_encode.pcm"
我想去八一路。
.
"/mnt/sdcard/pcm/400/shiqu/LSA/C3/hight_c3_2s_4s/hight_c3_2s_4s_314_encode.pcm"
我要到绝味鸭脖。
.
"/mnt/sdcard/pcm/400/jiaoqu/C4/LSA/hight_c4_0.5s_5.5s/hight_c4_0.5s_5.5s_320_encode.pcm"
我想去杭沪高速出口。
.
"/mnt/sdcard/pcm/400/jiaoqu/C3/LSA/hight_c3_2s_4s/hight_c3_2s_4s_166_encode.pcm"
我要去白米斜街和地安门外大街岔路口。
.
"/mnt/sdcard/pcm/400/jiaoqu/C4/LSA/low_c4_2s_4s/low_c4_2s_4s_213_encode.pcm"
我要去安定路和安定门外大街交口。
.
"/mnt/sdcard/pcm/400/shiqu/LSA/C3/low_c3_1s_5s/low_c3_1s_5s_186_encode.pcm"
我要到锦华大酒店。
.
"/mnt/sdcard/pcm/400/jiaoqu/C3/LSA/low_c3_1s_5s/low_c3_1s_5s_215_encode.pcm"
我要去安定路和北三环中路交叉口。
.
"/mnt/sdcard/pcm/400/shiqu/LSA/C3/low_c3_1s_5s/low_c3_1s_5s_248_encode.pcm"
我要去安化北街和安化南街交叉路口。
.
"/mnt/sdcard/pcm/400/shiqu/LSA/C4/hight_c4_2s_4s/hight_c4_2s_4s_358_encode.pcm"
我要去安化北街和安化南街交叉路口。
.
"/mnt/sdcard/pcm/400/jiaoqu/C3/LSA/hight_c3_0.5s_5.5s/hight_c3_0.5s_5.5s_342_encode.pcm"
我要去东莞市虎门镇黄河时装城。
.
"/mnt/sdcard/pcm/400/jiaoqu/C4/LSA/hight_c4_0.5s_5.5s/hight_c4_0.5s_5.5s_142_encode.pcm"
我要去公馆一号。
.
"/mnt/sdcard/pcm/400/shiqu/LSA/C4/low_c4_1s_5s/low_c4_1s_5s_215_encode.pcm"
我要去安定路和北三环中路交叉路口。
.
"/mnt/sdcard/pcm/400/jiaoqu/C4/LSA/low_c4_0.5s_5.5s/low_c4_0.5s_5.5s_106_encode.pcm"
我要去安庆。
.
"/mnt/sdcard/pcm/400/jiaoqu/C4/LSA/hight_c4_2s_4s/hight_c4_2s_4s_298_encode.pcm"
我想去杭州温德姆大酒店。
.
"/mnt/sdcard/pcm/400/shiqu/LSA/C3/low_c3_1s_5s/low_c3_1s_5s_45_encode.pcm"
导航到城阳区卫生局。
.
"/mnt/sdcard/pcm/400/jiaoqu/C4/LSA/hight_c4_2s_4s/hight_c4_2s_4s_199_encode.pcm"
我要去御道街与光华东街交叉口。
.
"/mnt/sdcard/pcm/400/jiaoqu/C4/LSA/low_c4_1s_5s/low_c4_1s_5s_74_encode.pcm"
我要去板厂胡同和南锣鼓巷交口。
.
"/mnt/sdcard/pcm/400/jiaoqu/C3/LSA/low_c3_1s_5s/low_c3_1s_5s_106_encode.pcm"
我要去安庆路交口。
.
"/mnt/sdcard/pcm/400/shiqu/LSA/C4/hight_c4_1s_5s/hight_c4_1s_5s_313_encode.pcm"
我要到聚源北路。
.
"/mnt/sdcard/pcm/400/jiaoqu/C4/LSA/low_c4_2s_4s/low_c4_2s_4s_266_encode.pcm"
我想去湖北大学。
.
"/mnt/sdcard/pcm/400/jiaoqu/C3/LSA/low_c3_0.5s_5.5s/low_c3_0.5s_5.5s_165_encode.pcm"
我要去白米仓胡同和东四北大街交口。
.
"/mnt/sdcard/pcm/400/shiqu/LSA/C3/hight_c3_0.5s_5.5s/hight_c3_0.5s_5.5s_309_encode.pcm"
我想去八里桥。
.
"/mnt/sdcard/pcm/400/jiaoqu/C4/LSA/hight_c4_0.5s_5.5s/hight_c4_0.5s_5.5s_19_encode.pcm"
我要到京港澳高速。
.
"/mnt/sdcard/pcm/400/jiaoqu/C4/LSA/low_c4_1s_5s/low_c4_1s_5s_175_encode.pcm"
导航到白银火车站。
.
"/mnt/sdcard/pcm/400/jiaoqu/C4/LSA/low_c4_0.5s_5.5s/low_c4_0.5s_5.5s_172_encode.pcm"
我想去海口公馆一号。
.
"/mnt/sdcard/pcm/400/shiqu/LSA/C3/hight_c3_0.5s_5.5s/hight_c3_0.5s_5.5s_217_encode.pcm"
我要去沣峪口。
.
"/mnt/sdcard/pcm/400/shiqu/LSA/C3/hight_c3_2s_4s/hight_c3_2s_4s_62_encode.pcm"
我要去德胜门。
.
"/mnt/sdcard/pcm/400/jiaoqu/C3/LSA/low_c3_2s_4s/low_c3_2s_4s_39_encode.pcm"
我要到金坛东出口。
.
"/mnt/sdcard/pcm/400/shiqu/LSA/C4/low_c4_0.5s_5.5s/low_c4_0.5s_5.5s_284_encode.pcm"
导航到柴油机厂。
.
"/mnt/sdcard/pcm/400/shiqu/LSA/C4/hight_c4_0.5s_5.5s/hight_c4_0.5s_5.5s_28_encode.pcm"
导航到八一路与滨江北路交叉口。
.
"/mnt/sdcard/pcm/400/jiaoqu/C4/LSA/low_c4_2s_4s/low_c4_2s_4s_126_encode.pcm"
我要去丹尼斯百货。
.
"/mnt/sdcard/pcm/400/jiaoqu/C4/LSA/low_c4_0.5s_5.5s/low_c4_0.5s_5.5s_307_encode.pcm"
我要去工人日报社。
.
"/mnt/sdcard/pcm/400/shiqu/LSA/C3/low_c3_2s_4s/low_c3_2s_4s_39_encode.pcm"
我要到金坛东出口。
.
"/mnt/sdcard/pcm/400/shiqu/LSA/C3/low_c3_0.5s_5.5s/low_c3_0.5s_5.5s_350_encode.pcm"
我要去友谊河路与石杨路交叉口。
.
"/mnt/sdcard/pcm/400/jiaoqu/C4/LSA/hight_c4_2s_4s/hight_c4_2s_4s_91_encode.pcm"
把地图放大。
.
"/mnt/sdcard/pcm/400/jiaoqu/C3/LSA/low_c3_1s_5s/low_c3_1s_5s_302_encode.pcm"
导航到柴油机厂。
.
"/mnt/sdcard/pcm/400/shiqu/LSA/C4/hight_c4_1s_5s/hight_c4_1s_5s_326_encode.pcm"
我想去安贞桥。
.
"/mnt/sdcard/pcm/400/shiqu/LSA/C3/hight_c3_0.5s_5.5s/hight_c3_0.5s_5.5s_206_encode.pcm"
我想到沧州东。
.
"/mnt/sdcard/pcm/400/jiaoqu/C3/LSA/hight_c3_0.5s_5.5s/hight_c3_0.5s_5.5s_224_encode.pcm"
我要去东北林业大学。
.
"/mnt/sdcard/pcm/400/shiqu/LSA/C3/hight_c3_0.5s_5.5s/hight_c3_0.5s_5.5s_313_encode.pcm"
我要到聚源北路。
.
"/mnt/sdcard/pcm/400/shiqu/LSA/C4/hight_c4_2s_4s/hight_c4_2s_4s_212_encode.pcm"
我要去安德路和青年湖南街交叉路口。
.
"/mnt/sdcard/pcm/400/jiaoqu/C4/LSA/low_c4_0.5s_5.5s/low_c4_0.5s_5.5s_284_encode.pcm"
导航到白云机场。
.
"/mnt/sdcard/pcm/400/jiaoqu/C3/LSA/low_c3_2.5s_3.5s/low_c3_2.5s_3.5s_138_encode.pcm"
我要去安定路和安定门外大街交口。
.
"/mnt/sdcard/pcm/400/jiaoqu/C3/LSA/low_c3_0.5s_5.5s/low_c3_0.5s_5.5s_150_encode.pcm"
我要去板厂胡同和交道口。
.
"/mnt/sdcard/pcm/400/shiqu/LSA/C3/hight_c3_0.5s_5.5s/hight_c3_0.5s_5.5s_310_encode.pcm"
我想去八路军办事处旧址。
.
"/mnt/sdcard/pcm/400/shiqu/LSA/C4/low_c4_2s_4s/low_c4_2s_4s_163_encode.pcm"
我要去安庆路与蒙城路交口。
.
"/mnt/sdcard/pcm/400/jiaoqu/C3/LSA/low_c3_0.5s_5.5s/low_c3_0.5s_5.5s_248_encode.pcm"
我要去安化北街和安化南街交叉路。
.
"/mnt/sdcard/pcm/400/jiaoqu/C4/LSA/hight_c4_2s_4s/hight_c4_2s_4s_214_encode.pcm"
我要去安定路和北三环东路岔路口。
.
"/mnt/sdcard/pcm/400/jiaoqu/C4/LSA/low_c4_2.5s_3.5s/low_c4_2.5s_3.5s_205_encode.pcm"
我要去漳州。
.
"/mnt/sdcard/pcm/400/jiaoqu/C4/LSA/hight_c4_2.5s_3.5s/hight_c4_2.5s_3.5s_290_encode.pcm"

.
"/mnt/sdcard/pcm/400/shiqu/LSA/C3/hight_c3_2s_4s/hight_c3_2s_4s_188_encode.pcm"
我要到京港澳高速岳阳东收费站。
.
"/mnt/sdcard/pcm/400/jiaoqu/C3/LSA/low_c3_1s_5s/low_c3_1s_5s_261_encode.pcm"
我要去地税局。
.
"/mnt/sdcard/pcm/400/shiqu/LSA/C3/low_c3_0.5s_5.5s/low_c3_0.5s_5.5s_138_encode.pcm"
我要去安定路和安定门外大街交口。
.
"/mnt/sdcard/pcm/400/jiaoqu/C3/LSA/low_c3_0.5s_5.5s/low_c3_0.5s_5.5s_147_encode.pcm"
我想到河村。
.
"/mnt/sdcard/pcm/400/shiqu/LSA/C4/low_c4_1s_5s/low_c4_1s_5s_152_encode.pcm"
我要去板桥南巷和东四北大街岔路口。
.
"/mnt/sdcard/pcm/400/shiqu/LSA/C3/hight_c3_1s_5s/hight_c3_1s_5s_103_encode.pcm"
我想到红岭花园。
.
"/mnt/sdcard/pcm/400/jiaoqu/C3/LSA/hight_c3_2s_4s/hight_c3_2s_4s_282_encode.pcm"
我想去合肥火车西站。
.
"/mnt/sdcard/pcm/400/jiaoqu/C3/LSA/hight_c3_2s_4s/hight_c3_2s_4s_352_encode.pcm"
带我去梅园路。
.
"/mnt/sdcard/pcm/400/jiaoqu/C3/LSA/low_c3_2.5s_3.5s/low_c3_2.5s_3.5s_40_encode.pcm"
我要到金潮酒店。
.
"/mnt/sdcard/pcm/400/shiqu/LSA/C3/hight_c3_0.5s_5.5s/hight_c3_0.5s_5.5s_129_encode.pcm"
我要去稻香村。
.
"/mnt/sdcard/pcm/400/jiaoqu/C4/LSA/low_c4_2.5s_3.5s/low_c4_2.5s_3.5s_276_encode.pcm"
我要到卡曲目。
.
"/mnt/sdcard/pcm/400/jiaoqu/C3/LSA/low_c3_0.5s_5.5s/low_c3_0.5s_5.5s_9_encode.pcm"
导航到池州市乌沙镇。
.
"/mnt/sdcard/pcm/400/shiqu/LSA/C3/low_c3_0.5s_5.5s/low_c3_0.5s_5.5s_185_encode.pcm"
我想去安徽省立儿童医院。
.
"/mnt/sdcard/pcm/400/shiqu/LSA/C4/low_c4_0.5s_5.5s/low_c4_0.5s_5.5s_130_encode.pcm"
我要去张府园与中山南路交叉口。
.
"/mnt/sdcard/pcm/400/shiqu/LSA/C4/hight_c4_2s_4s/hight_c4_2s_4s_207_encode.pcm"
我想到时尚路。
.
"/mnt/sdcard/pcm/400/jiaoqu/C4/LSA/hight_c4_0.5s_5.5s/hight_c4_0.5s_5.5s_235_encode.pcm"
退出导航。
.
"/mnt/sdcard/pcm/400/jiaoqu/C4/LSA/low_c4_1s_5s/low_c4_1s_5s_109_encode.pcm"

.
"/mnt/sdcard/pcm/400/shiqu/LSA/C3/hight_c3_0.5s_5.5s/hight_c3_0.5s_5.5s_182_encode.pcm"
我想去安徽大学。
.
"/mnt/sdcard/pcm/400/jiaoqu/C4/LSA/low_c4_1s_5s/low_c4_1s_5s_31_encode.pcm"
我要去御道街。
.
"/mnt/sdcard/pcm/400/shiqu/LSA/C3/low_c3_0.5s_5.5s/low_c3_0.5s_5.5s_60_encode.pcm"
我要去德济医院。
.
"/mnt/sdcard/pcm/400/jiaoqu/C3/LSA/hight_c3_0.5s_5.5s/hight_c3_0.5s_5.5s_128_encode.pcm"
我要去党校。
.
"/mnt/sdcard/pcm/400/jiaoqu/C4/LSA/hight_c4_2s_4s/hight_c4_2s_4s_22_encode.pcm"
我想去湖州长兴长桥村。
.
"/mnt/sdcard/pcm/400/shiqu/LSA/C4/low_c4_1s_5s/low_c4_1s_5s_21_encode.pcm"
我要到九江火车站。
.
"/mnt/sdcard/pcm/400/shiqu/LSA/C3/hight_c3_2s_4s/hight_c3_2s_4s_77_encode.pcm"
我要去宝钞胡同和豆腐池胡同交口。
.
"/mnt/sdcard/pcm/400/shiqu/LSA/C3/hight_c3_2s_4s/hight_c3_2s_4s_270_encode.pcm"
导航到城阳区卫生局。
.
"/mnt/sdcard/pcm/400/shiqu/LSA/C4/low_c4_2s_4s/low_c4_2s_4s_1_encode.pcm"
我要到江苏东台市政府。
.
"/mnt/sdcard/pcm/400/shiqu/LSA/C4/hight_c4_0.5s_5.5s/hight_c4_0.5s_5.5s_64_encode.pcm"
我要去地税局。
.
"/mnt/sdcard/pcm/400/jiaoqu/C4/LSA/low_c4_2s_4s/low_c4_2s_4s_55_encode.pcm"
我要去公安局。
.
"/mnt/sdcard/pcm/400/jiaoqu/C4/LSA/low_c4_1s_5s/low_c4_1s_5s_176_encode.pcm"
导航到百家乐园。
.
"/mnt/sdcard/pcm/400/jiaoqu/C4/LSA/hight_c4_1s_5s/hight_c4_1s_5s_54_encode.pcm"
我想去北一环路和站西路交口。
.
"/mnt/sdcard/pcm/400/shiqu/LSA/C3/hight_c3_2s_4s/hight_c3_2s_4s_88_encode.pcm"
设为家。
.
"/mnt/sdcard/pcm/400/jiaoqu/C3/LSA/hight_c3_2s_4s/hight_c3_2s_4s_113_encode.pcm"
我想到怡和阳光大厦。
.
"/mnt/sdcard/pcm/400/jiaoqu/C3/LSA/hight_c3_0.5s_5.5s/hight_c3_0.5s_5.5s_336_encode.pcm"
我想去泰和路与丰收路交叉口。
.
"/mnt/sdcard/pcm/400/shiqu/LSA/C3/low_c3_1s_5s/low_c3_1s_5s_319_encode.pcm"
我想去韩竹园烧烤。
.
"/mnt/sdcard/pcm/400/jiaoqu/C4/LSA/low_c4_1s_5s/low_c4_1s_5s_305_encode.pcm"
我要去甘肃省西峰市长庆油田生活。
.
"/mnt/sdcard/pcm/400/jiaoqu/C4/LSA/low_c4_2s_4s/low_c4_2s_4s_40_encode.pcm"
我要到金潮酒店。
.
"/mnt/sdcard/pcm/400/shiqu/LSA/C4/hight_c4_2s_4s/hight_c4_2s_4s_108_encode.pcm"
我要去白米仓胡同和东四北大街交口。
.
"/mnt/sdcard/pcm/400/shiqu/LSA/C4/hight_c4_0.5s_5.5s/hight_c4_0.5s_5.5s_240_encode.pcm"
我想到国家森林公园。
.
"/mnt/sdcard/pcm/400/shiqu/LSA/C3/low_c3_2s_4s/low_c3_2s_4s_117_encode.pcm"
我要去电子商贸城。
.
"/mnt/sdcard/pcm/400/jiaoqu/C3/LSA/low_c3_2.5s_3.5s/low_c3_2.5s_3.5s_37_encode.pcm"

.
"/mnt/sdcard/pcm/400/shiqu/LSA/C3/hight_c3_2s_4s/hight_c3_2s_4s_41_encode.pcm"
我想去湖北大学。
.
"/mnt/sdcard/pcm/400/jiaoqu/C4/LSA/low_c4_1s_5s/low_c4_1s_5s_137_encode.pcm"
我要去安德路和青年湖南街交叉路口。
.
"/mnt/sdcard/pcm/400/shiqu/LSA/C3/low_c3_1s_5s/low_c3_1s_5s_62_encode.pcm"
我要去德胜门。
.
"/mnt/sdcard/pcm/400/shiqu/LSA/C4/low_c4_2s_4s/low_c4_2s_4s_134_encode.pcm"
我想到长沙芙蓉中路。
.
"/mnt/sdcard/pcm/400/jiaoqu/C4/LSA/hight_c4_1s_5s/hight_c4_1s_5s_41_encode.pcm"
我想去湖北大学。
.
"/mnt/sdcard/pcm/400/jiaoqu/C4/LSA/hight_c4_2.5s_3.5s/hight_c4_2.5s_3.5s_284_encode.pcm"
导航到柴油机厂。
.
"/mnt/sdcard/pcm/400/shiqu/LSA/C3/low_c3_2s_4s/low_c3_2s_4s_257_encode.pcm"
我要去德济医院。
.
"/mnt/sdcard/pcm/400/jiaoqu/C3/LSA/low_c3_1s_5s/low_c3_1s_5s_229_encode.pcm"
打开地址簿。
.
"/mnt/sdcard/pcm/400/shiqu/LSA/C4/hight_c4_0.5s_5.5s/hight_c4_0.5s_5.5s_292_encode.pcm"
我想去八一广场。
.
"/mnt/sdcard/pcm/400/shiqu/LSA/C4/low_c4_0.5s_5.5s/low_c4_0.5s_5.5s_308_encode.pcm"
我想去八怪纪念馆。
.
"/mnt/sdcard/pcm/400/shiqu/LSA/C4/hight_c4_1s_5s/hight_c4_1s_5s_230_encode.pcm"
打开我的收藏。
.
"/mnt/sdcard/pcm/400/jiaoqu/C3/LSA/hight_c3_2.5s_3.5s/hight_c3_2.5s_3.5s_64_encode.pcm"
我要去地税局。
.
"/mnt/sdcard/pcm/400/shiqu/LSA/C4/low_c4_1s_5s/low_c4_1s_5s_96_encode.pcm"
添加摄像头。
.
"/mnt/sdcard/pcm/400/jiaoqu/C4/LSA/low_c4_2.5s_3.5s/low_c4_2.5s_3.5s_293_encode.pcm"
我想去八一。
.
"/mnt/sdcard/pcm/400/shiqu/LSA/C4/hight_c4_0.5s_5.5s/hight_c4_0.5s_5.5s_260_encode.pcm"
我要去大洋百货。
.
"/mnt/sdcard/pcm/400/jiaoqu/C3/LSA/low_c3_2s_4s/low_c3_2s_4s_270_encode.pcm"
导航到城阳区卫生局。
.
"/mnt/sdcard/pcm/400/shiqu/LSA/C3/hight_c3_2s_4s/hight_c3_2s_4s_103_encode.pcm"
我想到红岭花园。
.
"/mnt/sdcard/pcm/400/jiaoqu/C3/LSA/hight_c3_2.5s_3.5s/hight_c3_2.5s_3.5s_278_encode.pcm"
我要到家乐福。
.
"/mnt/sdcard/pcm/400/jiaoqu/C4/LSA/low_c4_1s_5s/low_c4_1s_5s_170_encode.pcm"
我想去国祥公寓。
.
"/mnt/sdcard/pcm/400/jiaoqu/C3/LSA/hight_c3_0.5s_5.5s/hight_c3_0.5s_5.5s_9_encode.pcm"
导航到池州市乌沙镇。
.
"/mnt/sdcard/pcm/400/jiaoqu/C4/LSA/hight_c4_2.5s_3.5s/hight_c4_2.5s_3.5s_85_encode.pcm"
地图小一点。
.
"/mnt/sdcard/pcm/400/jiaoqu/C4/LSA/low_c4_2.5s_3.5s/low_c4_2.5s_3.5s_116_encode.pcm"
我要去电子城。
.
"/mnt/sdcard/pcm/400/jiaoqu/C4/LSA/low_c4_1s_5s/low_c4_1s_5s_218_encode.pcm"
我要去丰源大厦。
.
"/mnt/sdcard/pcm/400/shiqu/LSA/C4/hight_c4_0.5s_5.5s/hight_c4_0.5s_5.5s_285_encode.pcm"
导航到昌硕科技有限公司。
.
"/mnt/sdcard/pcm/400/shiqu/LSA/C3/low_c3_2s_4s/low_c3_2s_4s_169_encode.pcm"
我要到龙鳞路与剑门线交叉口。
.
"/mnt/sdcard/pcm/400/jiaoqu/C4/LSA/low_c4_2s_4s/low_c4_2s_4s_164_encode.pcm"
我要去白米巷胡同和北剪子巷交叉路口。
.
"/mnt/sdcard/pcm/400/jiaoqu/C4/LSA/hight_c4_1s_5s/hight_c4_1s_5s_71_encode.pcm"
我要去永定门外大街怎么走?
.
"/mnt/sdcard/pcm/400/jiaoqu/C4/LSA/low_c4_0.5s_5.5s/low_c4_0.5s_5.5s_5_encode.pcm"

.
"/mnt/sdcard/pcm/400/jiaoqu/C4/LSA/low_c4_1s_5s/low_c4_1s_5s_304_encode.pcm"

.
"/mnt/sdcard/pcm/400/jiaoqu/C4/LSA/hight_c4_0.5s_5.5s/hight_c4_0.5s_5.5s_102_encode.pcm"
我想导。
.
"/mnt/sdcard/pcm/400/jiaoqu/C4/LSA/low_c4_0.5s_5.5s/low_c4_0.5s_5.5s_44_encode.pcm"
我想去湖南省附二医院。
.
"/mnt/sdcard/pcm/400/shiqu/LSA/C3/hight_c3_1s_5s/hight_c3_1s_5s_62_encode.pcm"
我要去德胜门。
.
"/mnt/sdcard/pcm/400/shiqu/LSA/C3/hight_c3_1s_5s/hight_c3_1s_5s_120_encode.pcm"
我要去叠彩山。
.
"/mnt/sdcard/pcm/400/shiqu/LSA/C4/low_c4_0.5s_5.5s/low_c4_0.5s_5.5s_348_encode.pcm"
我想去八大关。
.
"/mnt/sdcard/pcm/400/jiaoqu/C3/LSA/low_c3_2.5s_3.5s/low_c3_2.5s_3.5s_158_encode.pcm"
我想到日照岚山区。
.
"/mnt/sdcard/pcm/400/shiqu/LSA/C3/hight_c3_0.5s_5.5s/hight_c3_0.5s_5.5s_265_encode.pcm"
我要到荆州酒店。
.
"/mnt/sdcard/pcm/400/jiaoqu/C3/LSA/low_c3_0.5s_5.5s/low_c3_0.5s_5.5s_273_encode.pcm"
导航到成都巨龙厂区。
.
"/mnt/sdcard/pcm/400/jiaoqu/C4/LSA/hight_c4_1s_5s/hight_c4_1s_5s_168_encode.pcm"
我要到昆仑山路与珠江路交叉口。
.
"/mnt/sdcard/pcm/400/shiqu/LSA/C3/low_c3_2s_4s/low_c3_2s_4s_79_encode.pcm"
启用导航。
.
"/mnt/sdcard/pcm/400/shiqu/LSA/C3/hight_c3_2s_4s/hight_c3_2s_4s_142_encode.pcm"
我要去公馆一号。
.
"/mnt/sdcard/pcm/400/shiqu/LSA/C3/hight_c3_1s_5s/hight_c3_1s_5s_102_encode.pcm"
我想到坪山人民医院。
.
"/mnt/sdcard/pcm/400/shiqu/LSA/C4/low_c4_0.5s_5.5s/low_c4_0.5s_5.5s_86_encode.pcm"
添加测速。
.
"/mnt/sdcard/pcm/400/shiqu/LSA/C3/low_c3_1s_5s/low_c3_1s_5s_220_encode.pcm"
我要去南苑路怎么走?
.
"/mnt/sdcard/pcm/400/jiaoqu/C3/LSA/hight_c3_2.5s_3.5s/hight_c3_2.5s_3.5s_184_encode.pcm"

.
"/mnt/sdcard/pcm/400/jiaoqu/C4/LSA/hight_c4_2.5s_3.5s/hight_c4_2.5s_3.5s_294_encode.pcm"

.
"/mnt/sdcard/pcm/400/jiaoqu/C4/LSA/low_c4_0.5s_5.5s/low_c4_0.5s_5.5s_261_encode.pcm"
我要去地税局。
.
"/mnt/sdcard/pcm/400/jiaoqu/C4/LSA/hight_c4_2s_4s/hight_c4_2s_4s_294_encode.pcm"
我要到济南市,历下区。
.
"/mnt/sdcard/pcm/400/shiqu/LSA/C4/hight_c4_1s_5s/hight_c4_1s_5s_352_encode.pcm"
带我去梅园路。
.
"/mnt/sdcard/pcm/400/jiaoqu/C3/LSA/hight_c3_2.5s_3.5s/hight_c3_2.5s_3.5s_338_encode.pcm"
导航到包河大道民康小区。
.
"/mnt/sdcard/pcm/400/jiaoqu/C4/LSA/hight_c4_2.5s_3.5s/hight_c4_2.5s_3.5s_146_encode.pcm"
我想到沈阳市五爱街。
.
"/mnt/sdcard/pcm/400/shiqu/LSA/C3/hight_c3_1s_5s/hight_c3_1s_5s_159_encode.pcm"
我想到彭山人民医院。
.
"/mnt/sdcard/pcm/400/jiaoqu/C4/LSA/low_c4_0.5s_5.5s/low_c4_0.5s_5.5s_356_encode.pcm"
我要去安华南里和安化北街交口。
.
"/mnt/sdcard/pcm/400/shiqu/LSA/C4/low_c4_1s_5s/low_c4_1s_5s_346_encode.pcm"
我想去澳门豆捞。
.
"/mnt/sdcard/pcm/400/jiaoqu/C3/LSA/low_c3_2.5s_3.5s/low_c3_2.5s_3.5s_255_encode.pcm"
带我去南曹乡冯台村。
.
"/mnt/sdcard/pcm/400/jiaoqu/C4/LSA/hight_c4_2.5s_3.5s/hight_c4_2.5s_3.5s_324_encode.pcm"
导航到安庆市纺织南路。
.
"/mnt/sdcard/pcm/400/shiqu/LSA/C4/low_c4_0.5s_5.5s/low_c4_0.5s_5.5s_295_encode.pcm"
我要到嘉鱼山湖温泉。
.
"/mnt/sdcard/pcm/400/jiaoqu/C3/LSA/hight_c3_0.5s_5.5s/hight_c3_0.5s_5.5s_250_encode.pcm"
我要去公安局。
.
"/mnt/sdcard/pcm/400/jiaoqu/C3/LSA/hight_c3_2.5s_3.5s/hight_c3_2.5s_3.5s_159_encode.pcm"
我想到彭山人民医院。
.
"/mnt/sdcard/pcm/400/jiaoqu/C4/LSA/hight_c4_1s_5s/hight_c4_1s_5s_8_encode.pcm"
导航到陈海鱼馆。
.
"/mnt/sdcard/pcm/400/jiaoqu/C4/LSA/hight_c4_0.5s_5.5s/hight_c4_0.5s_5.5s_316_encode.pcm"
我要到长江路与嵩山北路交叉口。
.
"/mnt/sdcard/pcm/400/shiqu/LSA/C3/hight_c3_1s_5s/hight_c3_1s_5s_275_encode.pcm"
我要去冶山道院与石榴新村交叉口。
.
"/mnt/sdcard/pcm/400/jiaoqu/C4/LSA/low_c4_1s_5s/low_c4_1s_5s_34_encode.pcm"
我想去北一环路。
.
"/mnt/sdcard/pcm/400/shiqu/LSA/C4/hight_c4_0.5s_5.5s/hight_c4_0.5s_5.5s_319_encode.pcm"
我想去韩竹园烧烤。
.
"/mnt/sdcard/pcm/400/shiqu/LSA/C4/hight_c4_1s_5s/hight_c4_1s_5s_142_encode.pcm"
我要去公馆一号。
.
"/mnt/sdcard/pcm/400/jiaoqu/C4/LSA/hight_c4_2s_4s/hight_c4_2s_4s_228_encode.pcm"
保存为公司。
.
"/mnt/sdcard/pcm/400/jiaoqu/C4/LSA/low_c4_2s_4s/low_c4_2s_4s_288_encode.pcm"
我要去工人日报社。
.
"/mnt/sdcard/pcm/400/shiqu/LSA/C4/low_c4_0.5s_5.5s/low_c4_0.5s_5.5s_313_encode.pcm"
我要到聚源北路。
.
"/mnt/sdcard/pcm/400/jiaoqu/C4/LSA/low_c4_1s_5s/low_c4_1s_5s_333_encode.pcm"
我想去华润超市。
.
"/mnt/sdcard/pcm/400/shiqu/LSA/C3/hight_c3_0.5s_5.5s/hight_c3_0.5s_5.5s_168_encode.pcm"
我要到昆仑山路与珠江路交叉口。
.
"/mnt/sdcard/pcm/400/jiaoqu/C3/LSA/hight_c3_2s_4s/hight_c3_2s_4s_303_encode.pcm"
导航到昌硕科技有限公司。
.
"/mnt/sdcard/pcm/400/jiaoqu/C4/LSA/low_c4_2.5s_3.5s/low_c4_2.5s_3.5s_165_encode.pcm"
我要去白米仓胡同和东四北大街交口。
.
"/mnt/sdcard/pcm/400/shiqu/LSA/C3/hight_c3_0.5s_5.5s/hight_c3_0.5s_5.5s_82_encode.pcm"
设为公司。
.
"/mnt/sdcard/pcm/400/shiqu/LSA/C4/hight_c4_0.5s_5.5s/hight_c4_0.5s_5.5s_175_encode.pcm"
导航到白银火车站。
.
"/mnt/sdcard/pcm/400/shiqu/LSA/C3/low_c3_1s_5s/low_c3_1s_5s_283_encode.pcm"
导航到北京博爱医院。
.
"/mnt/sdcard/pcm/400/shiqu/LSA/C4/low_c4_0.5s_5.5s/low_c4_0.5s_5.5s_185_encode.pcm"
我想去安徽省立儿童医院。
.
"/mnt/sdcard/pcm/400/jiaoqu/C3/LSA/low_c3_2s_4s/low_c3_2s_4s_6_encode.pcm"
我想去红旗连锁。
.
"/mnt/sdcard/pcm/400/jiaoqu/C3/LSA/hight_c3_2.5s_3.5s/hight_c3_2.5s_3.5s_236_encode.pcm"

.
"/mnt/sdcard/pcm/400/jiaoqu/C3/LSA/hight_c3_2.5s_3.5s/hight_c3_2.5s_3.5s_205_encode.pcm"
我要去张府园与中山南路交叉口。
.
"/mnt/sdcard/pcm/400/shiqu/LSA/C3/hight_c3_0.5s_5.5s/hight_c3_0.5s_5.5s_287_encode.pcm"
我要去工农大街。
.
"/mnt/sdcard/pcm/400/jiaoqu/C4/LSA/hight_c4_2s_4s/hight_c4_2s_4s_182_encode.pcm"
我想去安徽大学。
.
"/mnt/sdcard/pcm/400/jiaoqu/C3/LSA/hight_c3_0.5s_5.5s/hight_c3_0.5s_5.5s_265_encode.pcm"
我要到金洲酒店。
.
"/mnt/sdcard/pcm/400/shiqu/LSA/C4/low_c4_0.5s_5.5s/low_c4_0.5s_5.5s_94_encode.pcm"
记录在地址簿。
.
"/mnt/sdcard/pcm/400/jiaoqu/C3/LSA/low_c3_0.5s_5.5s/low_c3_0.5s_5.5s_266_encode.pcm"
我想去湖北大学。
.
"/mnt/sdcard/pcm/400/shiqu/LSA/C4/hight_c4_1s_5s/hight_c4_1s_5s_120_encode.pcm"
我要去叠彩山。
.
"/mnt/sdcard/pcm/400/shiqu/LSA/C4/hight_c4_2s_4s/hight_c4_2s_4s_344_encode.pcm"
我想去奥体中心。
.
"/mnt/sdcard/pcm/400/jiaoqu/C3/LSA/low_c3_2s_4s/low_c3_2s_4s_213_encode.pcm"
我要去安定路和安定门外大街交口。
.
"/mnt/sdcard/pcm/400/shiqu/LSA/C4/hight_c4_0.5s_5.5s/hight_c4_0.5s_5.5s_259_encode.pcm"
我要去德胜门。
.
"/mnt/sdcard/pcm/400/shiqu/LSA/C4/low_c4_0.5s_5.5s/low_c4_0.5s_5.5s_39_encode.pcm"
我要到金坛东出口。
.
"/mnt/sdcard/pcm/400/shiqu/LSA/C4/low_c4_1s_5s/low_c4_1s_5s_286_encode.pcm"
我要去甘肃省西峰市长庆油田生活基地。
.
"/mnt/sdcard/pcm/400/jiaoqu/C3/LSA/low_c3_0.5s_5.5s/low_c3_0.5s_5.5s_103_encode.pcm"
我想到鸿瑞花园。
.
"/mnt/sdcard/pcm/400/shiqu/LSA/C3/hight_c3_2s_4s/hight_c3_2s_4s_73_encode.pcm"
我要去板厂胡同和交道口南大街交叉路口。
.
"/mnt/sdcard/pcm/400/jiaoqu/C3/LSA/low_c3_2.5s_3.5s/low_c3_2.5s_3.5s_152_encode.pcm"
我要去板桥南巷和东四北大街岔路口。
.
"/mnt/sdcard/pcm/400/jiaoqu/C3/LSA/hight_c3_0.5s_5.5s/hight_c3_0.5s_5.5s_261_encode.pcm"
我要去地税局。
.
"/mnt/sdcard/pcm/400/shiqu/LSA/C4/hight_c4_0.5s_5.5s/hight_c4_0.5s_5.5s_120_encode.pcm"
我要去叠彩山。
.
"/mnt/sdcard/pcm/400/jiaoqu/C3/LSA/hight_c3_0.5s_5.5s/hight_c3_0.5s_5.5s_290_encode.pcm"
我想去八里桥。
.
"/mnt/sdcard/pcm/400/jiaoqu/C3/LSA/low_c3_2.5s_3.5s/low_c3_2.5s_3.5s_7_encode.pcm"
我想去胡家庙。
.
"/mnt/sdcard/pcm/400/jiaoqu/C4/LSA/hight_c4_0.5s_5.5s/hight_c4_0.5s_5.5s_112_encode.pcm"
我想到浙江省新昌县。
.
"/mnt/sdcard/pcm/400/shiqu/LSA/C3/hight_c3_0.5s_5.5s/hight_c3_0.5s_5.5s_239_encode.pcm"
我想到黑石。
.
"/mnt/sdcard/pcm/400/jiaoqu/C3/LSA/hight_c3_2.5s_3.5s/hight_c3_2.5s_3.5s_292_encode.pcm"
我想去八一广场。
.
"/mnt/sdcard/pcm/400/shiqu/LSA/C3/low_c3_2s_4s/low_c3_2s_4s_249_encode.pcm"
我要去安化北街和培新街交口。
.
"/mnt/sdcard/pcm/400/shiqu/LSA/C4/hight_c4_0.5s_5.5s/hight_c4_0.5s_5.5s_67_encode.pcm"
我想到黄堡。
.
"/mnt/sdcard/pcm/400/shiqu/LSA/C3/low_c3_0.5s_5.5s/low_c3_0.5s_5.5s_80_encode.pcm"
我想导航。
.
"/mnt/sdcard/pcm/400/jiaoqu/C3/LSA/hight_c3_2.5s_3.5s/hight_c3_2.5s_3.5s_321_encode.pcm"
我想去杭州日报社。
.
"/mnt/sdcard/pcm/400/shiqu/LSA/C4/hight_c4_1s_5s/hight_c4_1s_5s_107_encode.pcm"
我要去白米仓胡同和北剪子巷交叉路口。
.
"/mnt/sdcard/pcm/400/jiaoqu/C4/LSA/low_c4_2.5s_3.5s/low_c4_2.5s_3.5s_326_encode.pcm"
我想去安贞桥。
.
"/mnt/sdcard/pcm/400/jiaoqu/C3/LSA/low_c3_2.5s_3.5s/low_c3_2.5s_3.5s_325_encode.pcm"
我想去安徽医科大学。
.
"/mnt/sdcard/pcm/400/shiqu/LSA/C4/low_c4_0.5s_5.5s/low_c4_0.5s_5.5s_183_encode.pcm"
我想去安徽剧院。
.
"/mnt/sdcard/pcm/400/shiqu/LSA/C3/hight_c3_0.5s_5.5s/hight_c3_0.5s_5.5s_116_encode.pcm"
我要去电子城。
.
"/mnt/sdcard/pcm/400/shiqu/LSA/C3/low_c3_1s_5s/low_c3_1s_5s_234_encode.pcm"
启动导航。
.
"/mnt/sdcard/pcm/400/jiaoqu/C3/LSA/hight_c3_2s_4s/hight_c3_2s_4s_170_encode.pcm"
我想去,我想公寓。
.
"/mnt/sdcard/pcm/400/jiaoqu/C3/LSA/hight_c3_2s_4s/hight_c3_2s_4s_147_encode.pcm"
我想到河村。
.
"/mnt/sdcard/pcm/400/shiqu/LSA/C4/hight_c4_2s_4s/hight_c4_2s_4s_200_encode.pcm"
我想去北一环路与凤阳路交叉路口。
.
"/mnt/sdcard/pcm/400/shiqu/LSA/C4/low_c4_1s_5s/low_c4_1s_5s_87_encode.pcm"
收藏为家。
.
"/mnt/sdcard/pcm/400/jiaoqu/C3/LSA/low_c3_1s_5s/low_c3_1s_5s_175_encode.pcm"
导航到白银火车站。
.
"/mnt/sdcard/pcm/400/shiqu/LSA/C3/hight_c3_0.5s_5.5s/hight_c3_0.5s_5.5s_289_encode.pcm"
我想去八怪纪念馆。
.
"/mnt/sdcard/pcm/400/jiaoqu/C4/LSA/hight_c4_2s_4s/hight_c4_2s_4s_48_encode.pcm"
导航到成都玉龙小区。
.
"/mnt/sdcard/pcm/400/shiqu/LSA/C3/hight_c3_1s_5s/hight_c3_1s_5s_313_encode.pcm"
我要到聚源北路。
.
"/mnt/sdcard/pcm/400/jiaoqu/C4/LSA/hight_c4_2.5s_3.5s/hight_c4_2.5s_3.5s_333_encode.pcm"
我想去华润超市。
.
"/mnt/sdcard/pcm/400/shiqu/LSA/C4/low_c4_2s_4s/low_c4_2s_4s_274_encode.pcm"
导航到呈贡人民银行。
.
"/mnt/sdcard/pcm/400/jiaoqu/C4/LSA/hight_c4_2s_4s/hight_c4_2s_4s_44_encode.pcm"
我想去湖南省附二医院。
.
"/mnt/sdcard/pcm/400/shiqu/LSA/C3/hight_c3_1s_5s/hight_c3_1s_5s_253_encode.pcm"
我想到锦华路与波里三街交叉口。
.
"/mnt/sdcard/pcm/400/jiaoqu/C3/LSA/low_c3_2s_4s/low_c3_2s_4s_304_encode.pcm"
我要去干洗店。
.
"/mnt/sdcard/pcm/400/jiaoqu/C4/LSA/hight_c4_2.5s_3.5s/hight_c4_2.5s_3.5s_188_encode.pcm"
我要到京港澳高速岳阳东收费站。
.
"/mnt/sdcard/pcm/400/shiqu/LSA/C3/hight_c3_1s_5s/hight_c3_1s_5s_295_encode.pcm"
我要到嘉鱼山湖温泉。
.
"/mnt/sdcard/pcm/400/jiaoqu/C3/LSA/low_c3_2.5s_3.5s/low_c3_2.5s_3.5s_198_encode.pcm"
要去御道街与大光路交叉口。
.
"/mnt/sdcard/pcm/400/jiaoqu/C3/LSA/hight_c3_0.5s_5.5s/hight_c3_0.5s_5.5s_139_encode.pcm"
我要去安定路和北三环东路岔路口。
.
"/mnt/sdcard/pcm/400/jiaoqu/C3/LSA/hight_c3_1s_5s/hight_c3_1s_5s_54_encode.pcm"
我想去北一环路和站西路交口。
.
"/mnt/sdcard/pcm/400/jiaoqu/C3/LSA/low_c3_2s_4s/low_c3_2s_4s_340_encode.pcm"
我要去东莞企石镇。
.
