=============================================================
	iFlyTEK log file
	Subject :    ISSSR Log
	Continued-Time :    18/03/28-16:19:01 174
	Application:   
	Module:        
	PID: 2658 (0x0a62) Version: 
=============================================================
[18/03/28-16:19:01 135][DBG][Px0a62][Tx0a8b] Set Latitude to: 31.83461570739746.
[18/03/28-16:19:01 175][TRC][Px0a62][Tx0a8b] SetParam | leave.
[18/03/28-16:19:01 175][PRF][Px0a62][Tx0a8b] SetParam 40.567 msec.
[18/03/28-16:19:01 175][TRC][Px0a62][Tx0a8b] SetParam | enter.
[18/03/28-16:19:01 175][DBG][Px0a62][Tx0a8b] szParam: longitude.
[18/03/28-16:19:01 175][DBG][Px0a62][Tx0a8b] szParamValue: 117.1442642211914.
[18/03/28-16:19:01 175][DBG][Px0a62][Tx0a8b] Set Longitude to: 117.1442642211914.
[18/03/28-16:19:01 175][TRC][Px0a62][Tx0a8b] SetParam | leave.
[18/03/28-16:19:01 175][TRC][Px0a62][Tx0a8b] SetParam | enter.
[18/03/28-16:19:01 175][DBG][Px0a62][Tx0a8b] szParam: city.
[18/03/28-16:19:01 175][DBG][Px0a62][Tx0a8b] szParamValue: 合肥市.
[18/03/28-16:19:01 175][TRC][Px0a62][Tx0a8b] SetAttachParams | enter.
[18/03/28-16:19:01 175][DBG][Px0a62][Tx0a8b] SetAttachParams | szAttachParams : city, szParamValue : 合肥市, nMode : 0
[18/03/28-16:19:01 175][TRC][Px0a62][Tx0a8b] SetParams | enter.
[18/03/28-16:19:01 176][DBG][Px0a62][Tx0a8b] SetParams | params is : {"attachparams":{"nlp_params":{"city":"合肥市","theme":""}}}
[18/03/28-16:19:01 176][TRC][Px0a62][Tx0a8b] SetParams | leave.
[18/03/28-16:19:01 176][TRC][Px0a62][Tx0a8b] SetAttachParams | leave.
[18/03/28-16:19:01 176][TRC][Px0a62][Tx0a8b] SetParam | leave.
[18/03/28-16:19:01 176][PRF][Px0a62][Tx0a8b] SetParam 1.088 msec.
[18/03/28-16:19:01 176][TRC][Px0a62][Tx0a8b] SetParam | enter.
[18/03/28-16:19:01 177][DBG][Px0a62][Tx0a8b] szParam: attachparams.
[18/03/28-16:19:01 177][DBG][Px0a62][Tx0a8b] szParamValue: {"nlp_params":{"theme":""}}.
[18/03/28-16:19:01 177][TRC][Px0a62][Tx0a8b] SetAttachParams | enter.
[18/03/28-16:19:01 177][TRC][Px0a62][Tx0a8b] SetParams | enter.
[18/03/28-16:19:01 177][DBG][Px0a62][Tx0a8b] SetParams | params is : {"attachparams":{"nlp_params":{"city":"合肥市","theme":""}}}
[18/03/28-16:19:01 177][TRC][Px0a62][Tx0a8b] SetParams | leave.
[18/03/28-16:19:01 177][TRC][Px0a62][Tx0a8b] SetAttachParams | leave.
[18/03/28-16:19:01 177][TRC][Px0a62][Tx0a8b] SetParam | leave.
[18/03/28-16:19:11 130][TRC][Px0a62][Tx0a8b] SetParam | enter.
[18/03/28-16:19:11 130][DBG][Px0a62][Tx0a8b] szParam: latitude.
[18/03/28-16:19:11 130][DBG][Px0a62][Tx0a8b] szParamValue: 31.83461570739746.
[18/03/28-16:19:11 130][DBG][Px0a62][Tx0a8b] Set Latitude to: 31.83461570739746.
[18/03/28-16:19:11 130][TRC][Px0a62][Tx0a8b] SetParam | leave.
[18/03/28-16:19:11 130][TRC][Px0a62][Tx0a8b] SetParam | enter.
[18/03/28-16:19:11 130][DBG][Px0a62][Tx0a8b] szParam: longitude.
[18/03/28-16:19:11 130][DBG][Px0a62][Tx0a8b] szParamValue: 117.1442642211914.
[18/03/28-16:19:11 130][DBG][Px0a62][Tx0a8b] Set Longitude to: 117.1442642211914.
[18/03/28-16:19:11 130][TRC][Px0a62][Tx0a8b] SetParam | leave.
[18/03/28-16:19:11 130][TRC][Px0a62][Tx0a8b] SetParam | enter.
[18/03/28-16:19:11 130][DBG][Px0a62][Tx0a8b] szParam: city.
[18/03/28-16:19:11 130][DBG][Px0a62][Tx0a8b] szParamValue: 合肥市.
[18/03/28-16:19:11 130][TRC][Px0a62][Tx0a8b] SetAttachParams | enter.
[18/03/28-16:19:11 130][DBG][Px0a62][Tx0a8b] SetAttachParams | szAttachParams : city, szParamValue : 合肥市, nMode : 0
[18/03/28-16:19:11 131][TRC][Px0a62][Tx0a8b] SetParams | enter.
[18/03/28-16:19:11 131][DBG][Px0a62][Tx0a8b] SetParams | params is : {"attachparams":{"nlp_params":{"city":"合肥市","theme":""}}}
[18/03/28-16:19:11 131][TRC][Px0a62][Tx0a8b] SetParams | leave.
[18/03/28-16:19:11 131][TRC][Px0a62][Tx0a8b] SetAttachParams | leave.
[18/03/28-16:19:11 131][TRC][Px0a62][Tx0a8b] SetParam | leave.
[18/03/28-16:19:11 131][TRC][Px0a62][Tx0a8b] SetParam | enter.
[18/03/28-16:19:11 131][DBG][Px0a62][Tx0a8b] szParam: attachparams.
[18/03/28-16:19:11 131][DBG][Px0a62][Tx0a8b] szParamValue: {"nlp_params":{"theme":""}}.
[18/03/28-16:19:11 131][TRC][Px0a62][Tx0a8b] SetAttachParams | enter.
[18/03/28-16:19:11 131][TRC][Px0a62][Tx0a8b] SetParams | enter.
[18/03/28-16:19:11 132][DBG][Px0a62][Tx0a8b] SetParams | params is : {"attachparams":{"nlp_params":{"city":"合肥市","theme":""}}}
[18/03/28-16:19:11 132][TRC][Px0a62][Tx0a8b] SetParams | leave.
[18/03/28-16:19:11 132][TRC][Px0a62][Tx0a8b] SetAttachParams | leave.
[18/03/28-16:19:11 132][TRC][Px0a62][Tx0a8b] SetParam | leave.
[18/03/28-16:19:21 129][TRC][Px0a62][Tx0a8b] SetParam | enter.
[18/03/28-16:19:21 130][DBG][Px0a62][Tx0a8b] szParam: latitude.
[18/03/28-16:19:21 130][DBG][Px0a62][Tx0a8b] szParamValue: 31.83461570739746.
[18/03/28-16:19:21 130][DBG][Px0a62][Tx0a8b] Set Latitude to: 31.83461570739746.
[18/03/28-16:19:21 130][TRC][Px0a62][Tx0a8b] SetParam | leave.
[18/03/28-16:19:21 130][TRC][Px0a62][Tx0a8b] SetParam | enter.
[18/03/28-16:19:21 130][DBG][Px0a62][Tx0a8b] szParam: longitude.
[18/03/28-16:19:21 130][DBG][Px0a62][Tx0a8b] szParamValue: 117.1442642211914.
[18/03/28-16:19:21 130][DBG][Px0a62][Tx0a8b] Set Longitude to: 117.1442642211914.
[18/03/28-16:19:21 130][TRC][Px0a62][Tx0a8b] SetParam | leave.
[18/03/28-16:19:21 130][TRC][Px0a62][Tx0a8b] SetParam | enter.
[18/03/28-16:19:21 130][DBG][Px0a62][Tx0a8b] szParam: city.
[18/03/28-16:19:21 130][DBG][Px0a62][Tx0a8b] szParamValue: 合肥市.
[18/03/28-16:19:21 130][TRC][Px0a62][Tx0a8b] SetAttachParams | enter.
[18/03/28-16:19:21 130][DBG][Px0a62][Tx0a8b] SetAttachParams | szAttachParams : city, szParamValue : 合肥市, nMode : 0
[18/03/28-16:19:21 131][TRC][Px0a62][Tx0a8b] SetParams | enter.
[18/03/28-16:19:21 131][DBG][Px0a62][Tx0a8b] SetParams | params is : {"attachparams":{"nlp_params":{"city":"合肥市","theme":""}}}
[18/03/28-16:19:21 131][TRC][Px0a62][Tx0a8b] SetParams | leave.
[18/03/28-16:19:21 131][TRC][Px0a62][Tx0a8b] SetAttachParams | leave.
[18/03/28-16:19:21 131][TRC][Px0a62][Tx0a8b] SetParam | leave.
[18/03/28-16:19:21 131][TRC][Px0a62][Tx0a8b] SetParam | enter.
[18/03/28-16:19:21 131][DBG][Px0a62][Tx0a8b] szParam: attachparams.
[18/03/28-16:19:21 131][DBG][Px0a62][Tx0a8b] szParamValue: {"nlp_params":{"theme":""}}.
[18/03/28-16:19:21 131][TRC][Px0a62][Tx0a8b] SetAttachParams | enter.
[18/03/28-16:19:21 131][TRC][Px0a62][Tx0a8b] SetParams | enter.
[18/03/28-16:19:21 132][DBG][Px0a62][Tx0a8b] SetParams | params is : {"attachparams":{"nlp_params":{"city":"合肥市","theme":""}}}
[18/03/28-16:19:21 132][TRC][Px0a62][Tx0a8b] SetParams | leave.
[18/03/28-16:19:21 132][TRC][Px0a62][Tx0a8b] SetAttachParams | leave.
[18/03/28-16:19:21 132][TRC][Px0a62][Tx0a8b] SetParam | leave.
[18/03/28-16:19:31 134][TRC][Px0a62][Tx0a8b] SetParam | enter.
[18/03/28-16:19:31 135][DBG][Px0a62][Tx0a8b] szParam: latitude.
[18/03/28-16:19:31 135][DBG][Px0a62][Tx0a8b] szParamValue: 31.83461570739746.
[18/03/28-16:19:31 135][DBG][Px0a62][Tx0a8b] Set Latitude to: 31.83461570739746.
[18/03/28-16:19:31 135][TRC][Px0a62][Tx0a8b] SetParam | leave.
[18/03/28-16:19:31 135][PRF][Px0a62][Tx0a8b] SetParam 1.024 msec.
[18/03/28-16:19:31 135][TRC][Px0a62][Tx0a8b] SetParam | enter.
[18/03/28-16:19:31 136][DBG][Px0a62][Tx0a8b] szParam: longitude.
[18/03/28-16:19:31 136][DBG][Px0a62][Tx0a8b] szParamValue: 117.1442642211914.
[18/03/28-16:19:31 136][DBG][Px0a62][Tx0a8b] Set Longitude to: 117.1442642211914.
[18/03/28-16:19:31 136][TRC][Px0a62][Tx0a8b] SetParam | leave.
[18/03/28-16:19:31 136][TRC][Px0a62][Tx0a8b] SetParam | enter.
[18/03/28-16:19:31 136][DBG][Px0a62][Tx0a8b] szParam: city.
[18/03/28-16:19:31 137][DBG][Px0a62][Tx0a8b] szParamValue: 合肥市.
[18/03/28-16:19:31 137][TRC][Px0a62][Tx0a8b] SetAttachParams | enter.
[18/03/28-16:19:31 137][DBG][Px0a62][Tx0a8b] SetAttachParams | szAttachParams : city, szParamValue : 合肥市, nMode : 0
[18/03/28-16:19:31 137][TRC][Px0a62][Tx0a8b] SetParams | enter.
[18/03/28-16:19:31 137][DBG][Px0a62][Tx0a8b] SetParams | params is : {"attachparams":{"nlp_params":{"city":"合肥市","theme":""}}}
[18/03/28-16:19:31 138][TRC][Px0a62][Tx0a8b] SetParams | leave.
[18/03/28-16:19:31 138][TRC][Px0a62][Tx0a8b] SetAttachParams | leave.
[18/03/28-16:19:31 138][PRF][Px0a62][Tx0a8b] SetAttachParams 1.241 msec.
[18/03/28-16:19:31 138][TRC][Px0a62][Tx0a8b] SetParam | leave.
[18/03/28-16:19:31 138][PRF][Px0a62][Tx0a8b] SetParam 2.001 msec.
[18/03/28-16:19:31 139][TRC][Px0a62][Tx0a8b] SetParam | enter.
[18/03/28-16:19:31 139][DBG][Px0a62][Tx0a8b] szParam: attachparams.
[18/03/28-16:19:31 139][DBG][Px0a62][Tx0a8b] szParamValue: {"nlp_params":{"theme":""}}.
[18/03/28-16:19:31 140][TRC][Px0a62][Tx0a8b] SetAttachParams | enter.
[18/03/28-16:19:31 140][TRC][Px0a62][Tx0a8b] SetParams | enter.
[18/03/28-16:19:31 140][DBG][Px0a62][Tx0a8b] SetParams | params is : {"attachparams":{"nlp_params":{"city":"合肥市","theme":""}}}
[18/03/28-16:19:31 140][TRC][Px0a62][Tx0a8b] SetParams | leave.
[18/03/28-16:19:31 141][TRC][Px0a62][Tx0a8b] SetAttachParams | leave.
[18/03/28-16:19:31 141][PRF][Px0a62][Tx0a8b] SetAttachParams 1.150 msec.
[18/03/28-16:19:31 141][TRC][Px0a62][Tx0a8b] SetParam | leave.
[18/03/28-16:19:31 141][PRF][Px0a62][Tx0a8b] SetParam 2.213 msec.
[18/03/28-16:19:41 136][TRC][Px0a62][Tx0a8b] SetParam | enter.
[18/03/28-16:19:41 136][DBG][Px0a62][Tx0a8b] szParam: latitude.
[18/03/28-16:19:41 136][DBG][Px0a62][Tx0a8b] szParamValue: 31.83461570739746.
[18/03/28-16:19:41 137][DBG][Px0a62][Tx0a8b] Set Latitude to: 31.83461570739746.
[18/03/28-16:19:41 137][TRC][Px0a62][Tx0a8b] SetParam | leave.
[18/03/28-16:19:41 137][TRC][Px0a62][Tx0a8b] SetParam | enter.
[18/03/28-16:19:41 137][DBG][Px0a62][Tx0a8b] szParam: longitude.
[18/03/28-16:19:41 137][DBG][Px0a62][Tx0a8b] szParamValue: 117.1442642211914.
[18/03/28-16:19:41 137][DBG][Px0a62][Tx0a8b] Set Longitude to: 117.1442642211914.
[18/03/28-16:19:41 137][TRC][Px0a62][Tx0a8b] SetParam | leave.
[18/03/28-16:19:41 137][TRC][Px0a62][Tx0a8b] SetParam | enter.
[18/03/28-16:19:41 137][DBG][Px0a62][Tx0a8b] szParam: city.
[18/03/28-16:19:41 137][DBG][Px0a62][Tx0a8b] szParamValue: 合肥市.
[18/03/28-16:19:41 137][TRC][Px0a62][Tx0a8b] SetAttachParams | enter.
[18/03/28-16:19:41 137][DBG][Px0a62][Tx0a8b] SetAttachParams | szAttachParams : city, szParamValue : 合肥市, nMode : 0
[18/03/28-16:19:41 137][TRC][Px0a62][Tx0a8b] SetParams | enter.
[18/03/28-16:19:41 137][DBG][Px0a62][Tx0a8b] SetParams | params is : {"attachparams":{"nlp_params":{"city":"合肥市","theme":""}}}
[18/03/28-16:19:41 138][TRC][Px0a62][Tx0a8b] SetParams | leave.
[18/03/28-16:19:41 138][TRC][Px0a62][Tx0a8b] SetAttachParams | leave.
[18/03/28-16:19:41 138][TRC][Px0a62][Tx0a8b] SetParam | leave.
[18/03/28-16:19:41 138][TRC][Px0a62][Tx0a8b] SetParam | enter.
[18/03/28-16:19:41 138][DBG][Px0a62][Tx0a8b] szParam: attachparams.
[18/03/28-16:19:41 138][DBG][Px0a62][Tx0a8b] szParamValue: {"nlp_params":{"theme":""}}.
[18/03/28-16:19:41 138][TRC][Px0a62][Tx0a8b] SetAttachParams | enter.
[18/03/28-16:19:41 138][TRC][Px0a62][Tx0a8b] SetParams | enter.
[18/03/28-16:19:41 138][DBG][Px0a62][Tx0a8b] SetParams | params is : {"attachparams":{"nlp_params":{"city":"合肥市","theme":""}}}
[18/03/28-16:19:41 138][TRC][Px0a62][Tx0a8b] SetParams | leave.
[18/03/28-16:19:41 138][TRC][Px0a62][Tx0a8b] SetAttachParams | leave.
[18/03/28-16:19:41 139][TRC][Px0a62][Tx0a8b] SetParam | leave.
[18/03/28-16:19:51 130][TRC][Px0a62][Tx0a8b] SetParam | enter.
[18/03/28-16:19:51 130][DBG][Px0a62][Tx0a8b] szParam: latitude.
[18/03/28-16:19:51 130][DBG][Px0a62][Tx0a8b] szParamValue: 31.83461570739746.
[18/03/28-16:19:51 130][DBG][Px0a62][Tx0a8b] Set Latitude to: 31.83461570739746.
[18/03/28-16:19:51 130][TRC][Px0a62][Tx0a8b] SetParam | leave.
[18/03/28-16:19:51 130][TRC][Px0a62][Tx0a8b] SetParam | enter.
[18/03/28-16:19:51 130][DBG][Px0a62][Tx0a8b] szParam: longitude.
[18/03/28-16:19:51 130][DBG][Px0a62][Tx0a8b] szParamValue: 117.1442642211914.
[18/03/28-16:19:51 130][DBG][Px0a62][Tx0a8b] Set Longitude to: 117.1442642211914.
[18/03/28-16:19:51 130][TRC][Px0a62][Tx0a8b] SetParam | leave.
[18/03/28-16:19:51 130][TRC][Px0a62][Tx0a8b] SetParam | enter.
[18/03/28-16:19:51 131][DBG][Px0a62][Tx0a8b] szParam: city.
[18/03/28-16:19:51 131][DBG][Px0a62][Tx0a8b] szParamValue: 合肥市.
[18/03/28-16:19:51 131][TRC][Px0a62][Tx0a8b] SetAttachParams | enter.
[18/03/28-16:19:51 131][DBG][Px0a62][Tx0a8b] SetAttachParams | szAttachParams : city, szParamValue : 合肥市, nMode : 0
[18/03/28-16:19:51 131][TRC][Px0a62][Tx0a8b] SetParams | enter.
[18/03/28-16:19:51 131][DBG][Px0a62][Tx0a8b] SetParams | params is : {"attachparams":{"nlp_params":{"city":"合肥市","theme":""}}}
[18/03/28-16:19:51 131][TRC][Px0a62][Tx0a8b] SetParams | leave.
[18/03/28-16:19:51 131][TRC][Px0a62][Tx0a8b] SetAttachParams | leave.
[18/03/28-16:19:51 131][TRC][Px0a62][Tx0a8b] SetParam | leave.
[18/03/28-16:19:51 131][TRC][Px0a62][Tx0a8b] SetParam | enter.
[18/03/28-16:19:51 131][DBG][Px0a62][Tx0a8b] szParam: attachparams.
[18/03/28-16:19:51 131][DBG][Px0a62][Tx0a8b] szParamValue: {"nlp_params":{"theme":""}}.
[18/03/28-16:19:51 132][TRC][Px0a62][Tx0a8b] SetAttachParams | enter.
[18/03/28-16:19:51 132][TRC][Px0a62][Tx0a8b] SetParams | enter.
[18/03/28-16:19:51 132][DBG][Px0a62][Tx0a8b] SetParams | params is : {"attachparams":{"nlp_params":{"city":"合肥市","theme":""}}}
[18/03/28-16:19:51 132][TRC][Px0a62][Tx0a8b] SetParams | leave.
[18/03/28-16:19:51 132][TRC][Px0a62][Tx0a8b] SetAttachParams | leave.
[18/03/28-16:19:51 132][TRC][Px0a62][Tx0a8b] SetParam | leave.
[18/03/28-16:20:01 130][TRC][Px0a62][Tx0a8b] SetParam | enter.
[18/03/28-16:20:01 130][DBG][Px0a62][Tx0a8b] szParam: latitude.
[18/03/28-16:20:01 130][DBG][Px0a62][Tx0a8b] szParamValue: 31.83461570739746.
[18/03/28-16:20:01 130][DBG][Px0a62][Tx0a8b] Set Latitude to: 31.83461570739746.
[18/03/28-16:20:01 130][TRC][Px0a62][Tx0a8b] SetParam | leave.
[18/03/28-16:20:01 131][TRC][Px0a62][Tx0a8b] SetParam | enter.
[18/03/28-16:20:01 131][DBG][Px0a62][Tx0a8b] szParam: longitude.
[18/03/28-16:20:01 131][DBG][Px0a62][Tx0a8b] szParamValue: 117.1442642211914.
[18/03/28-16:20:01 131][DBG][Px0a62][Tx0a8b] Set Longitude to: 117.1442642211914.
[18/03/28-16:20:01 131][TRC][Px0a62][Tx0a8b] SetParam | leave.
[18/03/28-16:20:01 131][TRC][Px0a62][Tx0a8b] SetParam | enter.
[18/03/28-16:20:01 131][DBG][Px0a62][Tx0a8b] szParam: city.
[18/03/28-16:20:01 131][DBG][Px0a62][Tx0a8b] szParamValue: 合肥市.
[18/03/28-16:20:01 131][TRC][Px0a62][Tx0a8b] SetAttachParams | enter.
[18/03/28-16:20:01 131][DBG][Px0a62][Tx0a8b] SetAttachParams | szAttachParams : city, szParamValue : 合肥市, nMode : 0
[18/03/28-16:20:01 131][TRC][Px0a62][Tx0a8b] SetParams | enter.
[18/03/28-16:20:01 131][DBG][Px0a62][Tx0a8b] SetParams | params is : {"attachparams":{"nlp_params":{"city":"合肥市","theme":""}}}
[18/03/28-16:20:01 131][TRC][Px0a62][Tx0a8b] SetParams | leave.
[18/03/28-16:20:01 131][TRC][Px0a62][Tx0a8b] SetAttachParams | leave.
[18/03/28-16:20:01 131][TRC][Px0a62][Tx0a8b] SetParam | leave.
[18/03/28-16:20:01 132][TRC][Px0a62][Tx0a8b] SetParam | enter.
[18/03/28-16:20:01 132][DBG][Px0a62][Tx0a8b] szParam: attachparams.
[18/03/28-16:20:01 132][DBG][Px0a62][Tx0a8b] szParamValue: {"nlp_params":{"theme":""}}.
[18/03/28-16:20:01 132][TRC][Px0a62][Tx0a8b] SetAttachParams | enter.
[18/03/28-16:20:01 132][TRC][Px0a62][Tx0a8b] SetParams | enter.
[18/03/28-16:20:01 132][DBG][Px0a62][Tx0a8b] SetParams | params is : {"attachparams":{"nlp_params":{"city":"合肥市","theme":""}}}
[18/03/28-16:20:01 132][TRC][Px0a62][Tx0a8b] SetParams | leave.
[18/03/28-16:20:01 132][TRC][Px0a62][Tx0a8b] SetAttachParams | leave.
[18/03/28-16:20:01 132][TRC][Px0a62][Tx0a8b] SetParam | leave.
[18/03/28-16:20:11 135][TRC][Px0a62][Tx0a8b] SetParam | enter.
[18/03/28-16:20:11 135][DBG][Px0a62][Tx0a8b] szParam: latitude.
[18/03/28-16:20:11 135][DBG][Px0a62][Tx0a8b] szParamValue: 31.83461570739746.
[18/03/28-16:20:11 136][DBG][Px0a62][Tx0a8b] Set Latitude to: 31.83461570739746.
[18/03/28-16:20:11 136][TRC][Px0a62][Tx0a8b] SetParam | leave.
[18/03/28-16:20:11 136][PRF][Px0a62][Tx0a8b] SetParam 1.229 msec.
[18/03/28-16:20:11 136][TRC][Px0a62][Tx0a8b] SetParam | enter.
[18/03/28-16:20:11 136][DBG][Px0a62][Tx0a8b] szParam: longitude.
[18/03/28-16:20:11 137][DBG][Px0a62][Tx0a8b] szParamValue: 117.1442642211914.
[18/03/28-16:20:11 137][DBG][Px0a62][Tx0a8b] Set Longitude to: 117.1442642211914.
[18/03/28-16:20:11 137][TRC][Px0a62][Tx0a8b] SetParam | leave.
[18/03/28-16:20:11 137][TRC][Px0a62][Tx0a8b] SetParam | enter.
[18/03/28-16:20:11 137][DBG][Px0a62][Tx0a8b] szParam: city.
[18/03/28-16:20:11 137][DBG][Px0a62][Tx0a8b] szParamValue: 合肥市.
[18/03/28-16:20:11 138][TRC][Px0a62][Tx0a8b] SetAttachParams | enter.
[18/03/28-16:20:11 138][DBG][Px0a62][Tx0a8b] SetAttachParams | szAttachParams : city, szParamValue : 合肥市, nMode : 0
[18/03/28-16:20:11 138][TRC][Px0a62][Tx0a8b] SetParams | enter.
[18/03/28-16:20:11 138][DBG][Px0a62][Tx0a8b] SetParams | params is : {"attachparams":{"nlp_params":{"city":"合肥市","theme":""}}}
[18/03/28-16:20:11 138][TRC][Px0a62][Tx0a8b] SetParams | leave.
[18/03/28-16:20:11 139][TRC][Px0a62][Tx0a8b] SetAttachParams | leave.
[18/03/28-16:20:11 139][PRF][Px0a62][Tx0a8b] SetAttachParams 1.209 msec.
[18/03/28-16:20:11 139][TRC][Px0a62][Tx0a8b] SetParam | leave.
[18/03/28-16:20:11 139][PRF][Px0a62][Tx0a8b] SetParam 1.920 msec.
[18/03/28-16:20:11 140][TRC][Px0a62][Tx0a8b] SetParam | enter.
[18/03/28-16:20:11 140][DBG][Px0a62][Tx0a8b] szParam: attachparams.
[18/03/28-16:20:11 140][DBG][Px0a62][Tx0a8b] szParamValue: {"nlp_params":{"theme":""}}.
[18/03/28-16:20:11 140][TRC][Px0a62][Tx0a8b] SetAttachParams | enter.
[18/03/28-16:20:11 140][TRC][Px0a62][Tx0a8b] SetParams | enter.
[18/03/28-16:20:11 140][DBG][Px0a62][Tx0a8b] SetParams | params is : {"attachparams":{"nlp_params":{"city":"合肥市","theme":""}}}
[18/03/28-16:20:11 141][TRC][Px0a62][Tx0a8b] SetParams | leave.
[18/03/28-16:20:11 141][TRC][Px0a62][Tx0a8b] SetAttachParams | leave.
[18/03/28-16:20:11 141][PRF][Px0a62][Tx0a8b] SetAttachParams 1.125 msec.
[18/03/28-16:20:11 141][TRC][Px0a62][Tx0a8b] SetParam | leave.
[18/03/28-16:20:11 141][PRF][Px0a62][Tx0a8b] SetParam 1.849 msec.
[18/03/28-16:20:21 135][TRC][Px0a62][Tx0a8b] SetParam | enter.
[18/03/28-16:20:21 135][DBG][Px0a62][Tx0a8b] szParam: latitude.
[18/03/28-16:20:21 135][DBG][Px0a62][Tx0a8b] szParamValue: 31.83461570739746.
[18/03/28-16:20:21 135][DBG][Px0a62][Tx0a8b] Set Latitude to: 31.83461570739746.
[18/03/28-16:20:21 136][TRC][Px0a62][Tx0a8b] SetParam | leave.
[18/03/28-16:20:21 136][TRC][Px0a62][Tx0a8b] SetParam | enter.
[18/03/28-16:20:21 136][DBG][Px0a62][Tx0a8b] szParam: longitude.
[18/03/28-16:20:21 137][DBG][Px0a62][Tx0a8b] szParamValue: 117.1442642211914.
[18/03/28-16:20:21 137][DBG][Px0a62][Tx0a8b] Set Longitude to: 117.1442642211914.
[18/03/28-16:20:21 137][TRC][Px0a62][Tx0a8b] SetParam | leave.
[18/03/28-16:20:21 138][PRF][Px0a62][Tx0a8b] SetParam 1.639 msec.
[18/03/28-16:20:21 138][TRC][Px0a62][Tx0a8b] SetParam | enter.
[18/03/28-16:20:21 138][DBG][Px0a62][Tx0a8b] szParam: city.
[18/03/28-16:20:21 138][DBG][Px0a62][Tx0a8b] szParamValue: 合肥市.
[18/03/28-16:20:21 138][TRC][Px0a62][Tx0a8b] SetAttachParams | enter.
[18/03/28-16:20:21 138][DBG][Px0a62][Tx0a8b] SetAttachParams | szAttachParams : city, szParamValue : 合肥市, nMode : 0
[18/03/28-16:20:21 138][TRC][Px0a62][Tx0a8b] SetParams | enter.
[18/03/28-16:20:21 139][DBG][Px0a62][Tx0a8b] SetParams | params is : {"attachparams":{"nlp_params":{"city":"合肥市","theme":""}}}
[18/03/28-16:20:21 139][TRC][Px0a62][Tx0a8b] SetParams | leave.
[18/03/28-16:20:21 139][TRC][Px0a62][Tx0a8b] SetAttachParams | leave.
[18/03/28-16:20:21 139][PRF][Px0a62][Tx0a8b] SetAttachParams 1.215 msec.
[18/03/28-16:20:21 140][TRC][Px0a62][Tx0a8b] SetParam | leave.
[18/03/28-16:20:21 140][PRF][Px0a62][Tx0a8b] SetParam 1.880 msec.
[18/03/28-16:20:21 140][TRC][Px0a62][Tx0a8b] SetParam | enter.
[18/03/28-16:20:21 140][DBG][Px0a62][Tx0a8b] szParam: attachparams.
[18/03/28-16:20:21 140][DBG][Px0a62][Tx0a8b] szParamValue: {"nlp_params":{"theme":""}}.
[18/03/28-16:20:21 140][TRC][Px0a62][Tx0a8b] SetAttachParams | enter.
[18/03/28-16:20:21 141][TRC][Px0a62][Tx0a8b] SetParams | enter.
[18/03/28-16:20:21 141][DBG][Px0a62][Tx0a8b] SetParams | params is : {"attachparams":{"nlp_params":{"city":"合肥市","theme":""}}}
[18/03/28-16:20:21 141][TRC][Px0a62][Tx0a8b] SetParams | leave.
[18/03/28-16:20:21 141][TRC][Px0a62][Tx0a8b] SetAttachParams | leave.
[18/03/28-16:20:21 142][PRF][Px0a62][Tx0a8b] SetAttachParams 1.158 msec.
[18/03/28-16:20:21 142][TRC][Px0a62][Tx0a8b] SetParam | leave.
[18/03/28-16:20:21 142][PRF][Px0a62][Tx0a8b] SetParam 1.864 msec.
[18/03/28-16:20:31 136][TRC][Px0a62][Tx0a8b] SetParam | enter.
[18/03/28-16:20:31 136][DBG][Px0a62][Tx0a8b] szParam: latitude.
[18/03/28-16:20:31 136][DBG][Px0a62][Tx0a8b] szParamValue: 31.83461570739746.
[18/03/28-16:20:31 137][DBG][Px0a62][Tx0a8b] Set Latitude to: 31.83461570739746.
[18/03/28-16:20:31 137][TRC][Px0a62][Tx0a8b] SetParam | leave.
[18/03/28-16:20:31 137][PRF][Px0a62][Tx0a8b] SetParam 1.255 msec.
[18/03/28-16:20:31 138][TRC][Px0a62][Tx0a8b] SetParam | enter.
[18/03/28-16:20:31 138][DBG][Px0a62][Tx0a8b] szParam: longitude.
[18/03/28-16:20:31 138][DBG][Px0a62][Tx0a8b] szParamValue: 117.1442642211914.
[18/03/28-16:20:31 138][DBG][Px0a62][Tx0a8b] Set Longitude to: 117.1442642211914.
[18/03/28-16:20:31 138][TRC][Px0a62][Tx0a8b] SetParam | leave.
[18/03/28-16:20:31 139][TRC][Px0a62][Tx0a8b] SetParam | enter.
[18/03/28-16:20:31 139][DBG][Px0a62][Tx0a8b] szParam: city.
[18/03/28-16:20:31 139][DBG][Px0a62][Tx0a8b] szParamValue: 合肥市.
[18/03/28-16:20:31 139][TRC][Px0a62][Tx0a8b] SetAttachParams | enter.
[18/03/28-16:20:31 139][DBG][Px0a62][Tx0a8b] SetAttachParams | szAttachParams : city, szParamValue : 合肥市, nMode : 0
[18/03/28-16:20:31 139][TRC][Px0a62][Tx0a8b] SetParams | enter.
[18/03/28-16:20:31 140][DBG][Px0a62][Tx0a8b] SetParams | params is : {"attachparams":{"nlp_params":{"city":"合肥市","theme":""}}}
[18/03/28-16:20:31 140][TRC][Px0a62][Tx0a8b] SetParams | leave.
[18/03/28-16:20:31 140][TRC][Px0a62][Tx0a8b] SetAttachParams | leave.
[18/03/28-16:20:31 140][PRF][Px0a62][Tx0a8b] SetAttachParams 1.196 msec.
[18/03/28-16:20:31 140][TRC][Px0a62][Tx0a8b] SetParam | leave.
[18/03/28-16:20:31 140][PRF][Px0a62][Tx0a8b] SetParam 1.881 msec.
[18/03/28-16:20:31 141][TRC][Px0a62][Tx0a8b] SetParam | enter.
[18/03/28-16:20:31 141][DBG][Px0a62][Tx0a8b] szParam: attachparams.
[18/03/28-16:20:31 141][DBG][Px0a62][Tx0a8b] szParamValue: {"nlp_params":{"theme":""}}.
[18/03/28-16:20:31 141][TRC][Px0a62][Tx0a8b] SetAttachParams | enter.
[18/03/28-16:20:31 142][TRC][Px0a62][Tx0a8b] SetParams | enter.
[18/03/28-16:20:31 142][DBG][Px0a62][Tx0a8b] SetParams | params is : {"attachparams":{"nlp_params":{"city":"合肥市","theme":""}}}
[18/03/28-16:20:31 142][TRC][Px0a62][Tx0a8b] SetParams | leave.
[18/03/28-16:20:31 142][TRC][Px0a62][Tx0a8b] SetAttachParams | leave.
[18/03/28-16:20:31 142][PRF][Px0a62][Tx0a8b] SetAttachParams 1.099 msec.
[18/03/28-16:20:31 143][TRC][Px0a62][Tx0a8b] SetParam | leave.
[18/03/28-16:20:31 143][PRF][Px0a62][Tx0a8b] SetParam 1.817 msec.
[18/03/28-16:20:41 161][TRC][Px0a62][Tx0a8b] SetParam | enter.
[18/03/28-16:20:41 162][DBG][Px0a62][Tx0a8b] szParam: latitude.
[18/03/28-16:20:41 162][DBG][Px0a62][Tx0a8b] szParamValue: 31.83461570739746.
[18/03/28-16:20:41 162][DBG][Px0a62][Tx0a8b] Set Latitude to: 31.83461570739746.
[18/03/28-16:20:41 162][TRC][Px0a62][Tx0a8b] SetParam | leave.
[18/03/28-16:20:41 162][TRC][Px0a62][Tx0a8b] SetParam | enter.
[18/03/28-16:20:41 162][DBG][Px0a62][Tx0a8b] szParam: longitude.
[18/03/28-16:20:41 162][DBG][Px0a62][Tx0a8b] szParamValue: 117.1442642211914.
[18/03/28-16:20:41 162][DBG][Px0a62][Tx0a8b] Set Longitude to: 117.1442642211914.
[18/03/28-16:20:41 162][TRC][Px0a62][Tx0a8b] SetParam | leave.
[18/03/28-16:20:41 162][TRC][Px0a62][Tx0a8b] SetParam | enter.
[18/03/28-16:20:41 162][DBG][Px0a62][Tx0a8b] szParam: city.
[18/03/28-16:20:41 162][DBG][Px0a62][Tx0a8b] szParamValue: 合肥市.
[18/03/28-16:20:41 162][TRC][Px0a62][Tx0a8b] SetAttachParams | enter.
[18/03/28-16:20:41 162][DBG][Px0a62][Tx0a8b] SetAttachParams | szAttachParams : city, szParamValue : 合肥市, nMode : 0
[18/03/28-16:20:41 162][TRC][Px0a62][Tx0a8b] SetParams | enter.
[18/03/28-16:20:41 163][DBG][Px0a62][Tx0a8b] SetParams | params is : {"attachparams":{"nlp_params":{"city":"合肥市","theme":""}}}
[18/03/28-16:20:41 163][TRC][Px0a62][Tx0a8b] SetParams | leave.
[18/03/28-16:20:41 163][TRC][Px0a62][Tx0a8b] SetAttachParams | leave.
[18/03/28-16:20:41 164][PRF][Px0a62][Tx0a8b] SetAttachParams 1.241 msec.
[18/03/28-16:20:41 164][TRC][Px0a62][Tx0a8b] SetParam | leave.
[18/03/28-16:20:41 164][PRF][Px0a62][Tx0a8b] SetParam 1.539 msec.
[18/03/28-16:20:41 164][TRC][Px0a62][Tx0a8b] SetParam | enter.
[18/03/28-16:20:41 164][DBG][Px0a62][Tx0a8b] szParam: attachparams.
[18/03/28-16:20:41 164][DBG][Px0a62][Tx0a8b] szParamValue: {"nlp_params":{"theme":""}}.
[18/03/28-16:20:41 164][TRC][Px0a62][Tx0a8b] SetAttachParams | enter.
[18/03/28-16:20:41 164][TRC][Px0a62][Tx0a8b] SetParams | enter.
[18/03/28-16:20:41 165][DBG][Px0a62][Tx0a8b] SetParams | params is : {"attachparams":{"nlp_params":{"city":"合肥市","theme":""}}}
[18/03/28-16:20:41 165][TRC][Px0a62][Tx0a8b] SetParams | leave.
[18/03/28-16:20:41 165][TRC][Px0a62][Tx0a8b] SetAttachParams | leave.
[18/03/28-16:20:41 165][PRF][Px0a62][Tx0a8b] SetAttachParams 1.281 msec.
[18/03/28-16:20:41 166][TRC][Px0a62][Tx0a8b] SetParam | leave.
[18/03/28-16:20:41 166][PRF][Px0a62][Tx0a8b] SetParam 1.684 msec.
[18/03/28-16:20:51 137][TRC][Px0a62][Tx0a8b] SetParam | enter.
[18/03/28-16:20:51 137][DBG][Px0a62][Tx0a8b] szParam: latitude.
[18/03/28-16:20:51 137][DBG][Px0a62][Tx0a8b] szParamValue: 31.83461570739746.
[18/03/28-16:20:51 138][DBG][Px0a62][Tx0a8b] Set Latitude to: 31.83461570739746.
[18/03/28-16:20:51 138][TRC][Px0a62][Tx0a8b] SetParam | leave.
[18/03/28-16:20:51 138][PRF][Px0a62][Tx0a8b] SetParam 1.033 msec.
[18/03/28-16:20:51 138][TRC][Px0a62][Tx0a8b] SetParam | enter.
[18/03/28-16:20:51 138][DBG][Px0a62][Tx0a8b] szParam: longitude.
[18/03/28-16:20:51 139][DBG][Px0a62][Tx0a8b] szParamValue: 117.1442642211914.
[18/03/28-16:20:51 139][DBG][Px0a62][Tx0a8b] Set Longitude to: 117.1442642211914.
[18/03/28-16:20:51 139][TRC][Px0a62][Tx0a8b] SetParam | leave.
[18/03/28-16:20:51 139][TRC][Px0a62][Tx0a8b] SetParam | enter.
[18/03/28-16:20:51 139][DBG][Px0a62][Tx0a8b] szParam: city.
[18/03/28-16:20:51 139][DBG][Px0a62][Tx0a8b] szParamValue: 合肥市.
[18/03/28-16:20:51 140][TRC][Px0a62][Tx0a8b] SetAttachParams | enter.
[18/03/28-16:20:51 140][DBG][Px0a62][Tx0a8b] SetAttachParams | szAttachParams : city, szParamValue : 合肥市, nMode : 0
[18/03/28-16:20:51 140][TRC][Px0a62][Tx0a8b] SetParams | enter.
[18/03/28-16:20:51 142][DBG][Px0a62][Tx0a8b] SetParams | params is : {"attachparams":{"nlp_params":{"city":"合肥市","theme":""}}}
[18/03/28-16:20:51 143][TRC][Px0a62][Tx0a8b] SetParams | leave.
[18/03/28-16:20:51 143][PRF][Px0a62][Tx0a8b] SetParams 2.947 msec.
[18/03/28-16:20:51 143][TRC][Px0a62][Tx0a8b] SetAttachParams | leave.
[18/03/28-16:20:51 144][PRF][Px0a62][Tx0a8b] SetAttachParams 3.834 msec.
[18/03/28-16:20:51 144][TRC][Px0a62][Tx0a8b] SetParam | leave.
[18/03/28-16:20:51 144][PRF][Px0a62][Tx0a8b] SetParam 4.732 msec.
[18/03/28-16:20:51 144][TRC][Px0a62][Tx0a8b] SetParam | enter.
[18/03/28-16:20:51 144][DBG][Px0a62][Tx0a8b] szParam: attachparams.
[18/03/28-16:20:51 144][DBG][Px0a62][Tx0a8b] szParamValue: {"nlp_params":{"theme":""}}.
[18/03/28-16:20:51 145][TRC][Px0a62][Tx0a8b] SetAttachParams | enter.
[18/03/28-16:20:51 145][TRC][Px0a62][Tx0a8b] SetParams | enter.
[18/03/28-16:20:51 145][DBG][Px0a62][Tx0a8b] SetParams | params is : {"attachparams":{"nlp_params":{"city":"合肥市","theme":""}}}
[18/03/28-16:20:51 145][TRC][Px0a62][Tx0a8b] SetParams | leave.
[18/03/28-16:20:51 146][TRC][Px0a62][Tx0a8b] SetAttachParams | leave.
[18/03/28-16:20:51 146][PRF][Px0a62][Tx0a8b] SetAttachParams 1.163 msec.
[18/03/28-16:20:51 146][TRC][Px0a62][Tx0a8b] SetParam | leave.
[18/03/28-16:20:51 146][PRF][Px0a62][Tx0a8b] SetParam 1.877 msec.
[18/03/28-16:21:01 131][TRC][Px0a62][Tx0a8b] SetParam | enter.
[18/03/28-16:21:01 131][DBG][Px0a62][Tx0a8b] szParam: latitude.
[18/03/28-16:21:01 131][DBG][Px0a62][Tx0a8b] szParamValue: 31.83461570739746.
[18/03/28-16:21:01 131][DBG][Px0a62][Tx0a8b] Set Latitude to: 31.83461570739746.
[18/03/28-16:21:01 131][TRC][Px0a62][Tx0a8b] SetParam | leave.
[18/03/28-16:21:01 131][TRC][Px0a62][Tx0a8b] SetParam | enter.
[18/03/28-16:21:01 131][DBG][Px0a62][Tx0a8b] szParam: longitude.
[18/03/28-16:21:01 131][DBG][Px0a62][Tx0a8b] szParamValue: 117.1442642211914.
[18/03/28-16:21:01 131][DBG][Px0a62][Tx0a8b] Set Longitude to: 117.1442642211914.
[18/03/28-16:21:01 131][TRC][Px0a62][Tx0a8b] SetParam | leave.
[18/03/28-16:21:01 131][TRC][Px0a62][Tx0a8b] SetParam | enter.
[18/03/28-16:21:01 131][DBG][Px0a62][Tx0a8b] szParam: city.
[18/03/28-16:21:01 132][DBG][Px0a62][Tx0a8b] szParamValue: 合肥市.
[18/03/28-16:21:01 132][TRC][Px0a62][Tx0a8b] SetAttachParams | enter.
[18/03/28-16:21:01 132][DBG][Px0a62][Tx0a8b] SetAttachParams | szAttachParams : city, szParamValue : 合肥市, nMode : 0
[18/03/28-16:21:01 132][TRC][Px0a62][Tx0a8b] SetParams | enter.
[18/03/28-16:21:01 132][DBG][Px0a62][Tx0a8b] SetParams | params is : {"attachparams":{"nlp_params":{"city":"合肥市","theme":""}}}
[18/03/28-16:21:01 132][TRC][Px0a62][Tx0a8b] SetParams | leave.
[18/03/28-16:21:01 132][TRC][Px0a62][Tx0a8b] SetAttachParams | leave.
[18/03/28-16:21:01 132][TRC][Px0a62][Tx0a8b] SetParam | leave.
[18/03/28-16:21:01 132][TRC][Px0a62][Tx0a8b] SetParam | enter.
[18/03/28-16:21:01 132][DBG][Px0a62][Tx0a8b] szParam: attachparams.
[18/03/28-16:21:01 133][DBG][Px0a62][Tx0a8b] szParamValue: {"nlp_params":{"theme":""}}.
[18/03/28-16:21:01 133][TRC][Px0a62][Tx0a8b] SetAttachParams | enter.
[18/03/28-16:21:01 133][TRC][Px0a62][Tx0a8b] SetParams | enter.
[18/03/28-16:21:01 133][DBG][Px0a62][Tx0a8b] SetParams | params is : {"attachparams":{"nlp_params":{"city":"合肥市","theme":""}}}
[18/03/28-16:21:01 133][TRC][Px0a62][Tx0a8b] SetParams | leave.
[18/03/28-16:21:01 133][TRC][Px0a62][Tx0a8b] SetAttachParams | leave.
[18/03/28-16:21:01 133][TRC][Px0a62][Tx0a8b] SetParam | leave.
[18/03/28-16:21:11 137][TRC][Px0a62][Tx0a8b] SetParam | enter.
[18/03/28-16:21:11 137][DBG][Px0a62][Tx0a8b] szParam: latitude.
[18/03/28-16:21:11 137][DBG][Px0a62][Tx0a8b] szParamValue: 31.83461570739746.
[18/03/28-16:21:11 137][DBG][Px0a62][Tx0a8b] Set Latitude to: 31.83461570739746.
[18/03/28-16:21:11 137][TRC][Px0a62][Tx0a8b] SetParam | leave.
[18/03/28-16:21:11 138][TRC][Px0a62][Tx0a8b] SetParam | enter.
[18/03/28-16:21:11 138][DBG][Px0a62][Tx0a8b] szParam: longitude.
[18/03/28-16:21:11 138][DBG][Px0a62][Tx0a8b] szParamValue: 117.1442642211914.
[18/03/28-16:21:11 138][DBG][Px0a62][Tx0a8b] Set Longitude to: 117.1442642211914.
[18/03/28-16:21:11 138][TRC][Px0a62][Tx0a8b] SetParam | leave.
[18/03/28-16:21:11 138][TRC][Px0a62][Tx0a8b] SetParam | enter.
[18/03/28-16:21:11 139][DBG][Px0a62][Tx0a8b] szParam: city.
[18/03/28-16:21:11 139][DBG][Px0a62][Tx0a8b] szParamValue: 合肥市.
[18/03/28-16:21:11 139][TRC][Px0a62][Tx0a8b] SetAttachParams | enter.
[18/03/28-16:21:11 139][DBG][Px0a62][Tx0a8b] SetAttachParams | szAttachParams : city, szParamValue : 合肥市, nMode : 0
[18/03/28-16:21:11 139][TRC][Px0a62][Tx0a8b] SetParams | enter.
[18/03/28-16:21:11 139][DBG][Px0a62][Tx0a8b] SetParams | params is : {"attachparams":{"nlp_params":{"city":"合肥市","theme":""}}}
[18/03/28-16:21:11 141][TRC][Px0a62][Tx0a8b] SetParams | leave.
[18/03/28-16:21:11 141][PRF][Px0a62][Tx0a8b] SetParams 1.768 msec.
[18/03/28-16:21:11 141][TRC][Px0a62][Tx0a8b] SetAttachParams | leave.
[18/03/28-16:21:11 141][PRF][Px0a62][Tx0a8b] SetAttachParams 2.370 msec.
[18/03/28-16:21:11 141][TRC][Px0a62][Tx0a8b] SetParam | leave.
[18/03/28-16:21:11 141][PRF][Px0a62][Tx0a8b] SetParam 3.023 msec.
[18/03/28-16:21:11 142][TRC][Px0a62][Tx0a8b] SetParam | enter.
[18/03/28-16:21:11 142][DBG][Px0a62][Tx0a8b] szParam: attachparams.
[18/03/28-16:21:11 142][DBG][Px0a62][Tx0a8b] szParamValue: {"nlp_params":{"theme":""}}.
[18/03/28-16:21:11 142][TRC][Px0a62][Tx0a8b] SetAttachParams | enter.
[18/03/28-16:21:11 143][TRC][Px0a62][Tx0a8b] SetParams | enter.
[18/03/28-16:21:11 143][DBG][Px0a62][Tx0a8b] SetParams | params is : {"attachparams":{"nlp_params":{"city":"合肥市","theme":""}}}
[18/03/28-16:21:11 144][TRC][Px0a62][Tx0a8b] SetParams | leave.
[18/03/28-16:21:11 144][PRF][Px0a62][Tx0a8b] SetParams 1.748 msec.
[18/03/28-16:21:11 144][TRC][Px0a62][Tx0a8b] SetAttachParams | leave.
[18/03/28-16:21:11 145][PRF][Px0a62][Tx0a8b] SetAttachParams 2.307 msec.
[18/03/28-16:21:11 145][TRC][Px0a62][Tx0a8b] SetParam | leave.
[18/03/28-16:21:11 145][PRF][Px0a62][Tx0a8b] SetParam 3.246 msec.
[18/03/28-16:21:21 130][TRC][Px0a62][Tx0a8b] SetParam | enter.
[18/03/28-16:21:21 130][DBG][Px0a62][Tx0a8b] szParam: latitude.
[18/03/28-16:21:21 130][DBG][Px0a62][Tx0a8b] szParamValue: 31.83461570739746.
[18/03/28-16:21:21 131][DBG][Px0a62][Tx0a8b] Set Latitude to: 31.83461570739746.
[18/03/28-16:21:21 131][TRC][Px0a62][Tx0a8b] SetParam | leave.
[18/03/28-16:21:21 131][TRC][Px0a62][Tx0a8b] SetParam | enter.
[18/03/28-16:21:21 131][DBG][Px0a62][Tx0a8b] szParam: longitude.
[18/03/28-16:21:21 131][DBG][Px0a62][Tx0a8b] szParamValue: 117.1442642211914.
[18/03/28-16:21:21 131][DBG][Px0a62][Tx0a8b] Set Longitude to: 117.1442642211914.
[18/03/28-16:21:21 131][TRC][Px0a62][Tx0a8b] SetParam | leave.
[18/03/28-16:21:21 131][TRC][Px0a62][Tx0a8b] SetParam | enter.
[18/03/28-16:21:21 131][DBG][Px0a62][Tx0a8b] szParam: city.
[18/03/28-16:21:21 131][DBG][Px0a62][Tx0a8b] szParamValue: 合肥市.
[18/03/28-16:21:21 131][TRC][Px0a62][Tx0a8b] SetAttachParams | enter.
[18/03/28-16:21:21 131][DBG][Px0a62][Tx0a8b] SetAttachParams | szAttachParams : city, szParamValue : 合肥市, nMode : 0
[18/03/28-16:21:21 131][TRC][Px0a62][Tx0a8b] SetParams | enter.
[18/03/28-16:21:21 131][DBG][Px0a62][Tx0a8b] SetParams | params is : {"attachparams":{"nlp_params":{"city":"合肥市","theme":""}}}
[18/03/28-16:21:21 132][TRC][Px0a62][Tx0a8b] SetParams | leave.
[18/03/28-16:21:21 132][TRC][Px0a62][Tx0a8b] SetAttachParams | leave.
[18/03/28-16:21:21 132][TRC][Px0a62][Tx0a8b] SetParam | leave.
[18/03/28-16:21:21 132][PRF][Px0a62][Tx0a8b] SetParam 1.197 msec.
[18/03/28-16:21:21 132][TRC][Px0a62][Tx0a8b] SetParam | enter.
[18/03/28-16:21:21 133][DBG][Px0a62][Tx0a8b] szParam: attachparams.
[18/03/28-16:21:21 133][DBG][Px0a62][Tx0a8b] szParamValue: {"nlp_params":{"theme":""}}.
[18/03/28-16:21:21 133][TRC][Px0a62][Tx0a8b] SetAttachParams | enter.
[18/03/28-16:21:21 133][TRC][Px0a62][Tx0a8b] SetParams | enter.
[18/03/28-16:21:21 133][DBG][Px0a62][Tx0a8b] SetParams | params is : {"attachparams":{"nlp_params":{"city":"合肥市","theme":""}}}
[18/03/28-16:21:21 133][TRC][Px0a62][Tx0a8b] SetParams | leave.
[18/03/28-16:21:21 133][TRC][Px0a62][Tx0a8b] SetAttachParams | leave.
[18/03/28-16:21:21 133][TRC][Px0a62][Tx0a8b] SetParam | leave.
[18/03/28-16:21:31 130][TRC][Px0a62][Tx0a8b] SetParam | enter.
[18/03/28-16:21:31 130][DBG][Px0a62][Tx0a8b] szParam: latitude.
[18/03/28-16:21:31 130][DBG][Px0a62][Tx0a8b] szParamValue: 31.83461570739746.
[18/03/28-16:21:31 130][DBG][Px0a62][Tx0a8b] Set Latitude to: 31.83461570739746.
[18/03/28-16:21:31 130][TRC][Px0a62][Tx0a8b] SetParam | leave.
[18/03/28-16:21:31 131][TRC][Px0a62][Tx0a8b] SetParam | enter.
[18/03/28-16:21:31 131][DBG][Px0a62][Tx0a8b] szParam: longitude.
[18/03/28-16:21:31 131][DBG][Px0a62][Tx0a8b] szParamValue: 117.1442642211914.
[18/03/28-16:21:31 131][DBG][Px0a62][Tx0a8b] Set Longitude to: 117.1442642211914.
[18/03/28-16:21:31 131][TRC][Px0a62][Tx0a8b] SetParam | leave.
[18/03/28-16:21:31 131][TRC][Px0a62][Tx0a8b] SetParam | enter.
[18/03/28-16:21:31 131][DBG][Px0a62][Tx0a8b] szParam: city.
[18/03/28-16:21:31 131][DBG][Px0a62][Tx0a8b] szParamValue: 合肥市.
[18/03/28-16:21:31 131][TRC][Px0a62][Tx0a8b] SetAttachParams | enter.
[18/03/28-16:21:31 131][DBG][Px0a62][Tx0a8b] SetAttachParams | szAttachParams : city, szParamValue : 合肥市, nMode : 0
[18/03/28-16:21:31 131][TRC][Px0a62][Tx0a8b] SetParams | enter.
[18/03/28-16:21:31 131][DBG][Px0a62][Tx0a8b] SetParams | params is : {"attachparams":{"nlp_params":{"city":"合肥市","theme":""}}}
[18/03/28-16:21:31 132][TRC][Px0a62][Tx0a8b] SetParams | leave.
[18/03/28-16:21:31 132][TRC][Px0a62][Tx0a8b] SetAttachParams | leave.
[18/03/28-16:21:31 132][PRF][Px0a62][Tx0a8b] SetAttachParams 1.013 msec.
[18/03/28-16:21:31 132][TRC][Px0a62][Tx0a8b] SetParam | leave.
[18/03/28-16:21:31 132][PRF][Px0a62][Tx0a8b] SetParam 1.275 msec.
[18/03/28-16:21:31 132][TRC][Px0a62][Tx0a8b] SetParam | enter.
[18/03/28-16:21:31 132][DBG][Px0a62][Tx0a8b] szParam: attachparams.
[18/03/28-16:21:31 132][DBG][Px0a62][Tx0a8b] szParamValue: {"nlp_params":{"theme":""}}.
[18/03/28-16:21:31 133][TRC][Px0a62][Tx0a8b] SetAttachParams | enter.
[18/03/28-16:21:31 133][TRC][Px0a62][Tx0a8b] SetParams | enter.
[18/03/28-16:21:31 133][DBG][Px0a62][Tx0a8b] SetParams | params is : {"attachparams":{"nlp_params":{"city":"合肥市","theme":""}}}
[18/03/28-16:21:31 133][TRC][Px0a62][Tx0a8b] SetParams | leave.
[18/03/28-16:21:31 133][TRC][Px0a62][Tx0a8b] SetAttachParams | leave.
[18/03/28-16:21:31 133][TRC][Px0a62][Tx0a8b] SetParam | leave.
[18/03/28-16:21:31 133][PRF][Px0a62][Tx0a8b] SetParam 1.023 msec.
[18/03/28-16:21:41 135][TRC][Px0a62][Tx0a8b] SetParam | enter.
[18/03/28-16:21:41 136][DBG][Px0a62][Tx0a8b] szParam: latitude.
[18/03/28-16:21:41 136][DBG][Px0a62][Tx0a8b] szParamValue: 31.83461570739746.
[18/03/28-16:21:41 136][DBG][Px0a62][Tx0a8b] Set Latitude to: 31.83461570739746.
[18/03/28-16:21:41 136][TRC][Px0a62][Tx0a8b] SetParam | leave.
[18/03/28-16:21:41 136][TRC][Px0a62][Tx0a8b] SetParam | enter.
[18/03/28-16:21:41 136][DBG][Px0a62][Tx0a8b] szParam: longitude.
[18/03/28-16:21:41 136][DBG][Px0a62][Tx0a8b] szParamValue: 117.1442642211914.
[18/03/28-16:21:41 137][DBG][Px0a62][Tx0a8b] Set Longitude to: 117.1442642211914.
[18/03/28-16:21:41 137][TRC][Px0a62][Tx0a8b] SetParam | leave.
[18/03/28-16:21:41 137][TRC][Px0a62][Tx0a8b] SetParam | enter.
[18/03/28-16:21:41 137][DBG][Px0a62][Tx0a8b] szParam: city.
[18/03/28-16:21:41 137][DBG][Px0a62][Tx0a8b] szParamValue: 合肥市.
[18/03/28-16:21:41 137][TRC][Px0a62][Tx0a8b] SetAttachParams | enter.
[18/03/28-16:21:41 137][DBG][Px0a62][Tx0a8b] SetAttachParams | szAttachParams : city, szParamValue : 合肥市, nMode : 0
[18/03/28-16:21:41 137][TRC][Px0a62][Tx0a8b] SetParams | enter.
[18/03/28-16:21:41 137][DBG][Px0a62][Tx0a8b] SetParams | params is : {"attachparams":{"nlp_params":{"city":"合肥市","theme":""}}}
[18/03/28-16:21:41 138][TRC][Px0a62][Tx0a8b] SetParams | leave.
[18/03/28-16:21:41 138][TRC][Px0a62][Tx0a8b] SetAttachParams | leave.
[18/03/28-16:21:41 138][TRC][Px0a62][Tx0a8b] SetParam | leave.
[18/03/28-16:21:41 138][PRF][Px0a62][Tx0a8b] SetParam 1.152 msec.
[18/03/28-16:21:41 138][TRC][Px0a62][Tx0a8b] SetParam | enter.
[18/03/28-16:21:41 138][DBG][Px0a62][Tx0a8b] szParam: attachparams.
[18/03/28-16:21:41 138][DBG][Px0a62][Tx0a8b] szParamValue: {"nlp_params":{"theme":""}}.
[18/03/28-16:21:41 138][TRC][Px0a62][Tx0a8b] SetAttachParams | enter.
[18/03/28-16:21:41 138][TRC][Px0a62][Tx0a8b] SetParams | enter.
[18/03/28-16:21:41 138][DBG][Px0a62][Tx0a8b] SetParams | params is : {"attachparams":{"nlp_params":{"city":"合肥市","theme":""}}}
[18/03/28-16:21:41 139][TRC][Px0a62][Tx0a8b] SetParams | leave.
[18/03/28-16:21:41 139][TRC][Px0a62][Tx0a8b] SetAttachParams | leave.
[18/03/28-16:21:41 139][TRC][Px0a62][Tx0a8b] SetParam | leave.
[18/03/28-16:21:41 139][PRF][Px0a62][Tx0a8b] SetParam 1.005 msec.
[18/03/28-16:21:51 131][TRC][Px0a62][Tx0a8b] SetParam | enter.
[18/03/28-16:21:51 131][DBG][Px0a62][Tx0a8b] szParam: latitude.
[18/03/28-16:21:51 131][DBG][Px0a62][Tx0a8b] szParamValue: 31.83461570739746.
[18/03/28-16:21:51 131][DBG][Px0a62][Tx0a8b] Set Latitude to: 31.83461570739746.
[18/03/28-16:21:51 131][TRC][Px0a62][Tx0a8b] SetParam | leave.
[18/03/28-16:21:51 131][TRC][Px0a62][Tx0a8b] SetParam | enter.
[18/03/28-16:21:51 131][DBG][Px0a62][Tx0a8b] szParam: longitude.
[18/03/28-16:21:51 131][DBG][Px0a62][Tx0a8b] szParamValue: 117.1442642211914.
[18/03/28-16:21:51 131][DBG][Px0a62][Tx0a8b] Set Longitude to: 117.1442642211914.
[18/03/28-16:21:51 131][TRC][Px0a62][Tx0a8b] SetParam | leave.
[18/03/28-16:21:51 132][TRC][Px0a62][Tx0a8b] SetParam | enter.
[18/03/28-16:21:51 132][DBG][Px0a62][Tx0a8b] szParam: city.
[18/03/28-16:21:51 132][DBG][Px0a62][Tx0a8b] szParamValue: 合肥市.
[18/03/28-16:21:51 132][TRC][Px0a62][Tx0a8b] SetAttachParams | enter.
[18/03/28-16:21:51 132][DBG][Px0a62][Tx0a8b] SetAttachParams | szAttachParams : city, szParamValue : 合肥市, nMode : 0
[18/03/28-16:21:51 132][TRC][Px0a62][Tx0a8b] SetParams | enter.
[18/03/28-16:21:51 132][DBG][Px0a62][Tx0a8b] SetParams | params is : {"attachparams":{"nlp_params":{"city":"合肥市","theme":""}}}
[18/03/28-16:21:51 133][TRC][Px0a62][Tx0a8b] SetParams | leave.
[18/03/28-16:21:51 133][TRC][Px0a62][Tx0a8b] SetAttachParams | leave.
[18/03/28-16:21:51 133][PRF][Px0a62][Tx0a8b] SetAttachParams 1.044 msec.
[18/03/28-16:21:51 133][TRC][Px0a62][Tx0a8b] SetParam | leave.
[18/03/28-16:21:51 133][PRF][Px0a62][Tx0a8b] SetParam 1.307 msec.
[18/03/28-16:21:51 133][TRC][Px0a62][Tx0a8b] SetParam | enter.
[18/03/28-16:21:51 133][DBG][Px0a62][Tx0a8b] szParam: attachparams.
[18/03/28-16:21:51 133][DBG][Px0a62][Tx0a8b] szParamValue: {"nlp_params":{"theme":""}}.
[18/03/28-16:21:51 133][TRC][Px0a62][Tx0a8b] SetAttachParams | enter.
[18/03/28-16:21:51 133][TRC][Px0a62][Tx0a8b] SetParams | enter.
[18/03/28-16:21:51 133][DBG][Px0a62][Tx0a8b] SetParams | params is : {"attachparams":{"nlp_params":{"city":"合肥市","theme":""}}}
[18/03/28-16:21:51 134][TRC][Px0a62][Tx0a8b] SetParams | leave.
[18/03/28-16:21:51 134][TRC][Px0a62][Tx0a8b] SetAttachParams | leave.
[18/03/28-16:21:51 134][TRC][Px0a62][Tx0a8b] SetParam | leave.
[18/03/28-16:22:01 137][TRC][Px0a62][Tx0a8b] SetParam | enter.
[18/03/28-16:22:01 137][DBG][Px0a62][Tx0a8b] szParam: latitude.
[18/03/28-16:22:01 137][DBG][Px0a62][Tx0a8b] szParamValue: 31.83461570739746.
[18/03/28-16:22:01 137][DBG][Px0a62][Tx0a8b] Set Latitude to: 31.83461570739746.
[18/03/28-16:22:01 137][TRC][Px0a62][Tx0a8b] SetParam | leave.
[18/03/28-16:22:01 138][TRC][Px0a62][Tx0a8b] SetParam | enter.
[18/03/28-16:22:01 138][DBG][Px0a62][Tx0a8b] szParam: longitude.
[18/03/28-16:22:01 138][DBG][Px0a62][Tx0a8b] szParamValue: 117.1442642211914.
[18/03/28-16:22:01 138][DBG][Px0a62][Tx0a8b] Set Longitude to: 117.1442642211914.
[18/03/28-16:22:01 138][TRC][Px0a62][Tx0a8b] SetParam | leave.
[18/03/28-16:22:01 138][TRC][Px0a62][Tx0a8b] SetParam | enter.
[18/03/28-16:22:01 138][DBG][Px0a62][Tx0a8b] szParam: city.
[18/03/28-16:22:01 139][DBG][Px0a62][Tx0a8b] szParamValue: 合肥市.
[18/03/28-16:22:01 139][TRC][Px0a62][Tx0a8b] SetAttachParams | enter.
[18/03/28-16:22:01 139][DBG][Px0a62][Tx0a8b] SetAttachParams | szAttachParams : city, szParamValue : 合肥市, nMode : 0
[18/03/28-16:22:01 139][TRC][Px0a62][Tx0a8b] SetParams | enter.
[18/03/28-16:22:01 139][DBG][Px0a62][Tx0a8b] SetParams | params is : {"attachparams":{"nlp_params":{"city":"合肥市","theme":""}}}
[18/03/28-16:22:01 140][TRC][Px0a62][Tx0a8b] SetParams | leave.
[18/03/28-16:22:01 140][TRC][Px0a62][Tx0a8b] SetAttachParams | leave.
[18/03/28-16:22:01 140][PRF][Px0a62][Tx0a8b] SetAttachParams 1.211 msec.
[18/03/28-16:22:01 140][TRC][Px0a62][Tx0a8b] SetParam | leave.
[18/03/28-16:22:01 140][PRF][Px0a62][Tx0a8b] SetParam 1.935 msec.
[18/03/28-16:22:01 141][TRC][Px0a62][Tx0a8b] SetParam | enter.
[18/03/28-16:22:01 141][DBG][Px0a62][Tx0a8b] szParam: attachparams.
[18/03/28-16:22:01 141][DBG][Px0a62][Tx0a8b] szParamValue: {"nlp_params":{"theme":""}}.
[18/03/28-16:22:01 141][TRC][Px0a62][Tx0a8b] SetAttachParams | enter.
[18/03/28-16:22:01 141][TRC][Px0a62][Tx0a8b] SetParams | enter.
[18/03/28-16:22:01 142][DBG][Px0a62][Tx0a8b] SetParams | params is : {"attachparams":{"nlp_params":{"city":"合肥市","theme":""}}}
[18/03/28-16:22:01 142][TRC][Px0a62][Tx0a8b] SetParams | leave.
[18/03/28-16:22:01 142][TRC][Px0a62][Tx0a8b] SetAttachParams | leave.
[18/03/28-16:22:01 142][PRF][Px0a62][Tx0a8b] SetAttachParams 1.136 msec.
[18/03/28-16:22:01 142][TRC][Px0a62][Tx0a8b] SetParam | leave.
[18/03/28-16:22:01 143][PRF][Px0a62][Tx0a8b] SetParam 1.839 msec.
[18/03/28-16:22:11 131][TRC][Px0a62][Tx0a8b] SetParam | enter.
[18/03/28-16:22:11 131][DBG][Px0a62][Tx0a8b] szParam: latitude.
[18/03/28-16:22:11 131][DBG][Px0a62][Tx0a8b] szParamValue: 31.83461570739746.
[18/03/28-16:22:11 131][DBG][Px0a62][Tx0a8b] Set Latitude to: 31.83461570739746.
[18/03/28-16:22:11 131][TRC][Px0a62][Tx0a8b] SetParam | leave.
[18/03/28-16:22:11 131][TRC][Px0a62][Tx0a8b] SetParam | enter.
[18/03/28-16:22:11 131][DBG][Px0a62][Tx0a8b] szParam: longitude.
[18/03/28-16:22:11 131][DBG][Px0a62][Tx0a8b] szParamValue: 117.1442642211914.
[18/03/28-16:22:11 132][DBG][Px0a62][Tx0a8b] Set Longitude to: 117.1442642211914.
[18/03/28-16:22:11 132][TRC][Px0a62][Tx0a8b] SetParam | leave.
[18/03/28-16:22:11 132][TRC][Px0a62][Tx0a8b] SetParam | enter.
[18/03/28-16:22:11 132][DBG][Px0a62][Tx0a8b] szParam: city.
[18/03/28-16:22:11 132][DBG][Px0a62][Tx0a8b] szParamValue: 合肥市.
[18/03/28-16:22:11 132][TRC][Px0a62][Tx0a8b] SetAttachParams | enter.
[18/03/28-16:22:11 132][DBG][Px0a62][Tx0a8b] SetAttachParams | szAttachParams : city, szParamValue : 合肥市, nMode : 0
[18/03/28-16:22:11 132][TRC][Px0a62][Tx0a8b] SetParams | enter.
[18/03/28-16:22:11 132][DBG][Px0a62][Tx0a8b] SetParams | params is : {"attachparams":{"nlp_params":{"city":"合肥市","theme":""}}}
[18/03/28-16:22:11 132][TRC][Px0a62][Tx0a8b] SetParams | leave.
[18/03/28-16:22:11 132][TRC][Px0a62][Tx0a8b] SetAttachParams | leave.
[18/03/28-16:22:11 132][TRC][Px0a62][Tx0a8b] SetParam | leave.
[18/03/28-16:22:11 133][TRC][Px0a62][Tx0a8b] SetParam | enter.
[18/03/28-16:22:11 133][DBG][Px0a62][Tx0a8b] szParam: attachparams.
[18/03/28-16:22:11 133][DBG][Px0a62][Tx0a8b] szParamValue: {"nlp_params":{"theme":""}}.
[18/03/28-16:22:11 133][TRC][Px0a62][Tx0a8b] SetAttachParams | enter.
[18/03/28-16:22:11 133][TRC][Px0a62][Tx0a8b] SetParams | enter.
[18/03/28-16:22:11 133][DBG][Px0a62][Tx0a8b] SetParams | params is : {"attachparams":{"nlp_params":{"city":"合肥市","theme":""}}}
[18/03/28-16:22:11 133][TRC][Px0a62][Tx0a8b] SetParams | leave.
[18/03/28-16:22:11 133][TRC][Px0a62][Tx0a8b] SetAttachParams | leave.
[18/03/28-16:22:11 133][TRC][Px0a62][Tx0a8b] SetParam | leave.
[18/03/28-16:22:21 135][TRC][Px0a62][Tx0a8b] SetParam | enter.
[18/03/28-16:22:21 135][DBG][Px0a62][Tx0a8b] szParam: latitude.
[18/03/28-16:22:21 135][DBG][Px0a62][Tx0a8b] szParamValue: 31.83461570739746.
[18/03/28-16:22:21 135][DBG][Px0a62][Tx0a8b] Set Latitude to: 31.83461570739746.
[18/03/28-16:22:21 136][TRC][Px0a62][Tx0a8b] SetParam | leave.
[18/03/28-16:22:21 136][TRC][Px0a62][Tx0a8b] SetParam | enter.
[18/03/28-16:22:21 136][DBG][Px0a62][Tx0a8b] szParam: longitude.
[18/03/28-16:22:21 136][DBG][Px0a62][Tx0a8b] szParamValue: 117.1442642211914.
[18/03/28-16:22:21 137][DBG][Px0a62][Tx0a8b] Set Longitude to: 117.1442642211914.
[18/03/28-16:22:21 137][TRC][Px0a62][Tx0a8b] SetParam | leave.
[18/03/28-16:22:21 137][TRC][Px0a62][Tx0a8b] SetParam | enter.
[18/03/28-16:22:21 137][DBG][Px0a62][Tx0a8b] szParam: city.
[18/03/28-16:22:21 137][DBG][Px0a62][Tx0a8b] szParamValue: 合肥市.
[18/03/28-16:22:21 137][TRC][Px0a62][Tx0a8b] SetAttachParams | enter.
[18/03/28-16:22:21 138][DBG][Px0a62][Tx0a8b] SetAttachParams | szAttachParams : city, szParamValue : 合肥市, nMode : 0
[18/03/28-16:22:21 138][TRC][Px0a62][Tx0a8b] SetParams | enter.
[18/03/28-16:22:21 138][DBG][Px0a62][Tx0a8b] SetParams | params is : {"attachparams":{"nlp_params":{"city":"合肥市","theme":""}}}
[18/03/28-16:22:21 138][TRC][Px0a62][Tx0a8b] SetParams | leave.
[18/03/28-16:22:21 139][TRC][Px0a62][Tx0a8b] SetAttachParams | leave.
[18/03/28-16:22:21 139][PRF][Px0a62][Tx0a8b] SetAttachParams 1.235 msec.
[18/03/28-16:22:21 139][TRC][Px0a62][Tx0a8b] SetParam | leave.
[18/03/28-16:22:21 139][PRF][Px0a62][Tx0a8b] SetParam 2.157 msec.
[18/03/28-16:22:21 140][TRC][Px0a62][Tx0a8b] SetParam | enter.
[18/03/28-16:22:21 140][DBG][Px0a62][Tx0a8b] szParam: attachparams.
[18/03/28-16:22:21 140][DBG][Px0a62][Tx0a8b] szParamValue: {"nlp_params":{"theme":""}}.
[18/03/28-16:22:21 140][TRC][Px0a62][Tx0a8b] SetAttachParams | enter.
[18/03/28-16:22:21 140][TRC][Px0a62][Tx0a8b] SetParams | enter.
[18/03/28-16:22:21 140][DBG][Px0a62][Tx0a8b] SetParams | params is : {"attachparams":{"nlp_params":{"city":"合肥市","theme":""}}}
[18/03/28-16:22:21 141][TRC][Px0a62][Tx0a8b] SetParams | leave.
[18/03/28-16:22:21 141][TRC][Px0a62][Tx0a8b] SetAttachParams | leave.
[18/03/28-16:22:21 141][PRF][Px0a62][Tx0a8b] SetAttachParams 1.213 msec.
[18/03/28-16:22:21 141][TRC][Px0a62][Tx0a8b] SetParam | leave.
[18/03/28-16:22:21 141][PRF][Px0a62][Tx0a8b] SetParam 1.921 msec.
[18/03/28-16:22:31 136][TRC][Px0a62][Tx0a8b] SetParam | enter.
[18/03/28-16:22:31 136][DBG][Px0a62][Tx0a8b] szParam: latitude.
[18/03/28-16:22:31 136][DBG][Px0a62][Tx0a8b] szParamValue: 31.83461570739746.
[18/03/28-16:22:31 137][DBG][Px0a62][Tx0a8b] Set Latitude to: 31.83461570739746.
[18/03/28-16:22:31 137][TRC][Px0a62][Tx0a8b] SetParam | leave.
[18/03/28-16:22:31 137][PRF][Px0a62][Tx0a8b] SetParam 1.163 msec.
[18/03/28-16:22:31 137][TRC][Px0a62][Tx0a8b] SetParam | enter.
[18/03/28-16:22:31 138][DBG][Px0a62][Tx0a8b] szParam: longitude.
[18/03/28-16:22:31 138][DBG][Px0a62][Tx0a8b] szParamValue: 117.1442642211914.
[18/03/28-16:22:31 138][DBG][Px0a62][Tx0a8b] Set Longitude to: 117.1442642211914.
[18/03/28-16:22:31 138][TRC][Px0a62][Tx0a8b] SetParam | leave.
[18/03/28-16:22:31 138][TRC][Px0a62][Tx0a8b] SetParam | enter.
[18/03/28-16:22:31 138][DBG][Px0a62][Tx0a8b] szParam: city.
[18/03/28-16:22:31 139][DBG][Px0a62][Tx0a8b] szParamValue: 合肥市.
[18/03/28-16:22:31 139][TRC][Px0a62][Tx0a8b] SetAttachParams | enter.
[18/03/28-16:22:31 139][DBG][Px0a62][Tx0a8b] SetAttachParams | szAttachParams : city, szParamValue : 合肥市, nMode : 0
[18/03/28-16:22:31 139][TRC][Px0a62][Tx0a8b] SetParams | enter.
[18/03/28-16:22:31 140][DBG][Px0a62][Tx0a8b] SetParams | params is : {"attachparams":{"nlp_params":{"city":"合肥市","theme":""}}}
[18/03/28-16:22:31 140][TRC][Px0a62][Tx0a8b] SetParams | leave.
[18/03/28-16:22:31 141][PRF][Px0a62][Tx0a8b] SetParams 1.147 msec.
[18/03/28-16:22:31 141][TRC][Px0a62][Tx0a8b] SetAttachParams | leave.
[18/03/28-16:22:31 141][PRF][Px0a62][Tx0a8b] SetAttachParams 1.822 msec.
[18/03/28-16:22:31 141][TRC][Px0a62][Tx0a8b] SetParam | leave.
[18/03/28-16:22:31 141][PRF][Px0a62][Tx0a8b] SetParam 3.190 msec.
[18/03/28-16:22:31 142][TRC][Px0a62][Tx0a8b] SetParam | enter.
[18/03/28-16:22:31 142][DBG][Px0a62][Tx0a8b] szParam: attachparams.
[18/03/28-16:22:31 142][DBG][Px0a62][Tx0a8b] szParamValue: {"nlp_params":{"theme":""}}.
[18/03/28-16:22:31 142][TRC][Px0a62][Tx0a8b] SetAttachParams | enter.
[18/03/28-16:22:31 143][TRC][Px0a62][Tx0a8b] SetParams | enter.
[18/03/28-16:22:31 143][DBG][Px0a62][Tx0a8b] SetParams | params is : {"attachparams":{"nlp_params":{"city":"合肥市","theme":""}}}
[18/03/28-16:22:31 143][TRC][Px0a62][Tx0a8b] SetParams | leave.
[18/03/28-16:22:31 143][TRC][Px0a62][Tx0a8b] SetAttachParams | leave.
[18/03/28-16:22:31 144][PRF][Px0a62][Tx0a8b] SetAttachParams 1.645 msec.
[18/03/28-16:22:31 144][TRC][Px0a62][Tx0a8b] SetParam | leave.
[18/03/28-16:22:31 144][PRF][Px0a62][Tx0a8b] SetParam 2.396 msec.
[18/03/28-16:22:41 136][TRC][Px0a62][Tx0a8b] SetParam | enter.
[18/03/28-16:22:41 137][DBG][Px0a62][Tx0a8b] szParam: latitude.
[18/03/28-16:22:41 137][DBG][Px0a62][Tx0a8b] szParamValue: 31.83461570739746.
[18/03/28-16:22:41 137][DBG][Px0a62][Tx0a8b] Set Latitude to: 31.83461570739746.
[18/03/28-16:22:41 137][TRC][Px0a62][Tx0a8b] SetParam | leave.
[18/03/28-16:22:41 138][PRF][Px0a62][Tx0a8b] SetParam 1.057 msec.
[18/03/28-16:22:41 138][TRC][Px0a62][Tx0a8b] SetParam | enter.
[18/03/28-16:22:41 138][DBG][Px0a62][Tx0a8b] szParam: longitude.
[18/03/28-16:22:41 138][DBG][Px0a62][Tx0a8b] szParamValue: 117.1442642211914.
[18/03/28-16:22:41 138][DBG][Px0a62][Tx0a8b] Set Longitude to: 117.1442642211914.
[18/03/28-16:22:41 138][TRC][Px0a62][Tx0a8b] SetParam | leave.
[18/03/28-16:22:41 139][TRC][Px0a62][Tx0a8b] SetParam | enter.
[18/03/28-16:22:41 139][DBG][Px0a62][Tx0a8b] szParam: city.
[18/03/28-16:22:41 139][DBG][Px0a62][Tx0a8b] szParamValue: 合肥市.
[18/03/28-16:22:41 139][TRC][Px0a62][Tx0a8b] SetAttachParams | enter.
[18/03/28-16:22:41 139][DBG][Px0a62][Tx0a8b] SetAttachParams | szAttachParams : city, szParamValue : 合肥市, nMode : 0
[18/03/28-16:22:41 139][TRC][Px0a62][Tx0a8b] SetParams | enter.
[18/03/28-16:22:41 140][DBG][Px0a62][Tx0a8b] SetParams | params is : {"attachparams":{"nlp_params":{"city":"合肥市","theme":""}}}
[18/03/28-16:22:41 140][TRC][Px0a62][Tx0a8b] SetParams | leave.
[18/03/28-16:22:41 140][TRC][Px0a62][Tx0a8b] SetAttachParams | leave.
[18/03/28-16:22:41 140][PRF][Px0a62][Tx0a8b] SetAttachParams 1.189 msec.
[18/03/28-16:22:41 140][TRC][Px0a62][Tx0a8b] SetParam | leave.
[18/03/28-16:22:41 141][PRF][Px0a62][Tx0a8b] SetParam 1.912 msec.
[18/03/28-16:22:41 141][TRC][Px0a62][Tx0a8b] SetParam | enter.
[18/03/28-16:22:41 141][DBG][Px0a62][Tx0a8b] szParam: attachparams.
[18/03/28-16:22:41 141][DBG][Px0a62][Tx0a8b] szParamValue: {"nlp_params":{"theme":""}}.
[18/03/28-16:22:41 141][TRC][Px0a62][Tx0a8b] SetAttachParams | enter.
[18/03/28-16:22:41 142][TRC][Px0a62][Tx0a8b] SetParams | enter.
[18/03/28-16:22:41 142][DBG][Px0a62][Tx0a8b] SetParams | params is : {"attachparams":{"nlp_params":{"city":"合肥市","theme":""}}}
[18/03/28-16:22:41 142][TRC][Px0a62][Tx0a8b] SetParams | leave.
[18/03/28-16:22:41 142][TRC][Px0a62][Tx0a8b] SetAttachParams | leave.
[18/03/28-16:22:41 143][PRF][Px0a62][Tx0a8b] SetAttachParams 1.114 msec.
[18/03/28-16:22:41 143][TRC][Px0a62][Tx0a8b] SetParam | leave.
[18/03/28-16:22:41 143][PRF][Px0a62][Tx0a8b] SetParam 1.803 msec.
[18/03/28-16:22:51 131][TRC][Px0a62][Tx0a8b] SetParam | enter.
[18/03/28-16:22:51 132][DBG][Px0a62][Tx0a8b] szParam: latitude.
[18/03/28-16:22:51 132][DBG][Px0a62][Tx0a8b] szParamValue: 31.83461570739746.
[18/03/28-16:22:51 132][DBG][Px0a62][Tx0a8b] Set Latitude to: 31.83461570739746.
[18/03/28-16:22:51 132][TRC][Px0a62][Tx0a8b] SetParam | leave.
[18/03/28-16:22:51 132][TRC][Px0a62][Tx0a8b] SetParam | enter.
[18/03/28-16:22:51 132][DBG][Px0a62][Tx0a8b] szParam: longitude.
[18/03/28-16:22:51 132][DBG][Px0a62][Tx0a8b] szParamValue: 117.1442642211914.
[18/03/28-16:22:51 132][DBG][Px0a62][Tx0a8b] Set Longitude to: 117.1442642211914.
[18/03/28-16:22:51 132][TRC][Px0a62][Tx0a8b] SetParam | leave.
[18/03/28-16:22:51 132][TRC][Px0a62][Tx0a8b] SetParam | enter.
[18/03/28-16:22:51 132][DBG][Px0a62][Tx0a8b] szParam: city.
[18/03/28-16:22:51 132][DBG][Px0a62][Tx0a8b] szParamValue: 合肥市.
[18/03/28-16:22:51 132][TRC][Px0a62][Tx0a8b] SetAttachParams | enter.
[18/03/28-16:22:51 132][DBG][Px0a62][Tx0a8b] SetAttachParams | szAttachParams : city, szParamValue : 合肥市, nMode : 0
[18/03/28-16:22:51 132][TRC][Px0a62][Tx0a8b] SetParams | enter.
[18/03/28-16:22:51 133][DBG][Px0a62][Tx0a8b] SetParams | params is : {"attachparams":{"nlp_params":{"city":"合肥市","theme":""}}}
[18/03/28-16:22:51 133][TRC][Px0a62][Tx0a8b] SetParams | leave.
[18/03/28-16:22:51 133][TRC][Px0a62][Tx0a8b] SetAttachParams | leave.
[18/03/28-16:22:51 133][TRC][Px0a62][Tx0a8b] SetParam | leave.
[18/03/28-16:22:51 133][TRC][Px0a62][Tx0a8b] SetParam | enter.
[18/03/28-16:22:51 133][DBG][Px0a62][Tx0a8b] szParam: attachparams.
[18/03/28-16:22:51 133][DBG][Px0a62][Tx0a8b] szParamValue: {"nlp_params":{"theme":""}}.
[18/03/28-16:22:51 133][TRC][Px0a62][Tx0a8b] SetAttachParams | enter.
[18/03/28-16:22:51 133][TRC][Px0a62][Tx0a8b] SetParams | enter.
[18/03/28-16:22:51 133][DBG][Px0a62][Tx0a8b] SetParams | params is : {"attachparams":{"nlp_params":{"city":"合肥市","theme":""}}}
[18/03/28-16:22:51 134][TRC][Px0a62][Tx0a8b] SetParams | leave.
[18/03/28-16:22:51 134][TRC][Px0a62][Tx0a8b] SetAttachParams | leave.
[18/03/28-16:22:51 134][TRC][Px0a62][Tx0a8b] SetParam | leave.
[18/03/28-16:23:01 131][TRC][Px0a62][Tx0a8b] SetParam | enter.
[18/03/28-16:23:01 131][DBG][Px0a62][Tx0a8b] szParam: latitude.
[18/03/28-16:23:01 131][DBG][Px0a62][Tx0a8b] szParamValue: 31.83461570739746.
[18/03/28-16:23:01 132][DBG][Px0a62][Tx0a8b] Set Latitude to: 31.83461570739746.
[18/03/28-16:23:01 132][TRC][Px0a62][Tx0a8b] SetParam | leave.
[18/03/28-16:23:01 132][TRC][Px0a62][Tx0a8b] SetParam | enter.
[18/03/28-16:23:01 132][DBG][Px0a62][Tx0a8b] szParam: longitude.
[18/03/28-16:23:01 132][DBG][Px0a62][Tx0a8b] szParamValue: 117.1442642211914.
[18/03/28-16:23:01 132][DBG][Px0a62][Tx0a8b] Set Longitude to: 117.1442642211914.
[18/03/28-16:23:01 132][TRC][Px0a62][Tx0a8b] SetParam | leave.
[18/03/28-16:23:01 132][TRC][Px0a62][Tx0a8b] SetParam | enter.
[18/03/28-16:23:01 132][DBG][Px0a62][Tx0a8b] szParam: city.
[18/03/28-16:23:01 132][DBG][Px0a62][Tx0a8b] szParamValue: 合肥市.
[18/03/28-16:23:01 132][TRC][Px0a62][Tx0a8b] SetAttachParams | enter.
[18/03/28-16:23:01 132][DBG][Px0a62][Tx0a8b] SetAttachParams | szAttachParams : city, szParamValue : 合肥市, nMode : 0
[18/03/28-16:23:01 132][TRC][Px0a62][Tx0a8b] SetParams | enter.
[18/03/28-16:23:01 132][DBG][Px0a62][Tx0a8b] SetParams | params is : {"attachparams":{"nlp_params":{"city":"合肥市","theme":""}}}
[18/03/28-16:23:01 133][TRC][Px0a62][Tx0a8b] SetParams | leave.
[18/03/28-16:23:01 133][TRC][Px0a62][Tx0a8b] SetAttachParams | leave.
[18/03/28-16:23:01 133][TRC][Px0a62][Tx0a8b] SetParam | leave.
[18/03/28-16:23:01 133][TRC][Px0a62][Tx0a8b] SetParam | enter.
[18/03/28-16:23:01 133][DBG][Px0a62][Tx0a8b] szParam: attachparams.
[18/03/28-16:23:01 133][DBG][Px0a62][Tx0a8b] szParamValue: {"nlp_params":{"theme":""}}.
[18/03/28-16:23:01 133][TRC][Px0a62][Tx0a8b] SetAttachParams | enter.
[18/03/28-16:23:01 133][TRC][Px0a62][Tx0a8b] SetParams | enter.
[18/03/28-16:23:01 133][DBG][Px0a62][Tx0a8b] SetParams | params is : {"attachparams":{"nlp_params":{"city":"合肥市","theme":""}}}
[18/03/28-16:23:01 133][TRC][Px0a62][Tx0a8b] SetParams | leave.
[18/03/28-16:23:01 133][TRC][Px0a62][Tx0a8b] SetAttachParams | leave.
[18/03/28-16:23:01 134][TRC][Px0a62][Tx0a8b] SetParam | leave.
[18/03/28-16:23:11 136][TRC][Px0a62][Tx0a8b] SetParam | enter.
[18/03/28-16:23:11 136][DBG][Px0a62][Tx0a8b] szParam: latitude.
[18/03/28-16:23:11 136][DBG][Px0a62][Tx0a8b] szParamValue: 31.83461570739746.
[18/03/28-16:23:11 137][DBG][Px0a62][Tx0a8b] Set Latitude to: 31.83461570739746.
[18/03/28-16:23:11 137][TRC][Px0a62][Tx0a8b] SetParam | leave.
[18/03/28-16:23:11 137][PRF][Px0a62][Tx0a8b] SetParam 1.214 msec.
[18/03/28-16:23:11 137][TRC][Px0a62][Tx0a8b] SetParam | enter.
[18/03/28-16:23:11 138][DBG][Px0a62][Tx0a8b] szParam: longitude.
[18/03/28-16:23:11 138][DBG][Px0a62][Tx0a8b] szParamValue: 117.1442642211914.
[18/03/28-16:23:11 138][DBG][Px0a62][Tx0a8b] Set Longitude to: 117.1442642211914.
[18/03/28-16:23:11 138][TRC][Px0a62][Tx0a8b] SetParam | leave.
[18/03/28-16:23:11 138][TRC][Px0a62][Tx0a8b] SetParam | enter.
[18/03/28-16:23:11 138][DBG][Px0a62][Tx0a8b] szParam: city.
[18/03/28-16:23:11 138][DBG][Px0a62][Tx0a8b] szParamValue: 合肥市.
[18/03/28-16:23:11 139][TRC][Px0a62][Tx0a8b] SetAttachParams | enter.
[18/03/28-16:23:11 139][DBG][Px0a62][Tx0a8b] SetAttachParams | szAttachParams : city, szParamValue : 合肥市, nMode : 0
[18/03/28-16:23:11 139][TRC][Px0a62][Tx0a8b] SetParams | enter.
[18/03/28-16:23:11 139][DBG][Px0a62][Tx0a8b] SetParams | params is : {"attachparams":{"nlp_params":{"city":"合肥市","theme":""}}}
[18/03/28-16:23:11 140][TRC][Px0a62][Tx0a8b] SetParams | leave.
[18/03/28-16:23:11 140][TRC][Px0a62][Tx0a8b] SetAttachParams | leave.
[18/03/28-16:23:11 140][PRF][Px0a62][Tx0a8b] SetAttachParams 1.191 msec.
[18/03/28-16:23:11 140][TRC][Px0a62][Tx0a8b] SetParam | leave.
[18/03/28-16:23:11 140][PRF][Px0a62][Tx0a8b] SetParam 1.882 msec.
[18/03/28-16:23:11 141][TRC][Px0a62][Tx0a8b] SetParam | enter.
[18/03/28-16:23:11 141][DBG][Px0a62][Tx0a8b] szParam: attachparams.
[18/03/28-16:23:11 141][DBG][Px0a62][Tx0a8b] szParamValue: {"nlp_params":{"theme":""}}.
[18/03/28-16:23:11 141][TRC][Px0a62][Tx0a8b] SetAttachParams | enter.
[18/03/28-16:23:11 141][TRC][Px0a62][Tx0a8b] SetParams | enter.
[18/03/28-16:23:11 141][DBG][Px0a62][Tx0a8b] SetParams | params is : {"attachparams":{"nlp_params":{"city":"合肥市","theme":""}}}
[18/03/28-16:23:11 142][TRC][Px0a62][Tx0a8b] SetParams | leave.
[18/03/28-16:23:11 142][TRC][Px0a62][Tx0a8b] SetAttachParams | leave.
[18/03/28-16:23:11 142][PRF][Px0a62][Tx0a8b] SetAttachParams 1.127 msec.
[18/03/28-16:23:11 142][TRC][Px0a62][Tx0a8b] SetParam | leave.
[18/03/28-16:23:11 142][PRF][Px0a62][Tx0a8b] SetParam 1.852 msec.
[18/03/28-16:23:21 136][TRC][Px0a62][Tx0a8b] SetParam | enter.
[18/03/28-16:23:21 136][DBG][Px0a62][Tx0a8b] szParam: latitude.
[18/03/28-16:23:21 137][DBG][Px0a62][Tx0a8b] szParamValue: 31.83461570739746.
[18/03/28-16:23:21 137][DBG][Px0a62][Tx0a8b] Set Latitude to: 31.83461570739746.
[18/03/28-16:23:21 137][TRC][Px0a62][Tx0a8b] SetParam | leave.
[18/03/28-16:23:21 137][TRC][Px0a62][Tx0a8b] SetParam | enter.
[18/03/28-16:23:21 137][DBG][Px0a62][Tx0a8b] szParam: longitude.
[18/03/28-16:23:21 138][DBG][Px0a62][Tx0a8b] szParamValue: 117.1442642211914.
[18/03/28-16:23:21 138][DBG][Px0a62][Tx0a8b] Set Longitude to: 117.1442642211914.
[18/03/28-16:23:21 138][TRC][Px0a62][Tx0a8b] SetParam | leave.
[18/03/28-16:23:21 138][PRF][Px0a62][Tx0a8b] SetParam 1.045 msec.
[18/03/28-16:23:21 138][TRC][Px0a62][Tx0a8b] SetParam | enter.
[18/03/28-16:23:21 139][DBG][Px0a62][Tx0a8b] szParam: city.
[18/03/28-16:23:21 139][DBG][Px0a62][Tx0a8b] szParamValue: 合肥市.
[18/03/28-16:23:21 139][TRC][Px0a62][Tx0a8b] SetAttachParams | enter.
[18/03/28-16:23:21 139][DBG][Px0a62][Tx0a8b] SetAttachParams | szAttachParams : city, szParamValue : 合肥市, nMode : 0
[18/03/28-16:23:21 139][TRC][Px0a62][Tx0a8b] SetParams | enter.
[18/03/28-16:23:21 139][DBG][Px0a62][Tx0a8b] SetParams | params is : {"attachparams":{"nlp_params":{"city":"合肥市","theme":""}}}
[18/03/28-16:23:21 141][TRC][Px0a62][Tx0a8b] SetParams | leave.
[18/03/28-16:23:21 141][PRF][Px0a62][Tx0a8b] SetParams 1.841 msec.
[18/03/28-16:23:21 141][TRC][Px0a62][Tx0a8b] SetAttachParams | leave.
[18/03/28-16:23:21 141][PRF][Px0a62][Tx0a8b] SetAttachParams 2.470 msec.
[18/03/28-16:23:21 141][TRC][Px0a62][Tx0a8b] SetParam | leave.
[18/03/28-16:23:21 142][PRF][Px0a62][Tx0a8b] SetParam 3.127 msec.
[18/03/28-16:23:21 142][TRC][Px0a62][Tx0a8b] SetParam | enter.
[18/03/28-16:23:21 142][DBG][Px0a62][Tx0a8b] szParam: attachparams.
[18/03/28-16:23:21 142][DBG][Px0a62][Tx0a8b] szParamValue: {"nlp_params":{"theme":""}}.
[18/03/28-16:23:21 142][TRC][Px0a62][Tx0a8b] SetAttachParams | enter.
[18/03/28-16:23:21 143][TRC][Px0a62][Tx0a8b] SetParams | enter.
[18/03/28-16:23:21 143][DBG][Px0a62][Tx0a8b] SetParams | params is : {"attachparams":{"nlp_params":{"city":"合肥市","theme":""}}}
[18/03/28-16:23:21 144][TRC][Px0a62][Tx0a8b] SetParams | leave.
[18/03/28-16:23:21 144][PRF][Px0a62][Tx0a8b] SetParams 1.344 msec.
[18/03/28-16:23:21 144][TRC][Px0a62][Tx0a8b] SetAttachParams | leave.
[18/03/28-16:23:21 144][PRF][Px0a62][Tx0a8b] SetAttachParams 1.905 msec.
[18/03/28-16:23:21 144][TRC][Px0a62][Tx0a8b] SetParam | leave.
[18/03/28-16:23:21 145][PRF][Px0a62][Tx0a8b] SetParam 2.596 msec.
[18/03/28-16:23:31 136][TRC][Px0a62][Tx0a8b] SetParam | enter.
[18/03/28-16:23:31 136][DBG][Px0a62][Tx0a8b] szParam: latitude.
[18/03/28-16:23:31 136][DBG][Px0a62][Tx0a8b] szParamValue: 31.83461570739746.
[18/03/28-16:23:31 136][DBG][Px0a62][Tx0a8b] Set Latitude to: 31.83461570739746.
[18/03/28-16:23:31 137][TRC][Px0a62][Tx0a8b] SetParam | leave.
[18/03/28-16:23:31 137][TRC][Px0a62][Tx0a8b] SetParam | enter.
[18/03/28-16:23:31 137][DBG][Px0a62][Tx0a8b] szParam: longitude.
[18/03/28-16:23:31 137][DBG][Px0a62][Tx0a8b] szParamValue: 117.1442642211914.
[18/03/28-16:23:31 137][DBG][Px0a62][Tx0a8b] Set Longitude to: 117.1442642211914.
[18/03/28-16:23:31 137][TRC][Px0a62][Tx0a8b] SetParam | leave.
[18/03/28-16:23:31 138][TRC][Px0a62][Tx0a8b] SetParam | enter.
[18/03/28-16:23:31 138][DBG][Px0a62][Tx0a8b] szParam: city.
[18/03/28-16:23:31 138][DBG][Px0a62][Tx0a8b] szParamValue: 合肥市.
[18/03/28-16:23:31 138][TRC][Px0a62][Tx0a8b] SetAttachParams | enter.
[18/03/28-16:23:31 138][DBG][Px0a62][Tx0a8b] SetAttachParams | szAttachParams : city, szParamValue : 合肥市, nMode : 0
[18/03/28-16:23:31 139][TRC][Px0a62][Tx0a8b] SetParams | enter.
[18/03/28-16:23:31 139][DBG][Px0a62][Tx0a8b] SetParams | params is : {"attachparams":{"nlp_params":{"city":"合肥市","theme":""}}}
[18/03/28-16:23:31 139][TRC][Px0a62][Tx0a8b] SetParams | leave.
[18/03/28-16:23:31 139][TRC][Px0a62][Tx0a8b] SetAttachParams | leave.
[18/03/28-16:23:31 139][PRF][Px0a62][Tx0a8b] SetAttachParams 1.441 msec.
[18/03/28-16:23:31 140][TRC][Px0a62][Tx0a8b] SetParam | leave.
[18/03/28-16:23:31 140][PRF][Px0a62][Tx0a8b] SetParam 2.130 msec.
[18/03/28-16:23:31 140][TRC][Px0a62][Tx0a8b] SetParam | enter.
[18/03/28-16:23:31 140][DBG][Px0a62][Tx0a8b] szParam: attachparams.
[18/03/28-16:23:31 140][DBG][Px0a62][Tx0a8b] szParamValue: {"nlp_params":{"theme":""}}.
[18/03/28-16:23:31 141][TRC][Px0a62][Tx0a8b] SetAttachParams | enter.
[18/03/28-16:23:31 141][TRC][Px0a62][Tx0a8b] SetParams | enter.
[18/03/28-16:23:31 141][DBG][Px0a62][Tx0a8b] SetParams | params is : {"attachparams":{"nlp_params":{"city":"合肥市","theme":""}}}
[18/03/28-16:23:31 142][TRC][Px0a62][Tx0a8b] SetParams | leave.
[18/03/28-16:23:31 142][PRF][Px0a62][Tx0a8b] SetParams 1.442 msec.
[18/03/28-16:23:31 143][TRC][Px0a62][Tx0a8b] SetAttachParams | leave.
[18/03/28-16:23:31 143][PRF][Px0a62][Tx0a8b] SetAttachParams 2.004 msec.
[18/03/28-16:23:31 143][TRC][Px0a62][Tx0a8b] SetParam | leave.
[18/03/28-16:23:31 143][PRF][Px0a62][Tx0a8b] SetParam 2.777 msec.
[18/03/28-16:23:41 130][TRC][Px0a62][Tx0a8b] SetParam | enter.
[18/03/28-16:23:41 130][DBG][Px0a62][Tx0a8b] szParam: latitude.
[18/03/28-16:23:41 130][DBG][Px0a62][Tx0a8b] szParamValue: 31.83461570739746.
[18/03/28-16:23:41 130][DBG][Px0a62][Tx0a8b] Set Latitude to: 31.83461570739746.
[18/03/28-16:23:41 130][TRC][Px0a62][Tx0a8b] SetParam | leave.
[18/03/28-16:23:41 130][TRC][Px0a62][Tx0a8b] SetParam | enter.
[18/03/28-16:23:41 131][DBG][Px0a62][Tx0a8b] szParam: longitude.
[18/03/28-16:23:41 131][DBG][Px0a62][Tx0a8b] szParamValue: 117.1442642211914.
[18/03/28-16:23:41 131][DBG][Px0a62][Tx0a8b] Set Longitude to: 117.1442642211914.
[18/03/28-16:23:41 131][TRC][Px0a62][Tx0a8b] SetParam | leave.
[18/03/28-16:23:41 131][TRC][Px0a62][Tx0a8b] SetParam | enter.
[18/03/28-16:23:41 131][DBG][Px0a62][Tx0a8b] szParam: city.
[18/03/28-16:23:41 131][DBG][Px0a62][Tx0a8b] szParamValue: 合肥市.
[18/03/28-16:23:41 131][TRC][Px0a62][Tx0a8b] SetAttachParams | enter.
[18/03/28-16:23:41 131][DBG][Px0a62][Tx0a8b] SetAttachParams | szAttachParams : city, szParamValue : 合肥市, nMode : 0
[18/03/28-16:23:41 131][TRC][Px0a62][Tx0a8b] SetParams | enter.
[18/03/28-16:23:41 131][DBG][Px0a62][Tx0a8b] SetParams | params is : {"attachparams":{"nlp_params":{"city":"合肥市","theme":""}}}
[18/03/28-16:23:41 132][TRC][Px0a62][Tx0a8b] SetParams | leave.
[18/03/28-16:23:41 132][TRC][Px0a62][Tx0a8b] SetAttachParams | leave.
[18/03/28-16:23:41 132][TRC][Px0a62][Tx0a8b] SetParam | leave.
[18/03/28-16:23:41 132][PRF][Px0a62][Tx0a8b] SetParam 1.037 msec.
[18/03/28-16:23:41 132][TRC][Px0a62][Tx0a8b] SetParam | enter.
[18/03/28-16:23:41 132][DBG][Px0a62][Tx0a8b] szParam: attachparams.
[18/03/28-16:23:41 132][DBG][Px0a62][Tx0a8b] szParamValue: {"nlp_params":{"theme":""}}.
[18/03/28-16:23:41 132][TRC][Px0a62][Tx0a8b] SetAttachParams | enter.
[18/03/28-16:23:41 132][TRC][Px0a62][Tx0a8b] SetParams | enter.
[18/03/28-16:23:41 132][DBG][Px0a62][Tx0a8b] SetParams | params is : {"attachparams":{"nlp_params":{"city":"合肥市","theme":""}}}
[18/03/28-16:23:41 133][TRC][Px0a62][Tx0a8b] SetParams | leave.
[18/03/28-16:23:41 133][TRC][Px0a62][Tx0a8b] SetAttachParams | leave.
[18/03/28-16:23:41 133][TRC][Px0a62][Tx0a8b] SetParam | leave.
[18/03/28-16:23:41 133][PRF][Px0a62][Tx0a8b] SetParam 1.031 msec.
[18/03/28-16:23:51 131][TRC][Px0a62][Tx0a8b] SetParam | enter.
[18/03/28-16:23:51 131][DBG][Px0a62][Tx0a8b] szParam: latitude.
[18/03/28-16:23:51 131][DBG][Px0a62][Tx0a8b] szParamValue: 31.83461570739746.
[18/03/28-16:23:51 131][DBG][Px0a62][Tx0a8b] Set Latitude to: 31.83461570739746.
[18/03/28-16:23:51 131][TRC][Px0a62][Tx0a8b] SetParam | leave.
[18/03/28-16:23:51 131][TRC][Px0a62][Tx0a8b] SetParam | enter.
[18/03/28-16:23:51 131][DBG][Px0a62][Tx0a8b] szParam: longitude.
[18/03/28-16:23:51 131][DBG][Px0a62][Tx0a8b] szParamValue: 117.1442642211914.
[18/03/28-16:23:51 132][DBG][Px0a62][Tx0a8b] Set Longitude to: 117.1442642211914.
[18/03/28-16:23:51 132][TRC][Px0a62][Tx0a8b] SetParam | leave.
[18/03/28-16:23:51 132][TRC][Px0a62][Tx0a8b] SetParam | enter.
[18/03/28-16:23:51 132][DBG][Px0a62][Tx0a8b] szParam: city.
[18/03/28-16:23:51 132][DBG][Px0a62][Tx0a8b] szParamValue: 合肥市.
[18/03/28-16:23:51 132][TRC][Px0a62][Tx0a8b] SetAttachParams | enter.
[18/03/28-16:23:51 132][DBG][Px0a62][Tx0a8b] SetAttachParams | szAttachParams : city, szParamValue : 合肥市, nMode : 0
[18/03/28-16:23:51 132][TRC][Px0a62][Tx0a8b] SetParams | enter.
[18/03/28-16:23:51 132][DBG][Px0a62][Tx0a8b] SetParams | params is : {"attachparams":{"nlp_params":{"city":"合肥市","theme":""}}}
[18/03/28-16:23:51 132][TRC][Px0a62][Tx0a8b] SetParams | leave.
[18/03/28-16:23:51 132][TRC][Px0a62][Tx0a8b] SetAttachParams | leave.
[18/03/28-16:23:51 132][TRC][Px0a62][Tx0a8b] SetParam | leave.
[18/03/28-16:23:51 133][TRC][Px0a62][Tx0a8b] SetParam | enter.
[18/03/28-16:23:51 133][DBG][Px0a62][Tx0a8b] szParam: attachparams.
[18/03/28-16:23:51 133][DBG][Px0a62][Tx0a8b] szParamValue: {"nlp_params":{"theme":""}}.
[18/03/28-16:23:51 133][TRC][Px0a62][Tx0a8b] SetAttachParams | enter.
[18/03/28-16:23:51 133][TRC][Px0a62][Tx0a8b] SetParams | enter.
[18/03/28-16:23:51 133][DBG][Px0a62][Tx0a8b] SetParams | params is : {"attachparams":{"nlp_params":{"city":"合肥市","theme":""}}}
[18/03/28-16:23:51 133][TRC][Px0a62][Tx0a8b] SetParams | leave.
[18/03/28-16:23:51 133][TRC][Px0a62][Tx0a8b] SetAttachParams | leave.
[18/03/28-16:23:51 133][TRC][Px0a62][Tx0a8b] SetParam | leave.
[18/03/28-16:24:01 131][TRC][Px0a62][Tx0a8b] SetParam | enter.
[18/03/28-16:24:01 131][DBG][Px0a62][Tx0a8b] szParam: latitude.
[18/03/28-16:24:01 131][DBG][Px0a62][Tx0a8b] szParamValue: 31.83461570739746.
[18/03/28-16:24:01 131][DBG][Px0a62][Tx0a8b] Set Latitude to: 31.83461570739746.
[18/03/28-16:24:01 131][TRC][Px0a62][Tx0a8b] SetParam | leave.
[18/03/28-16:24:01 131][TRC][Px0a62][Tx0a8b] SetParam | enter.
[18/03/28-16:24:01 131][DBG][Px0a62][Tx0a8b] szParam: longitude.
[18/03/28-16:24:01 131][DBG][Px0a62][Tx0a8b] szParamValue: 117.1442642211914.
[18/03/28-16:24:01 131][DBG][Px0a62][Tx0a8b] Set Longitude to: 117.1442642211914.
[18/03/28-16:24:01 132][TRC][Px0a62][Tx0a8b] SetParam | leave.
[18/03/28-16:24:01 132][TRC][Px0a62][Tx0a8b] SetParam | enter.
[18/03/28-16:24:01 132][DBG][Px0a62][Tx0a8b] szParam: city.
[18/03/28-16:24:01 132][DBG][Px0a62][Tx0a8b] szParamValue: 合肥市.
[18/03/28-16:24:01 132][TRC][Px0a62][Tx0a8b] SetAttachParams | enter.
[18/03/28-16:24:01 132][DBG][Px0a62][Tx0a8b] SetAttachParams | szAttachParams : city, szParamValue : 合肥市, nMode : 0
[18/03/28-16:24:01 132][TRC][Px0a62][Tx0a8b] SetParams | enter.
[18/03/28-16:24:01 132][DBG][Px0a62][Tx0a8b] SetParams | params is : {"attachparams":{"nlp_params":{"city":"合肥市","theme":""}}}
[18/03/28-16:24:01 132][TRC][Px0a62][Tx0a8b] SetParams | leave.
[18/03/28-16:24:01 132][TRC][Px0a62][Tx0a8b] SetAttachParams | leave.
[18/03/28-16:24:01 132][TRC][Px0a62][Tx0a8b] SetParam | leave.
[18/03/28-16:24:01 132][TRC][Px0a62][Tx0a8b] SetParam | enter.
[18/03/28-16:24:01 133][DBG][Px0a62][Tx0a8b] szParam: attachparams.
[18/03/28-16:24:01 133][DBG][Px0a62][Tx0a8b] szParamValue: {"nlp_params":{"theme":""}}.
[18/03/28-16:24:01 133][TRC][Px0a62][Tx0a8b] SetAttachParams | enter.
[18/03/28-16:24:01 133][TRC][Px0a62][Tx0a8b] SetParams | enter.
[18/03/28-16:24:01 133][DBG][Px0a62][Tx0a8b] SetParams | params is : {"attachparams":{"nlp_params":{"city":"合肥市","theme":""}}}
[18/03/28-16:24:01 133][TRC][Px0a62][Tx0a8b] SetParams | leave.
[18/03/28-16:24:01 133][TRC][Px0a62][Tx0a8b] SetAttachParams | leave.
[18/03/28-16:24:01 133][TRC][Px0a62][Tx0a8b] SetParam | leave.
[18/03/28-16:24:11 136][TRC][Px0a62][Tx0a8b] SetParam | enter.
[18/03/28-16:24:11 137][DBG][Px0a62][Tx0a8b] szParam: latitude.
[18/03/28-16:24:11 137][DBG][Px0a62][Tx0a8b] szParamValue: 31.83461570739746.
[18/03/28-16:24:11 137][DBG][Px0a62][Tx0a8b] Set Latitude to: 31.83461570739746.
[18/03/28-16:24:11 137][TRC][Px0a62][Tx0a8b] SetParam | leave.
[18/03/28-16:24:11 137][TRC][Px0a62][Tx0a8b] SetParam | enter.
[18/03/28-16:24:11 137][DBG][Px0a62][Tx0a8b] szParam: longitude.
[18/03/28-16:24:11 138][DBG][Px0a62][Tx0a8b] szParamValue: 117.1442642211914.
[18/03/28-16:24:11 138][DBG][Px0a62][Tx0a8b] Set Longitude to: 117.1442642211914.
[18/03/28-16:24:11 138][TRC][Px0a62][Tx0a8b] SetParam | leave.
[18/03/28-16:24:11 138][TRC][Px0a62][Tx0a8b] SetParam | enter.
[18/03/28-16:24:11 138][DBG][Px0a62][Tx0a8b] szParam: city.
[18/03/28-16:24:11 138][DBG][Px0a62][Tx0a8b] szParamValue: 合肥市.
[18/03/28-16:24:11 139][TRC][Px0a62][Tx0a8b] SetAttachParams | enter.
[18/03/28-16:24:11 139][DBG][Px0a62][Tx0a8b] SetAttachParams | szAttachParams : city, szParamValue : 合肥市, nMode : 0
[18/03/28-16:24:11 139][TRC][Px0a62][Tx0a8b] SetParams | enter.
[18/03/28-16:24:11 139][DBG][Px0a62][Tx0a8b] SetParams | params is : {"attachparams":{"nlp_params":{"city":"合肥市","theme":""}}}
[18/03/28-16:24:11 140][TRC][Px0a62][Tx0a8b] SetParams | leave.
[18/03/28-16:24:11 140][TRC][Px0a62][Tx0a8b] SetAttachParams | leave.
[18/03/28-16:24:11 140][PRF][Px0a62][Tx0a8b] SetAttachParams 1.417 msec.
[18/03/28-16:24:11 140][TRC][Px0a62][Tx0a8b] SetParam | leave.
[18/03/28-16:24:11 140][PRF][Px0a62][Tx0a8b] SetParam 2.131 msec.
[18/03/28-16:24:11 141][TRC][Px0a62][Tx0a8b] SetParam | enter.
[18/03/28-16:24:11 141][DBG][Px0a62][Tx0a8b] szParam: attachparams.
[18/03/28-16:24:11 141][DBG][Px0a62][Tx0a8b] szParamValue: {"nlp_params":{"theme":""}}.
[18/03/28-16:24:11 141][TRC][Px0a62][Tx0a8b] SetAttachParams | enter.
[18/03/28-16:24:11 141][TRC][Px0a62][Tx0a8b] SetParams | enter.
[18/03/28-16:24:11 142][DBG][Px0a62][Tx0a8b] SetParams | params is : {"attachparams":{"nlp_params":{"city":"合肥市","theme":""}}}
[18/03/28-16:24:11 142][TRC][Px0a62][Tx0a8b] SetParams | leave.
[18/03/28-16:24:11 142][TRC][Px0a62][Tx0a8b] SetAttachParams | leave.
[18/03/28-16:24:11 142][PRF][Px0a62][Tx0a8b] SetAttachParams 1.137 msec.
[18/03/28-16:24:11 142][TRC][Px0a62][Tx0a8b] SetParam | leave.
[18/03/28-16:24:11 143][PRF][Px0a62][Tx0a8b] SetParam 1.852 msec.
[18/03/28-16:24:21 130][TRC][Px0a62][Tx0a8b] SetParam | enter.
[18/03/28-16:24:21 130][DBG][Px0a62][Tx0a8b] szParam: latitude.
[18/03/28-16:24:21 130][DBG][Px0a62][Tx0a8b] szParamValue: 31.83461570739746.
[18/03/28-16:24:21 130][DBG][Px0a62][Tx0a8b] Set Latitude to: 31.83461570739746.
[18/03/28-16:24:21 130][TRC][Px0a62][Tx0a8b] SetParam | leave.
[18/03/28-16:24:21 131][TRC][Px0a62][Tx0a8b] SetParam | enter.
[18/03/28-16:24:21 131][DBG][Px0a62][Tx0a8b] szParam: longitude.
[18/03/28-16:24:21 131][DBG][Px0a62][Tx0a8b] szParamValue: 117.1442642211914.
[18/03/28-16:24:21 131][DBG][Px0a62][Tx0a8b] Set Longitude to: 117.1442642211914.
[18/03/28-16:24:21 131][TRC][Px0a62][Tx0a8b] SetParam | leave.
[18/03/28-16:24:21 131][TRC][Px0a62][Tx0a8b] SetParam | enter.
[18/03/28-16:24:21 131][DBG][Px0a62][Tx0a8b] szParam: city.
[18/03/28-16:24:21 131][DBG][Px0a62][Tx0a8b] szParamValue: 合肥市.
[18/03/28-16:24:21 131][TRC][Px0a62][Tx0a8b] SetAttachParams | enter.
[18/03/28-16:24:21 131][DBG][Px0a62][Tx0a8b] SetAttachParams | szAttachParams : city, szParamValue : 合肥市, nMode : 0
[18/03/28-16:24:21 131][TRC][Px0a62][Tx0a8b] SetParams | enter.
[18/03/28-16:24:21 131][DBG][Px0a62][Tx0a8b] SetParams | params is : {"attachparams":{"nlp_params":{"city":"合肥市","theme":""}}}
[18/03/28-16:24:21 131][TRC][Px0a62][Tx0a8b] SetParams | leave.
[18/03/28-16:24:21 131][TRC][Px0a62][Tx0a8b] SetAttachParams | leave.
[18/03/28-16:24:21 132][TRC][Px0a62][Tx0a8b] SetParam | leave.
[18/03/28-16:24:21 132][TRC][Px0a62][Tx0a8b] SetParam | enter.
[18/03/28-16:24:21 132][DBG][Px0a62][Tx0a8b] szParam: attachparams.
[18/03/28-16:24:21 132][DBG][Px0a62][Tx0a8b] szParamValue: {"nlp_params":{"theme":""}}.
[18/03/28-16:24:21 132][TRC][Px0a62][Tx0a8b] SetAttachParams | enter.
[18/03/28-16:24:21 132][TRC][Px0a62][Tx0a8b] SetParams | enter.
[18/03/28-16:24:21 132][DBG][Px0a62][Tx0a8b] SetParams | params is : {"attachparams":{"nlp_params":{"city":"合肥市","theme":""}}}
[18/03/28-16:24:21 132][TRC][Px0a62][Tx0a8b] SetParams | leave.
[18/03/28-16:24:21 132][TRC][Px0a62][Tx0a8b] SetAttachParams | leave.
[18/03/28-16:24:21 132][TRC][Px0a62][Tx0a8b] SetParam | leave.
[18/03/28-16:24:31 135][TRC][Px0a62][Tx0a8b] SetParam | enter.
[18/03/28-16:24:31 135][DBG][Px0a62][Tx0a8b] szParam: latitude.
[18/03/28-16:24:31 136][DBG][Px0a62][Tx0a8b] szParamValue: 31.83461570739746.
[18/03/28-16:24:31 136][DBG][Px0a62][Tx0a8b] Set Latitude to: 31.83461570739746.
[18/03/28-16:24:31 136][TRC][Px0a62][Tx0a8b] SetParam | leave.
[18/03/28-16:24:31 136][PRF][Px0a62][Tx0a8b] SetParam 1.015 msec.
[18/03/28-16:24:31 137][TRC][Px0a62][Tx0a8b] SetParam | enter.
[18/03/28-16:24:31 137][DBG][Px0a62][Tx0a8b] szParam: longitude.
[18/03/28-16:24:31 137][DBG][Px0a62][Tx0a8b] szParamValue: 117.1442642211914.
[18/03/28-16:24:31 137][DBG][Px0a62][Tx0a8b] Set Longitude to: 117.1442642211914.
[18/03/28-16:24:31 137][TRC][Px0a62][Tx0a8b] SetParam | leave.
[18/03/28-16:24:31 137][TRC][Px0a62][Tx0a8b] SetParam | enter.
[18/03/28-16:24:31 137][DBG][Px0a62][Tx0a8b] szParam: city.
[18/03/28-16:24:31 138][DBG][Px0a62][Tx0a8b] szParamValue: 合肥市.
[18/03/28-16:24:31 138][TRC][Px0a62][Tx0a8b] SetAttachParams | enter.
[18/03/28-16:24:31 138][DBG][Px0a62][Tx0a8b] SetAttachParams | szAttachParams : city, szParamValue : 合肥市, nMode : 0
[18/03/28-16:24:31 138][TRC][Px0a62][Tx0a8b] SetParams | enter.
[18/03/28-16:24:31 138][DBG][Px0a62][Tx0a8b] SetParams | params is : {"attachparams":{"nlp_params":{"city":"合肥市","theme":""}}}
[18/03/28-16:24:31 139][TRC][Px0a62][Tx0a8b] SetParams | leave.
[18/03/28-16:24:31 139][TRC][Px0a62][Tx0a8b] SetAttachParams | leave.
[18/03/28-16:24:31 139][PRF][Px0a62][Tx0a8b] SetAttachParams 1.223 msec.
[18/03/28-16:24:31 139][TRC][Px0a62][Tx0a8b] SetParam | leave.
[18/03/28-16:24:31 139][PRF][Px0a62][Tx0a8b] SetParam 1.949 msec.
[18/03/28-16:24:31 140][TRC][Px0a62][Tx0a8b] SetParam | enter.
[18/03/28-16:24:31 140][DBG][Px0a62][Tx0a8b] szParam: attachparams.
[18/03/28-16:24:31 140][DBG][Px0a62][Tx0a8b] szParamValue: {"nlp_params":{"theme":""}}.
[18/03/28-16:24:31 140][TRC][Px0a62][Tx0a8b] SetAttachParams | enter.
[18/03/28-16:24:31 140][TRC][Px0a62][Tx0a8b] SetParams | enter.
[18/03/28-16:24:31 141][DBG][Px0a62][Tx0a8b] SetParams | params is : {"attachparams":{"nlp_params":{"city":"合肥市","theme":""}}}
[18/03/28-16:24:31 141][TRC][Px0a62][Tx0a8b] SetParams | leave.
[18/03/28-16:24:31 141][TRC][Px0a62][Tx0a8b] SetAttachParams | leave.
[18/03/28-16:24:31 141][PRF][Px0a62][Tx0a8b] SetAttachParams 1.104 msec.
[18/03/28-16:24:31 141][TRC][Px0a62][Tx0a8b] SetParam | leave.
[18/03/28-16:24:31 142][PRF][Px0a62][Tx0a8b] SetParam 1.800 msec.
[18/03/28-16:24:41 136][TRC][Px0a62][Tx0a8b] SetParam | enter.
[18/03/28-16:24:41 136][DBG][Px0a62][Tx0a8b] szParam: latitude.
[18/03/28-16:24:41 136][DBG][Px0a62][Tx0a8b] szParamValue: 31.83461570739746.
[18/03/28-16:24:41 136][DBG][Px0a62][Tx0a8b] Set Latitude to: 31.83461570739746.
[18/03/28-16:24:41 137][TRC][Px0a62][Tx0a8b] SetParam | leave.
[18/03/28-16:24:41 137][TRC][Px0a62][Tx0a8b] SetParam | enter.
[18/03/28-16:24:41 137][DBG][Px0a62][Tx0a8b] szParam: longitude.
[18/03/28-16:24:41 137][DBG][Px0a62][Tx0a8b] szParamValue: 117.1442642211914.
[18/03/28-16:24:41 137][DBG][Px0a62][Tx0a8b] Set Longitude to: 117.1442642211914.
[18/03/28-16:24:41 137][TRC][Px0a62][Tx0a8b] SetParam | leave.
[18/03/28-16:24:41 138][TRC][Px0a62][Tx0a8b] SetParam | enter.
[18/03/28-16:24:41 138][DBG][Px0a62][Tx0a8b] szParam: city.
[18/03/28-16:24:41 138][DBG][Px0a62][Tx0a8b] szParamValue: 合肥市.
[18/03/28-16:24:41 138][TRC][Px0a62][Tx0a8b] SetAttachParams | enter.
[18/03/28-16:24:41 140][DBG][Px0a62][Tx0a8b] SetAttachParams | szAttachParams : city, szParamValue : 合肥市, nMode : 0
[18/03/28-16:24:41 140][TRC][Px0a62][Tx0a8b] SetParams | enter.
[18/03/28-16:24:41 141][DBG][Px0a62][Tx0a8b] SetParams | params is : {"attachparams":{"nlp_params":{"city":"合肥市","theme":""}}}
[18/03/28-16:24:41 141][TRC][Px0a62][Tx0a8b] SetParams | leave.
[18/03/28-16:24:41 141][TRC][Px0a62][Tx0a8b] SetAttachParams | leave.
[18/03/28-16:24:41 141][PRF][Px0a62][Tx0a8b] SetAttachParams 3.108 msec.
[18/03/28-16:24:41 141][TRC][Px0a62][Tx0a8b] SetParam | leave.
[18/03/28-16:24:41 142][PRF][Px0a62][Tx0a8b] SetParam 4.296 msec.
[18/03/28-16:24:41 143][TRC][Px0a62][Tx0a8b] SetParam | enter.
[18/03/28-16:24:41 143][DBG][Px0a62][Tx0a8b] szParam: attachparams.
[18/03/28-16:24:41 143][DBG][Px0a62][Tx0a8b] szParamValue: {"nlp_params":{"theme":""}}.
[18/03/28-16:24:41 143][TRC][Px0a62][Tx0a8b] SetAttachParams | enter.
[18/03/28-16:24:41 144][TRC][Px0a62][Tx0a8b] SetParams | enter.
[18/03/28-16:24:41 144][DBG][Px0a62][Tx0a8b] SetParams | params is : {"attachparams":{"nlp_params":{"city":"合肥市","theme":""}}}
[18/03/28-16:24:41 144][TRC][Px0a62][Tx0a8b] SetParams | leave.
[18/03/28-16:24:41 145][TRC][Px0a62][Tx0a8b] SetAttachParams | leave.
[18/03/28-16:24:41 145][PRF][Px0a62][Tx0a8b] SetAttachParams 1.174 msec.
[18/03/28-16:24:41 145][TRC][Px0a62][Tx0a8b] SetParam | leave.
[18/03/28-16:24:41 145][PRF][Px0a62][Tx0a8b] SetParam 1.855 msec.
[18/03/28-16:24:51 135][TRC][Px0a62][Tx0a8b] SetParam | enter.
[18/03/28-16:24:51 135][DBG][Px0a62][Tx0a8b] szParam: latitude.
[18/03/28-16:24:51 136][DBG][Px0a62][Tx0a8b] szParamValue: 31.83461570739746.
[18/03/28-16:24:51 136][DBG][Px0a62][Tx0a8b] Set Latitude to: 31.83461570739746.
[18/03/28-16:24:51 136][TRC][Px0a62][Tx0a8b] SetParam | leave.
[18/03/28-16:24:51 136][PRF][Px0a62][Tx0a8b] SetParam 1.295 msec.
[18/03/28-16:24:51 137][TRC][Px0a62][Tx0a8b] SetParam | enter.
[18/03/28-16:24:51 137][DBG][Px0a62][Tx0a8b] szParam: longitude.
[18/03/28-16:24:51 137][DBG][Px0a62][Tx0a8b] szParamValue: 117.1442642211914.
[18/03/28-16:24:51 137][DBG][Px0a62][Tx0a8b] Set Longitude to: 117.1442642211914.
[18/03/28-16:24:51 137][TRC][Px0a62][Tx0a8b] SetParam | leave.
[18/03/28-16:24:51 137][TRC][Px0a62][Tx0a8b] SetParam | enter.
[18/03/28-16:24:51 138][DBG][Px0a62][Tx0a8b] szParam: city.
[18/03/28-16:24:51 138][DBG][Px0a62][Tx0a8b] szParamValue: 合肥市.
[18/03/28-16:24:51 138][TRC][Px0a62][Tx0a8b] SetAttachParams | enter.
[18/03/28-16:24:51 138][DBG][Px0a62][Tx0a8b] SetAttachParams | szAttachParams : city, szParamValue : 合肥市, nMode : 0
[18/03/28-16:24:51 138][TRC][Px0a62][Tx0a8b] SetParams | enter.
[18/03/28-16:24:51 138][DBG][Px0a62][Tx0a8b] SetParams | params is : {"attachparams":{"nlp_params":{"city":"合肥市","theme":""}}}
[18/03/28-16:24:51 139][TRC][Px0a62][Tx0a8b] SetParams | leave.
[18/03/28-16:24:51 140][PRF][Px0a62][Tx0a8b] SetParams 1.473 msec.
[18/03/28-16:24:51 140][TRC][Px0a62][Tx0a8b] SetAttachParams | leave.
[18/03/28-16:24:51 140][PRF][Px0a62][Tx0a8b] SetAttachParams 2.071 msec.
[18/03/28-16:24:51 140][TRC][Px0a62][Tx0a8b] SetParam | leave.
[18/03/28-16:24:51 140][PRF][Px0a62][Tx0a8b] SetParam 2.721 msec.
[18/03/28-16:24:51 141][TRC][Px0a62][Tx0a8b] SetParam | enter.
[18/03/28-16:24:51 141][DBG][Px0a62][Tx0a8b] szParam: attachparams.
[18/03/28-16:24:51 141][DBG][Px0a62][Tx0a8b] szParamValue: {"nlp_params":{"theme":""}}.
[18/03/28-16:24:51 141][TRC][Px0a62][Tx0a8b] SetAttachParams | enter.
[18/03/28-16:24:51 141][TRC][Px0a62][Tx0a8b] SetParams | enter.
[18/03/28-16:24:51 141][DBG][Px0a62][Tx0a8b] SetParams | params is : {"attachparams":{"nlp_params":{"city":"合肥市","theme":""}}}
[18/03/28-16:24:51 142][TRC][Px0a62][Tx0a8b] SetParams | leave.
[18/03/28-16:24:51 142][TRC][Px0a62][Tx0a8b] SetAttachParams | leave.
[18/03/28-16:24:51 142][PRF][Px0a62][Tx0a8b] SetAttachParams 1.116 msec.
[18/03/28-16:24:51 142][TRC][Px0a62][Tx0a8b] SetParam | leave.
[18/03/28-16:24:51 143][PRF][Px0a62][Tx0a8b] SetParam 1.993 msec.
[18/03/28-16:25:01 136][TRC][Px0a62][Tx0a8b] SetParam | enter.
[18/03/28-16:25:01 136][DBG][Px0a62][Tx0a8b] szParam: latitude.
[18/03/28-16:25:01 136][DBG][Px0a62][Tx0a8b] szParamValue: 31.83461570739746.
[18/03/28-16:25:01 137][DBG][Px0a62][Tx0a8b] Set Latitude to: 31.83461570739746.
[18/03/28-16:25:01 137][TRC][Px0a62][Tx0a8b] SetParam | leave.
[18/03/28-16:25:01 137][TRC][Px0a62][Tx0a8b] SetParam | enter.
[18/03/28-16:25:01 137][DBG][Px0a62][Tx0a8b] szParam: longitude.
[18/03/28-16:25:01 137][DBG][Px0a62][Tx0a8b] szParamValue: 117.1442642211914.
[18/03/28-16:25:01 138][DBG][Px0a62][Tx0a8b] Set Longitude to: 117.1442642211914.
[18/03/28-16:25:01 138][TRC][Px0a62][Tx0a8b] SetParam | leave.
[18/03/28-16:25:01 138][TRC][Px0a62][Tx0a8b] SetParam | enter.
[18/03/28-16:25:01 138][DBG][Px0a62][Tx0a8b] szParam: city.
[18/03/28-16:25:01 138][DBG][Px0a62][Tx0a8b] szParamValue: 合肥市.
[18/03/28-16:25:01 138][TRC][Px0a62][Tx0a8b] SetAttachParams | enter.
[18/03/28-16:25:01 139][DBG][Px0a62][Tx0a8b] SetAttachParams | szAttachParams : city, szParamValue : 合肥市, nMode : 0
[18/03/28-16:25:01 139][TRC][Px0a62][Tx0a8b] SetParams | enter.
[18/03/28-16:25:01 139][DBG][Px0a62][Tx0a8b] SetParams | params is : {"attachparams":{"nlp_params":{"city":"合肥市","theme":""}}}
[18/03/28-16:25:01 140][TRC][Px0a62][Tx0a8b] SetParams | leave.
[18/03/28-16:25:01 140][TRC][Px0a62][Tx0a8b] SetAttachParams | leave.
[18/03/28-16:25:01 140][PRF][Px0a62][Tx0a8b] SetAttachParams 1.652 msec.
[18/03/28-16:25:01 140][TRC][Px0a62][Tx0a8b] SetParam | leave.
[18/03/28-16:25:01 140][PRF][Px0a62][Tx0a8b] SetParam 2.321 msec.
[18/03/28-16:25:01 141][TRC][Px0a62][Tx0a8b] SetParam | enter.
[18/03/28-16:25:01 141][DBG][Px0a62][Tx0a8b] szParam: attachparams.
[18/03/28-16:25:01 141][DBG][Px0a62][Tx0a8b] szParamValue: {"nlp_params":{"theme":""}}.
[18/03/28-16:25:01 141][TRC][Px0a62][Tx0a8b] SetAttachParams | enter.
[18/03/28-16:25:01 142][TRC][Px0a62][Tx0a8b] SetParams | enter.
[18/03/28-16:25:01 142][DBG][Px0a62][Tx0a8b] SetParams | params is : {"attachparams":{"nlp_params":{"city":"合肥市","theme":""}}}
[18/03/28-16:25:01 142][TRC][Px0a62][Tx0a8b] SetParams | leave.
[18/03/28-16:25:01 142][TRC][Px0a62][Tx0a8b] SetAttachParams | leave.
[18/03/28-16:25:01 143][PRF][Px0a62][Tx0a8b] SetAttachParams 1.342 msec.
[18/03/28-16:25:01 143][TRC][Px0a62][Tx0a8b] SetParam | leave.
[18/03/28-16:25:01 143][PRF][Px0a62][Tx0a8b] SetParam 2.269 msec.
[18/03/28-16:25:11 136][TRC][Px0a62][Tx0a8b] SetParam | enter.
[18/03/28-16:25:11 136][DBG][Px0a62][Tx0a8b] szParam: latitude.
[18/03/28-16:25:11 136][DBG][Px0a62][Tx0a8b] szParamValue: 31.83461570739746.
[18/03/28-16:25:11 137][DBG][Px0a62][Tx0a8b] Set Latitude to: 31.83461570739746.
[18/03/28-16:25:11 137][TRC][Px0a62][Tx0a8b] SetParam | leave.
[18/03/28-16:25:11 137][TRC][Px0a62][Tx0a8b] SetParam | enter.
[18/03/28-16:25:11 137][DBG][Px0a62][Tx0a8b] szParam: longitude.
[18/03/28-16:25:11 137][DBG][Px0a62][Tx0a8b] szParamValue: 117.1442642211914.
[18/03/28-16:25:11 138][DBG][Px0a62][Tx0a8b] Set Longitude to: 117.1442642211914.
[18/03/28-16:25:11 138][TRC][Px0a62][Tx0a8b] SetParam | leave.
[18/03/28-16:25:11 138][TRC][Px0a62][Tx0a8b] SetParam | enter.
[18/03/28-16:25:11 138][DBG][Px0a62][Tx0a8b] szParam: city.
[18/03/28-16:25:11 138][DBG][Px0a62][Tx0a8b] szParamValue: 合肥市.
[18/03/28-16:25:11 138][TRC][Px0a62][Tx0a8b] SetAttachParams | enter.
[18/03/28-16:25:11 138][DBG][Px0a62][Tx0a8b] SetAttachParams | szAttachParams : city, szParamValue : 合肥市, nMode : 0
[18/03/28-16:25:11 139][TRC][Px0a62][Tx0a8b] SetParams | enter.
[18/03/28-16:25:11 139][DBG][Px0a62][Tx0a8b] SetParams | params is : {"attachparams":{"nlp_params":{"city":"合肥市","theme":""}}}
[18/03/28-16:25:11 139][TRC][Px0a62][Tx0a8b] SetParams | leave.
[18/03/28-16:25:11 139][TRC][Px0a62][Tx0a8b] SetAttachParams | leave.
[18/03/28-16:25:11 140][PRF][Px0a62][Tx0a8b] SetAttachParams 1.384 msec.
[18/03/28-16:25:11 140][TRC][Px0a62][Tx0a8b] SetParam | leave.
[18/03/28-16:25:11 140][PRF][Px0a62][Tx0a8b] SetParam 2.074 msec.
[18/03/28-16:25:11 140][TRC][Px0a62][Tx0a8b] SetParam | enter.
[18/03/28-16:25:11 141][DBG][Px0a62][Tx0a8b] szParam: attachparams.
[18/03/28-16:25:11 141][DBG][Px0a62][Tx0a8b] szParamValue: {"nlp_params":{"theme":""}}.
[18/03/28-16:25:11 141][TRC][Px0a62][Tx0a8b] SetAttachParams | enter.
[18/03/28-16:25:11 142][TRC][Px0a62][Tx0a8b] SetParams | enter.
[18/03/28-16:25:11 142][DBG][Px0a62][Tx0a8b] SetParams | params is : {"attachparams":{"nlp_params":{"city":"合肥市","theme":""}}}
[18/03/28-16:25:11 143][TRC][Px0a62][Tx0a8b] SetParams | leave.
[18/03/28-16:25:11 143][PRF][Px0a62][Tx0a8b] SetParams 1.124 msec.
[18/03/28-16:25:11 143][TRC][Px0a62][Tx0a8b] SetAttachParams | leave.
[18/03/28-16:25:11 143][PRF][Px0a62][Tx0a8b] SetAttachParams 1.720 msec.
[18/03/28-16:25:11 143][TRC][Px0a62][Tx0a8b] SetParam | leave.
[18/03/28-16:25:11 143][PRF][Px0a62][Tx0a8b] SetParam 2.980 msec.
[18/03/28-16:25:21 141][TRC][Px0a62][Tx0a8b] SetParam | enter.
[18/03/28-16:25:21 141][DBG][Px0a62][Tx0a8b] szParam: latitude.
[18/03/28-16:25:21 141][DBG][Px0a62][Tx0a8b] szParamValue: 31.83461570739746.
[18/03/28-16:25:21 141][DBG][Px0a62][Tx0a8b] Set Latitude to: 31.83461570739746.
[18/03/28-16:25:21 141][TRC][Px0a62][Tx0a8b] SetParam | leave.
[18/03/28-16:25:21 141][TRC][Px0a62][Tx0a8b] SetParam | enter.
[18/03/28-16:25:21 141][DBG][Px0a62][Tx0a8b] szParam: longitude.
[18/03/28-16:25:21 141][DBG][Px0a62][Tx0a8b] szParamValue: 117.1442642211914.
[18/03/28-16:25:21 141][DBG][Px0a62][Tx0a8b] Set Longitude to: 117.1442642211914.
[18/03/28-16:25:21 142][TRC][Px0a62][Tx0a8b] SetParam | leave.
[18/03/28-16:25:21 142][TRC][Px0a62][Tx0a8b] SetParam | enter.
[18/03/28-16:25:21 142][DBG][Px0a62][Tx0a8b] szParam: city.
[18/03/28-16:25:21 142][DBG][Px0a62][Tx0a8b] szParamValue: 合肥市.
[18/03/28-16:25:21 142][TRC][Px0a62][Tx0a8b] SetAttachParams | enter.
[18/03/28-16:25:21 142][DBG][Px0a62][Tx0a8b] SetAttachParams | szAttachParams : city, szParamValue : 合肥市, nMode : 0
[18/03/28-16:25:21 142][TRC][Px0a62][Tx0a8b] SetParams | enter.
[18/03/28-16:25:21 142][DBG][Px0a62][Tx0a8b] SetParams | params is : {"attachparams":{"nlp_params":{"city":"合肥市","theme":""}}}
[18/03/28-16:25:21 142][TRC][Px0a62][Tx0a8b] SetParams | leave.
[18/03/28-16:25:21 142][TRC][Px0a62][Tx0a8b] SetAttachParams | leave.
[18/03/28-16:25:21 142][TRC][Px0a62][Tx0a8b] SetParam | leave.
[18/03/28-16:25:21 142][TRC][Px0a62][Tx0a8b] SetParam | enter.
[18/03/28-16:25:21 143][DBG][Px0a62][Tx0a8b] szParam: attachparams.
[18/03/28-16:25:21 143][DBG][Px0a62][Tx0a8b] szParamValue: {"nlp_params":{"theme":""}}.
[18/03/28-16:25:21 143][TRC][Px0a62][Tx0a8b] SetAttachParams | enter.
[18/03/28-16:25:21 143][TRC][Px0a62][Tx0a8b] SetParams | enter.
[18/03/28-16:25:21 143][DBG][Px0a62][Tx0a8b] SetParams | params is : {"attachparams":{"nlp_params":{"city":"合肥市","theme":""}}}
[18/03/28-16:25:21 143][TRC][Px0a62][Tx0a8b] SetParams | leave.
[18/03/28-16:25:21 143][TRC][Px0a62][Tx0a8b] SetAttachParams | leave.
[18/03/28-16:25:21 143][TRC][Px0a62][Tx0a8b] SetParam | leave.
[18/03/28-16:25:31 136][TRC][Px0a62][Tx0a8b] SetParam | enter.
[18/03/28-16:25:31 136][DBG][Px0a62][Tx0a8b] szParam: latitude.
[18/03/28-16:25:31 137][DBG][Px0a62][Tx0a8b] szParamValue: 31.83461570739746.
[18/03/28-16:25:31 137][DBG][Px0a62][Tx0a8b] Set Latitude to: 31.83461570739746.
[18/03/28-16:25:31 137][TRC][Px0a62][Tx0a8b] SetParam | leave.
[18/03/28-16:25:31 137][PRF][Px0a62][Tx0a8b] SetParam 1.013 msec.
[18/03/28-16:25:31 137][TRC][Px0a62][Tx0a8b] SetParam | enter.
[18/03/28-16:25:31 138][DBG][Px0a62][Tx0a8b] szParam: longitude.
[18/03/28-16:25:31 138][DBG][Px0a62][Tx0a8b] szParamValue: 117.1442642211914.
[18/03/28-16:25:31 138][DBG][Px0a62][Tx0a8b] Set Longitude to: 117.1442642211914.
[18/03/28-16:25:31 138][TRC][Px0a62][Tx0a8b] SetParam | leave.
[18/03/28-16:25:31 138][TRC][Px0a62][Tx0a8b] SetParam | enter.
[18/03/28-16:25:31 138][DBG][Px0a62][Tx0a8b] szParam: city.
[18/03/28-16:25:31 138][DBG][Px0a62][Tx0a8b] szParamValue: 合肥市.
[18/03/28-16:25:31 139][TRC][Px0a62][Tx0a8b] SetAttachParams | enter.
[18/03/28-16:25:31 139][DBG][Px0a62][Tx0a8b] SetAttachParams | szAttachParams : city, szParamValue : 合肥市, nMode : 0
[18/03/28-16:25:31 139][TRC][Px0a62][Tx0a8b] SetParams | enter.
[18/03/28-16:25:31 139][DBG][Px0a62][Tx0a8b] SetParams | params is : {"attachparams":{"nlp_params":{"city":"合肥市","theme":""}}}
[18/03/28-16:25:31 140][TRC][Px0a62][Tx0a8b] SetParams | leave.
[18/03/28-16:25:31 140][PRF][Px0a62][Tx0a8b] SetParams 1.291 msec.
[18/03/28-16:25:31 141][TRC][Px0a62][Tx0a8b] SetAttachParams | leave.
[18/03/28-16:25:31 141][PRF][Px0a62][Tx0a8b] SetAttachParams 2.133 msec.
[18/03/28-16:25:31 141][TRC][Px0a62][Tx0a8b] SetParam | leave.
[18/03/28-16:25:31 141][PRF][Px0a62][Tx0a8b] SetParam 2.829 msec.
[18/03/28-16:25:31 142][TRC][Px0a62][Tx0a8b] SetParam | enter.
[18/03/28-16:25:31 142][DBG][Px0a62][Tx0a8b] szParam: attachparams.
[18/03/28-16:25:31 142][DBG][Px0a62][Tx0a8b] szParamValue: {"nlp_params":{"theme":""}}.
[18/03/28-16:25:31 142][TRC][Px0a62][Tx0a8b] SetAttachParams | enter.
[18/03/28-16:25:31 142][TRC][Px0a62][Tx0a8b] SetParams | enter.
[18/03/28-16:25:31 142][DBG][Px0a62][Tx0a8b] SetParams | params is : {"attachparams":{"nlp_params":{"city":"合肥市","theme":""}}}
[18/03/28-16:25:31 143][TRC][Px0a62][Tx0a8b] SetParams | leave.
[18/03/28-16:25:31 143][TRC][Px0a62][Tx0a8b] SetAttachParams | leave.
[18/03/28-16:25:31 143][PRF][Px0a62][Tx0a8b] SetAttachParams 1.424 msec.
[18/03/28-16:25:31 144][TRC][Px0a62][Tx0a8b] SetParam | leave.
[18/03/28-16:25:31 144][PRF][Px0a62][Tx0a8b] SetParam 2.132 msec.
[18/03/28-16:25:41 136][TRC][Px0a62][Tx0a8b] SetParam | enter.
[18/03/28-16:25:41 136][DBG][Px0a62][Tx0a8b] szParam: latitude.
[18/03/28-16:25:41 136][DBG][Px0a62][Tx0a8b] szParamValue: 31.83461570739746.
[18/03/28-16:25:41 137][DBG][Px0a62][Tx0a8b] Set Latitude to: 31.83461570739746.
[18/03/28-16:25:41 137][TRC][Px0a62][Tx0a8b] SetParam | leave.
[18/03/28-16:25:41 137][TRC][Px0a62][Tx0a8b] SetParam | enter.
[18/03/28-16:25:41 137][DBG][Px0a62][Tx0a8b] szParam: longitude.
[18/03/28-16:25:41 137][DBG][Px0a62][Tx0a8b] szParamValue: 117.1442642211914.
[18/03/28-16:25:41 137][DBG][Px0a62][Tx0a8b] Set Longitude to: 117.1442642211914.
[18/03/28-16:25:41 138][TRC][Px0a62][Tx0a8b] SetParam | leave.
[18/03/28-16:25:41 138][TRC][Px0a62][Tx0a8b] SetParam | enter.
[18/03/28-16:25:41 138][DBG][Px0a62][Tx0a8b] szParam: city.
[18/03/28-16:25:41 138][DBG][Px0a62][Tx0a8b] szParamValue: 合肥市.
[18/03/28-16:25:41 138][TRC][Px0a62][Tx0a8b] SetAttachParams | enter.
[18/03/28-16:25:41 138][DBG][Px0a62][Tx0a8b] SetAttachParams | szAttachParams : city, szParamValue : 合肥市, nMode : 0
[18/03/28-16:25:41 139][TRC][Px0a62][Tx0a8b] SetParams | enter.
[18/03/28-16:25:41 139][DBG][Px0a62][Tx0a8b] SetParams | params is : {"attachparams":{"nlp_params":{"city":"合肥市","theme":""}}}
[18/03/28-16:25:41 139][TRC][Px0a62][Tx0a8b] SetParams | leave.
[18/03/28-16:25:41 139][TRC][Px0a62][Tx0a8b] SetAttachParams | leave.
[18/03/28-16:25:41 140][PRF][Px0a62][Tx0a8b] SetAttachParams 1.222 msec.
[18/03/28-16:25:41 140][TRC][Px0a62][Tx0a8b] SetParam | leave.
[18/03/28-16:25:41 140][PRF][Px0a62][Tx0a8b] SetParam 2.062 msec.
[18/03/28-16:25:41 140][TRC][Px0a62][Tx0a8b] SetParam | enter.
[18/03/28-16:25:41 140][DBG][Px0a62][Tx0a8b] szParam: attachparams.
[18/03/28-16:25:41 141][DBG][Px0a62][Tx0a8b] szParamValue: {"nlp_params":{"theme":""}}.
[18/03/28-16:25:41 141][TRC][Px0a62][Tx0a8b] SetAttachParams | enter.
[18/03/28-16:25:41 141][TRC][Px0a62][Tx0a8b] SetParams | enter.
[18/03/28-16:25:41 141][DBG][Px0a62][Tx0a8b] SetParams | params is : {"attachparams":{"nlp_params":{"city":"合肥市","theme":""}}}
[18/03/28-16:25:41 142][TRC][Px0a62][Tx0a8b] SetParams | leave.
[18/03/28-16:25:41 142][TRC][Px0a62][Tx0a8b] SetAttachParams | leave.
[18/03/28-16:25:41 142][PRF][Px0a62][Tx0a8b] SetAttachParams 1.187 msec.
[18/03/28-16:25:41 142][TRC][Px0a62][Tx0a8b] SetParam | leave.
[18/03/28-16:25:41 143][PRF][Px0a62][Tx0a8b] SetParam 1.889 msec.
[18/03/28-16:25:51 130][TRC][Px0a62][Tx0a8b] SetParam | enter.
[18/03/28-16:25:51 130][DBG][Px0a62][Tx0a8b] szParam: latitude.
[18/03/28-16:25:51 130][DBG][Px0a62][Tx0a8b] szParamValue: 31.83461570739746.
[18/03/28-16:25:51 131][DBG][Px0a62][Tx0a8b] Set Latitude to: 31.83461570739746.
[18/03/28-16:25:51 131][TRC][Px0a62][Tx0a8b] SetParam | leave.
[18/03/28-16:25:51 131][TRC][Px0a62][Tx0a8b] SetParam | enter.
[18/03/28-16:25:51 131][DBG][Px0a62][Tx0a8b] szParam: longitude.
[18/03/28-16:25:51 131][DBG][Px0a62][Tx0a8b] szParamValue: 117.1442642211914.
[18/03/28-16:25:51 131][DBG][Px0a62][Tx0a8b] Set Longitude to: 117.1442642211914.
[18/03/28-16:25:51 131][TRC][Px0a62][Tx0a8b] SetParam | leave.
[18/03/28-16:25:51 131][TRC][Px0a62][Tx0a8b] SetParam | enter.
[18/03/28-16:25:51 131][DBG][Px0a62][Tx0a8b] szParam: city.
[18/03/28-16:25:51 131][DBG][Px0a62][Tx0a8b] szParamValue: 合肥市.
[18/03/28-16:25:51 131][TRC][Px0a62][Tx0a8b] SetAttachParams | enter.
[18/03/28-16:25:51 131][DBG][Px0a62][Tx0a8b] SetAttachParams | szAttachParams : city, szParamValue : 合肥市, nMode : 0
[18/03/28-16:25:51 131][TRC][Px0a62][Tx0a8b] SetParams | enter.
[18/03/28-16:25:51 131][DBG][Px0a62][Tx0a8b] SetParams | params is : {"attachparams":{"nlp_params":{"city":"合肥市","theme":""}}}
[18/03/28-16:25:51 132][TRC][Px0a62][Tx0a8b] SetParams | leave.
[18/03/28-16:25:51 132][TRC][Px0a62][Tx0a8b] SetAttachParams | leave.
[18/03/28-16:25:51 132][TRC][Px0a62][Tx0a8b] SetParam | leave.
[18/03/28-16:25:51 132][TRC][Px0a62][Tx0a8b] SetParam | enter.
[18/03/28-16:25:51 132][DBG][Px0a62][Tx0a8b] szParam: attachparams.
[18/03/28-16:25:51 132][DBG][Px0a62][Tx0a8b] szParamValue: {"nlp_params":{"theme":""}}.
[18/03/28-16:25:51 132][TRC][Px0a62][Tx0a8b] SetAttachParams | enter.
[18/03/28-16:25:51 132][TRC][Px0a62][Tx0a8b] SetParams | enter.
[18/03/28-16:25:51 132][DBG][Px0a62][Tx0a8b] SetParams | params is : {"attachparams":{"nlp_params":{"city":"合肥市","theme":""}}}
[18/03/28-16:25:51 133][TRC][Px0a62][Tx0a8b] SetParams | leave.
[18/03/28-16:25:51 133][TRC][Px0a62][Tx0a8b] SetAttachParams | leave.
[18/03/28-16:25:51 133][TRC][Px0a62][Tx0a8b] SetParam | leave.
